#
# A fatal error has been detected by the Java Runtime Environment:
#
#  EXCEPTION_ACCESS_VIOLATION (0xc0000005) at pc=0x00007ffd2ede8f0c, pid=1640, tid=9652
#
# JRE version: Java(TM) SE Runtime Environment (11.0.3+12) (build 11.0.3+12-LTS)
# Java VM: Java HotSpot(TM) 64-Bit Server VM (11.0.3+12-LTS, mixed mode, tiered, compressed oops, g1 gc, windows-amd64)
# Problematic frame:
# V  [jvm.dll+0x1a8f0c]
#
# No core dump will be written. Minidumps are not enabled by default on client versions of Windows
#
# If you would like to submit a bug report, please visit:
#   http://bugreport.java.com/bugreport/crash.jsp
#

---------------  S U M M A R Y ------------

Command Line: --add-opens=java.base/java.util=ALL-UNNAMED --add-opens=java.base/java.lang=ALL-UNNAMED --add-opens=java.base/java.lang.invoke=ALL-UNNAMED --add-opens=java.prefs/java.util.prefs=ALL-UNNAMED -Xmx1536m -Dfile.encoding=windows-1252 -Duser.country=US -Duser.language=en -Duser.variant org.gradle.launcher.daemon.bootstrap.GradleDaemon 5.1.1

Host: Intel(R) Core(TM) i5-8400 CPU @ 2.80GHz, 6 cores, 15G,  Windows 10 , 64 bit Build 17763 (10.0.17763.475)
Time: Sat Jun 15 21:06:21 2019 Bangladesh Standard Time elapsed time: 11 seconds (0d 0h 0m 11s)

---------------  T H R E A D  ---------------

Current thread (0x0000019830553800):  JavaThread "C2 CompilerThread1" daemon [_thread_in_native, id=9652, stack(0x00000007abf00000,0x00000007ac000000)]


Current CompileTask:
C2:  11703 7314       4       java.lang.invoke.MethodType::makeImpl (108 bytes)

Stack: [0x00000007abf00000,0x00000007ac000000],  sp=0x00000007abffb708,  free space=1005k
Native frames: (J=compiled Java code, j=interpreted, Vv=VM code, C=native code)
V  [jvm.dll+0x1a8f0c]


siginfo: EXCEPTION_ACCESS_VIOLATION (0xc0000005), reading address 0x00007fbd2f62a640


Register to memory mapping:

RIP=0x00007ffd2ede8f0c jvm.dll
RAX=0x00007fbd2f62a694 is an unknown value
RBX=0x000001982fb033a0 points into unknown readable memory: 00 00 00 00 00 00 00 00
RCX=0x000001982fb033d8 points into unknown readable memory: ff fc ff 0f 00 00 00 00
RDX=0x000001982fb0342c points into unknown readable memory: 00 00 00 00
RSP=0x00000007abffb708 is pointing into the stack for thread: 0x0000019830553800
RBP=0x00000007abffbc30 is pointing into the stack for thread: 0x0000019830553800
RSI=0x000001982b95f328 points into unknown readable memory: 80 9b 49 2f fd 7f 00 00
RDI=0x000001982fb033d8 points into unknown readable memory: ff fc ff 0f 00 00 00 00
R8 =0x00007fbd2f62a640 is an unknown value
R9 =0x0 is NULL
R10=0x0 is NULL
R11=0x0 is NULL
R12=0x0000000000000001 is an unknown value
R13=0x0000000000000008 is an unknown value
R14=0x000001983044c9d0 points into unknown readable memory: 70 57 48 2f fd 7f 00 00
R15=0x00007fbd2f62a640 is an unknown value


Registers:
RAX=0x00007fbd2f62a694, RBX=0x000001982fb033a0, RCX=0x000001982fb033d8, RDX=0x000001982fb0342c
RSP=0x00000007abffb708, RBP=0x00000007abffbc30, RSI=0x000001982b95f328, RDI=0x000001982fb033d8
R8 =0x00007fbd2f62a640, R9 =0x0000000000000000, R10=0x0000000000000000, R11=0x0000000000000000
R12=0x0000000000000001, R13=0x0000000000000008, R14=0x000001983044c9d0, R15=0x00007fbd2f62a640
RIP=0x00007ffd2ede8f0c, EFLAGS=0x0000000000010283

Top of Stack: (sp=0x00000007abffb708)
0x00000007abffb708:   00007ffd2edebead 000001982fad11c0
0x00000007abffb718:   00000198000000aa 0000019829c01558
0x00000007abffb728:   0000000000000000 0000017e00000011
0x00000007abffb738:   00007ffd00000002 000001983044c9d0
0x00000007abffb748:   00000007abffb7e0 0000000000000000
0x00000007abffb758:   0000000000000000 000001982fb08390
0x00000007abffb768:   0000019829b351e0 00000000000003d8
0x00000007abffb778:   0000019829b351d0 0000019829b355b8
0x00000007abffb788:   00000007abffbd18 0000000000000000
0x00000007abffb798:   00000007abffb8b0 00000007abffbc30
0x00000007abffb7a8:   00007ffd2ede974b 00000007abffbc30
0x00000007abffb7b8:   00000007abffb801 00000007abffbd01
0x00000007abffb7c8:   00000000ffffffff 00000000deadbe00
0x00000007abffb7d8:   00000007abffbdc0 0000019800000006
0x00000007abffb7e8:   0000019829b351d0 000001982fa7d510
0x00000007abffb7f8:   000001982fb08440 000001982fb08440 

Instructions: (pc=0x00007ffd2ede8f0c)
0x00007ffd2ede8eec:   cc cc cc cc 4c 8b c2 48 8d 51 54 49 8d 40 54 48
0x00007ffd2ede8efc:   3b c8 77 08 45 33 c9 49 3b d0 73 53 f3 0f 6f 01
0x00007ffd2ede8f0c:   f3 41 0f 6f 08 66 0f db c8 f3 0f 7f 09 f3 0f 6f
0x00007ffd2ede8f1c:   41 10 f3 41 0f 6f 48 10 66 0f db c8 f3 0f 7f 49 


Stack slot to memory mapping:
stack at sp + 0 slots: 0x00007ffd2edebead jvm.dll
stack at sp + 1 slots: 0x000001982fad11c0 points into unknown readable memory: 00 00 00 00 00 00 00 00
stack at sp + 2 slots: 0x00000198000000aa is an unknown value
stack at sp + 3 slots: 0x0000019829c01558 points into unknown readable memory: 00 00 00 00 00 00 00 00
stack at sp + 4 slots: 0x0 is NULL
stack at sp + 5 slots: 0x0000017e00000011 is an unknown value
stack at sp + 6 slots: 0x00007ffd00000002 is an unknown value
stack at sp + 7 slots: 0x000001983044c9d0 points into unknown readable memory: 70 57 48 2f fd 7f 00 00


---------------  P R O C E S S  ---------------

Threads class SMR info:
_java_thread_list=0x000001982b336610, length=38, elements={
0x000001980bae3000, 0x000001982908a800, 0x000001982908c000, 0x0000019829904800,
0x0000019829905000, 0x0000019829908000, 0x000001982990b800, 0x0000019829932000,
0x0000019829a8b800, 0x0000019829aa7800, 0x000001982a840800, 0x0000019829bfd800,
0x000001982b7d7000, 0x000001982b0b3000, 0x000001982b2ce800, 0x000001982bb56800,
0x000001982bb53000, 0x000001982bb55800, 0x000001982bb54000, 0x000001982e266000,
0x000001982e262800, 0x000001982e25e800, 0x000001982e25f800, 0x000001982e264000,
0x000001982e261800, 0x000001982e263800, 0x000001982e265000, 0x000001982e260000,
0x000001982e266800, 0x000001982e261000, 0x000001982e26a800, 0x000001982e26d000,
0x000001982e26b800, 0x000001982e267800, 0x0000019830553800, 0x000001982e268800,
0x000001982e26c800, 0x000001982e269000
}

Java Threads: ( => current thread )
  0x000001980bae3000 JavaThread "main" [_thread_blocked, id=7100, stack(0x00000007a9100000,0x00000007a9200000)]
  0x000001982908a800 JavaThread "Reference Handler" daemon [_thread_blocked, id=9096, stack(0x00000007a9800000,0x00000007a9900000)]
  0x000001982908c000 JavaThread "Finalizer" daemon [_thread_blocked, id=2944, stack(0x00000007a9900000,0x00000007a9a00000)]
  0x0000019829904800 JavaThread "Signal Dispatcher" daemon [_thread_blocked, id=8924, stack(0x00000007a9a00000,0x00000007a9b00000)]
  0x0000019829905000 JavaThread "Attach Listener" daemon [_thread_blocked, id=9728, stack(0x00000007a9b00000,0x00000007a9c00000)]
  0x0000019829908000 JavaThread "C2 CompilerThread0" daemon [_thread_in_vm, id=9404, stack(0x00000007a9c00000,0x00000007a9d00000)]
  0x000001982990b800 JavaThread "C1 CompilerThread0" daemon [_thread_blocked, id=7028, stack(0x00000007a9d00000,0x00000007a9e00000)]
  0x0000019829932000 JavaThread "Sweeper thread" daemon [_thread_blocked, id=3596, stack(0x00000007a9e00000,0x00000007a9f00000)]
  0x0000019829a8b800 JavaThread "Common-Cleaner" daemon [_thread_blocked, id=4028, stack(0x00000007a9f00000,0x00000007aa000000)]
  0x0000019829aa7800 JavaThread "Service Thread" daemon [_thread_blocked, id=2704, stack(0x00000007aa000000,0x00000007aa100000)]
  0x000001982a840800 JavaThread "Daemon health stats" [_thread_blocked, id=1468, stack(0x00000007aa700000,0x00000007aa800000)]
  0x0000019829bfd800 JavaThread "Incoming local TCP Connector on port 51616" [_thread_in_native, id=6308, stack(0x00000007aa200000,0x00000007aa300000)]
  0x000001982b7d7000 JavaThread "Daemon periodic checks" [_thread_blocked, id=9136, stack(0x00000007aa800000,0x00000007aa900000)]
  0x000001982b0b3000 JavaThread "Daemon" [_thread_blocked, id=5000, stack(0x00000007aa900000,0x00000007aaa00000)]
  0x000001982b2ce800 JavaThread "Daemon worker" [_thread_in_vm, id=9668, stack(0x00000007aac00000,0x00000007aad00000)]
  0x000001982bb56800 JavaThread "Cache worker for file hash cache (C:\Users\Rizwan\.gradle\caches\5.1.1\fileHashes)" [_thread_blocked, id=3220, stack(0x00000007ab000000,0x00000007ab100000)]
  0x000001982bb53000 JavaThread "File lock request listener" [_thread_in_native, id=7736, stack(0x00000007ab100000,0x00000007ab200000)]
  0x000001982bb55800 JavaThread "Cache worker for journal cache (C:\Users\Rizwan\.gradle\caches\journal-1)" [_thread_blocked, id=2732, stack(0x00000007ab200000,0x00000007ab300000)]
  0x000001982bb54000 JavaThread "Cache worker for execution history cache (C:\Users\Rizwan\.gradle\caches\5.1.1\executionHistory)" [_thread_blocked, id=5144, stack(0x00000007ab900000,0x00000007aba00000)]
  0x000001982e266000 JavaThread "Memory manager" [_thread_blocked, id=9980, stack(0x00000007ac100000,0x00000007ac200000)]
  0x000001982e262800 JavaThread "Handler for socket connection from /127.0.0.1:51616 to /127.0.0.1:51645" [_thread_in_native, id=9564, stack(0x00000007aaa00000,0x00000007aab00000)]
  0x000001982e25e800 JavaThread "Cancel handler" [_thread_blocked, id=8348, stack(0x00000007aab00000,0x00000007aac00000)]
  0x000001982e25f800 JavaThread "Asynchronous log dispatcher for DefaultDaemonConnection: socket connection from /127.0.0.1:51616 to /127.0.0.1:51645" [_thread_blocked, id=8864, stack(0x00000007aad00000,0x00000007aae00000)]
  0x000001982e264000 JavaThread "Stdin handler" [_thread_blocked, id=2060, stack(0x00000007aae00000,0x00000007aaf00000)]
  0x000001982e261800 JavaThread "Thread-33" [_thread_blocked, id=4076, stack(0x00000007aaf00000,0x00000007ab000000)]
  0x000001982e263800 JavaThread "Cache worker for file hash cache (C:\Users\Rizwan\IdeaProjects\CGPACalculator\.gradle\5.1.1\fileHashes)" [_thread_blocked, id=9660, stack(0x00000007ab300000,0x00000007ab400000)]
  0x000001982e265000 JavaThread "Cache worker for cache directory md-supplier (C:\Users\Rizwan\.gradle\caches\5.1.1\md-supplier)" [_thread_blocked, id=10016, stack(0x00000007ab400000,0x00000007ab500000)]
  0x000001982e260000 JavaThread "Cache worker for cache directory md-rule (C:\Users\Rizwan\.gradle\caches\5.1.1\md-rule)" [_thread_blocked, id=10232, stack(0x00000007ab700000,0x00000007ab800000)]
  0x000001982e266800 JavaThread "Build operations" [_thread_blocked, id=1548, stack(0x00000007ab800000,0x00000007ab900000)]
  0x000001982e261000 JavaThread "Build operations Thread 2" [_thread_blocked, id=9396, stack(0x00000007aba00000,0x00000007abb00000)]
  0x000001982e26a800 JavaThread "Build operations Thread 3" [_thread_blocked, id=6940, stack(0x00000007abb00000,0x00000007abc00000)]
  0x000001982e26d000 JavaThread "Build operations Thread 4" [_thread_blocked, id=6656, stack(0x00000007abc00000,0x00000007abd00000)]
  0x000001982e26b800 JavaThread "Build operations Thread 5" [_thread_blocked, id=5720, stack(0x00000007abd00000,0x00000007abe00000)]
  0x000001982e267800 JavaThread "Build operations Thread 6" [_thread_blocked, id=6988, stack(0x00000007abe00000,0x00000007abf00000)]
=>0x0000019830553800 JavaThread "C2 CompilerThread1" daemon [_thread_in_native, id=9652, stack(0x00000007abf00000,0x00000007ac000000)]
  0x000001982e268800 JavaThread "Cache worker for Build Output Cleanup Cache (C:\Users\Rizwan\IdeaProjects\CGPACalculator\.gradle\buildOutputCleanup)" [_thread_blocked, id=9812, stack(0x00000007ac000000,0x00000007ac100000)]
  0x000001982e26c800 JavaThread "Cache worker for file content cache (C:\Users\Rizwan\.gradle\caches\5.1.1\fileContent)" [_thread_blocked, id=1116, stack(0x00000007ac200000,0x00000007ac300000)]
  0x000001982e269000 JavaThread "Cache worker for file content cache (C:\Users\Rizwan\IdeaProjects\CGPACalculator\.gradle\5.1.1\fileContent)" [_thread_blocked, id=5928, stack(0x00000007ac300000,0x00000007ac400000)]

Other Threads:
  0x0000019829077800 VMThread "VM Thread" [stack: 0x00000007a9700000,0x00000007a9800000] [id=4608]
  0x0000019829ab9800 WatcherThread [stack: 0x00000007aa100000,0x00000007aa200000] [id=756]
  0x000001980bafc000 GCTaskThread "GC Thread#0" [stack: 0x00000007a9200000,0x00000007a9300000] [id=4712]
  0x000001982a4da000 GCTaskThread "GC Thread#1" [stack: 0x00000007aa300000,0x00000007aa400000] [id=9816]
  0x000001982a604800 GCTaskThread "GC Thread#2" [stack: 0x00000007aa400000,0x00000007aa500000] [id=1600]
  0x000001982a3cf800 GCTaskThread "GC Thread#3" [stack: 0x00000007aa500000,0x00000007aa600000] [id=7988]
  0x000001982a864800 GCTaskThread "GC Thread#4" [stack: 0x00000007aa600000,0x00000007aa700000] [id=9904]
  0x000001982bd8c800 GCTaskThread "GC Thread#5" [stack: 0x00000007ab500000,0x00000007ab600000] [id=3764]
  0x000001980bb23000 ConcurrentGCThread "G1 Main Marker" [stack: 0x00000007a9300000,0x00000007a9400000] [id=9272]
  0x000001980bb24800 ConcurrentGCThread "G1 Conc#0" [stack: 0x00000007a9400000,0x00000007a9500000] [id=9796]
  0x000001982bc15800 ConcurrentGCThread "G1 Conc#1" [stack: 0x00000007ab600000,0x00000007ab700000] [id=10100]
  0x000001980bbbe800 ConcurrentGCThread "G1 Refine#0" [stack: 0x00000007a9500000,0x00000007a9600000] [id=9188]
  0x0000019828ee3800 ConcurrentGCThread "G1 Young RemSet Sampling" [stack: 0x00000007a9600000,0x00000007a9700000] [id=8776]

Threads with active compile tasks:
C2 CompilerThread07678       4       com.google.common.collect.RegularImmutableMap::get (18 bytes)
C1 CompilerThread07682       3       org.gradle.api.internal.attributes.DefaultImmutableAttributes::<init> (214 bytes)
C2 CompilerThread17314       4       java.lang.invoke.MethodType::makeImpl (108 bytes)

VM state:not at safepoint (normal execution)

VM Mutex/Monitor currently owned by a thread: None

Heap address: 0x00000000a0000000, size: 1536 MB, Compressed Oops mode: 32-bit
Narrow klass base: 0x0000000000000000, Narrow klass shift: 3
Compressed class space size: 1073741824 Address: 0x0000000100000000

Heap:
 garbage-first heap   total 247808K, used 103090K [0x00000000a0000000, 0x0000000100000000)
  region size 1024K, 68 young (69632K), 15 survivors (15360K)
 Metaspace       used 74005K, capacity 75594K, committed 75904K, reserved 1116160K
  class space    used 9244K, capacity 9783K, committed 9856K, reserved 1048576K
Heap Regions: E=young(eden), S=young(survivor), O=old, HS=humongous(starts), HC=humongous(continues), CS=collection set, F=free, A=archive, TAMS=top-at-mark-start (previous, next)
|   0|0x00000000a0000000, 0x00000000a0100000, 0x00000000a0100000|100%|HS|  |TAMS 0x00000000a0100000, 0x00000000a0000000| Complete 
|   1|0x00000000a0100000, 0x00000000a0200000, 0x00000000a0200000|100%|HS|  |TAMS 0x00000000a0200000, 0x00000000a0100000| Complete 
|   2|0x00000000a0200000, 0x00000000a0300000, 0x00000000a0300000|100%|HC|  |TAMS 0x00000000a0300000, 0x00000000a0200000| Complete 
|   3|0x00000000a0300000, 0x00000000a0400000, 0x00000000a0400000|100%| O|  |TAMS 0x00000000a0400000, 0x00000000a0300000| Untracked 
|   4|0x00000000a0400000, 0x00000000a0500000, 0x00000000a0500000|100%| O|  |TAMS 0x00000000a0500000, 0x00000000a0400000| Untracked 
|   5|0x00000000a0500000, 0x00000000a0600000, 0x00000000a0600000|100%| O|  |TAMS 0x00000000a0600000, 0x00000000a0500000| Untracked 
|   6|0x00000000a0600000, 0x00000000a0700000, 0x00000000a0700000|100%| O|  |TAMS 0x00000000a0700000, 0x00000000a0600000| Untracked 
|   7|0x00000000a0700000, 0x00000000a0800000, 0x00000000a0800000|100%| O|  |TAMS 0x00000000a0800000, 0x00000000a0700000| Untracked 
|   8|0x00000000a0800000, 0x00000000a0900000, 0x00000000a0900000|100%| O|  |TAMS 0x00000000a0900000, 0x00000000a0800000| Untracked 
|   9|0x00000000a0900000, 0x00000000a0a00000, 0x00000000a0a00000|100%| O|  |TAMS 0x00000000a0a00000, 0x00000000a0900000| Untracked 
|  10|0x00000000a0a00000, 0x00000000a0b00000, 0x00000000a0b00000|100%| O|  |TAMS 0x00000000a0b00000, 0x00000000a0a00000| Untracked 
|  11|0x00000000a0b00000, 0x00000000a0c00000, 0x00000000a0c00000|100%| O|  |TAMS 0x00000000a0c00000, 0x00000000a0b00000| Untracked 
|  12|0x00000000a0c00000, 0x00000000a0d00000, 0x00000000a0d00000|100%| O|  |TAMS 0x00000000a0d00000, 0x00000000a0c00000| Untracked 
|  13|0x00000000a0d00000, 0x00000000a0e00000, 0x00000000a0e00000|100%| O|  |TAMS 0x00000000a0e00000, 0x00000000a0d00000| Untracked 
|  14|0x00000000a0e00000, 0x00000000a0f00000, 0x00000000a0f00000|100%| O|  |TAMS 0x00000000a0f00000, 0x00000000a0e00000| Untracked 
|  15|0x00000000a0f00000, 0x00000000a1000000, 0x00000000a1000000|100%|HS|  |TAMS 0x00000000a1000000, 0x00000000a0f00000| Complete 
|  16|0x00000000a1000000, 0x00000000a1100000, 0x00000000a1100000|100%|HC|  |TAMS 0x00000000a1100000, 0x00000000a1000000| Complete 
|  17|0x00000000a1100000, 0x00000000a1200000, 0x00000000a1200000|100%|HC|  |TAMS 0x00000000a1200000, 0x00000000a1100000| Complete 
|  18|0x00000000a1200000, 0x00000000a1300000, 0x00000000a1300000|100%|HS|  |TAMS 0x00000000a1300000, 0x00000000a1200000| Complete 
|  19|0x00000000a1300000, 0x00000000a1400000, 0x00000000a1400000|100%|HC|  |TAMS 0x00000000a1400000, 0x00000000a1300000| Complete 
|  20|0x00000000a1400000, 0x00000000a1500000, 0x00000000a1500000|100%|HS|  |TAMS 0x00000000a1500000, 0x00000000a1400000| Complete 
|  21|0x00000000a1500000, 0x00000000a1600000, 0x00000000a1600000|100%|HC|  |TAMS 0x00000000a1600000, 0x00000000a1500000| Complete 
|  22|0x00000000a1600000, 0x00000000a1600000, 0x00000000a1700000|  0%| F|  |TAMS 0x00000000a1600000, 0x00000000a1600000| Untracked 
|  23|0x00000000a1700000, 0x00000000a1800000, 0x00000000a1800000|100%| O|  |TAMS 0x00000000a1800000, 0x00000000a1700000| Untracked 
|  24|0x00000000a1800000, 0x00000000a1900000, 0x00000000a1900000|100%| O|  |TAMS 0x00000000a1900000, 0x00000000a1800000| Untracked 
|  25|0x00000000a1900000, 0x00000000a1a00000, 0x00000000a1a00000|100%| O|  |TAMS 0x00000000a1a00000, 0x00000000a1900000| Untracked 
|  26|0x00000000a1a00000, 0x00000000a1b00000, 0x00000000a1b00000|100%| O|  |TAMS 0x00000000a1b00000, 0x00000000a1a00000| Untracked 
|  27|0x00000000a1b00000, 0x00000000a1c00000, 0x00000000a1c00000|100%| O|  |TAMS 0x00000000a1c00000, 0x00000000a1b00000| Untracked 
|  28|0x00000000a1c00000, 0x00000000a1d00000, 0x00000000a1d00000|100%| O|  |TAMS 0x00000000a1d00000, 0x00000000a1c00000| Untracked 
|  29|0x00000000a1d00000, 0x00000000a1e00000, 0x00000000a1e00000|100%| O|  |TAMS 0x00000000a1e00000, 0x00000000a1d00000| Untracked 
|  30|0x00000000a1e00000, 0x00000000a1f00000, 0x00000000a1f00000|100%| O|  |TAMS 0x00000000a1f00000, 0x00000000a1e00000| Untracked 
|  31|0x00000000a1f00000, 0x00000000a2000000, 0x00000000a2000000|100%| O|  |TAMS 0x00000000a2000000, 0x00000000a1f00000| Untracked 
|  32|0x00000000a2000000, 0x00000000a2100000, 0x00000000a2100000|100%| O|  |TAMS 0x00000000a2100000, 0x00000000a2000000| Untracked 
|  33|0x00000000a2100000, 0x00000000a2200000, 0x00000000a2200000|100%| O|  |TAMS 0x00000000a2200000, 0x00000000a2100000| Untracked 
|  34|0x00000000a2200000, 0x00000000a2300000, 0x00000000a2300000|100%| O|  |TAMS 0x00000000a2300000, 0x00000000a2200000| Untracked 
|  35|0x00000000a2300000, 0x00000000a2400000, 0x00000000a2400000|100%| O|  |TAMS 0x00000000a2400000, 0x00000000a2300000| Untracked 
|  36|0x00000000a2400000, 0x00000000a2469200, 0x00000000a2500000| 41%| O|  |TAMS 0x00000000a2469200, 0x00000000a2400000| Untracked 
|  37|0x00000000a2500000, 0x00000000a2500000, 0x00000000a2600000|  0%| F|  |TAMS 0x00000000a2500000, 0x00000000a2500000| Untracked 
|  38|0x00000000a2600000, 0x00000000a2600000, 0x00000000a2700000|  0%| F|  |TAMS 0x00000000a2600000, 0x00000000a2600000| Untracked 
|  39|0x00000000a2700000, 0x00000000a2700000, 0x00000000a2800000|  0%| F|  |TAMS 0x00000000a2700000, 0x00000000a2700000| Untracked 
|  40|0x00000000a2800000, 0x00000000a2800000, 0x00000000a2900000|  0%| F|  |TAMS 0x00000000a2800000, 0x00000000a2800000| Untracked 
|  41|0x00000000a2900000, 0x00000000a2900000, 0x00000000a2a00000|  0%| F|  |TAMS 0x00000000a2900000, 0x00000000a2900000| Untracked 
|  42|0x00000000a2a00000, 0x00000000a2a00000, 0x00000000a2b00000|  0%| F|  |TAMS 0x00000000a2a00000, 0x00000000a2a00000| Untracked 
|  43|0x00000000a2b00000, 0x00000000a2b00000, 0x00000000a2c00000|  0%| F|  |TAMS 0x00000000a2b00000, 0x00000000a2b00000| Untracked 
|  44|0x00000000a2c00000, 0x00000000a2c00000, 0x00000000a2d00000|  0%| F|  |TAMS 0x00000000a2c00000, 0x00000000a2c00000| Untracked 
|  45|0x00000000a2d00000, 0x00000000a2d00000, 0x00000000a2e00000|  0%| F|  |TAMS 0x00000000a2d00000, 0x00000000a2d00000| Untracked 
|  46|0x00000000a2e00000, 0x00000000a2e00000, 0x00000000a2f00000|  0%| F|  |TAMS 0x00000000a2e00000, 0x00000000a2e00000| Untracked 
|  47|0x00000000a2f00000, 0x00000000a2f00000, 0x00000000a3000000|  0%| F|  |TAMS 0x00000000a2f00000, 0x00000000a2f00000| Untracked 
|  48|0x00000000a3000000, 0x00000000a3000000, 0x00000000a3100000|  0%| F|  |TAMS 0x00000000a3000000, 0x00000000a3000000| Untracked 
|  49|0x00000000a3100000, 0x00000000a3100000, 0x00000000a3200000|  0%| F|  |TAMS 0x00000000a3100000, 0x00000000a3100000| Untracked 
|  50|0x00000000a3200000, 0x00000000a3200000, 0x00000000a3300000|  0%| F|  |TAMS 0x00000000a3200000, 0x00000000a3200000| Untracked 
|  51|0x00000000a3300000, 0x00000000a3300000, 0x00000000a3400000|  0%| F|  |TAMS 0x00000000a3300000, 0x00000000a3300000| Untracked 
|  52|0x00000000a3400000, 0x00000000a3400000, 0x00000000a3500000|  0%| F|  |TAMS 0x00000000a3400000, 0x00000000a3400000| Untracked 
|  53|0x00000000a3500000, 0x00000000a3500000, 0x00000000a3600000|  0%| F|  |TAMS 0x00000000a3500000, 0x00000000a3500000| Untracked 
|  54|0x00000000a3600000, 0x00000000a3600000, 0x00000000a3700000|  0%| F|  |TAMS 0x00000000a3600000, 0x00000000a3600000| Untracked 
|  55|0x00000000a3700000, 0x00000000a3700000, 0x00000000a3800000|  0%| F|  |TAMS 0x00000000a3700000, 0x00000000a3700000| Untracked 
|  56|0x00000000a3800000, 0x00000000a3800000, 0x00000000a3900000|  0%| F|  |TAMS 0x00000000a3800000, 0x00000000a3800000| Untracked 
|  57|0x00000000a3900000, 0x00000000a3900000, 0x00000000a3a00000|  0%| F|  |TAMS 0x00000000a3900000, 0x00000000a3900000| Untracked 
|  58|0x00000000a3a00000, 0x00000000a3a00000, 0x00000000a3b00000|  0%| F|  |TAMS 0x00000000a3a00000, 0x00000000a3a00000| Untracked 
|  59|0x00000000a3b00000, 0x00000000a3b00000, 0x00000000a3c00000|  0%| F|  |TAMS 0x00000000a3b00000, 0x00000000a3b00000| Untracked 
|  60|0x00000000a3c00000, 0x00000000a3c00000, 0x00000000a3d00000|  0%| F|  |TAMS 0x00000000a3c00000, 0x00000000a3c00000| Untracked 
|  61|0x00000000a3d00000, 0x00000000a3d00000, 0x00000000a3e00000|  0%| F|  |TAMS 0x00000000a3d00000, 0x00000000a3d00000| Untracked 
|  62|0x00000000a3e00000, 0x00000000a3e00000, 0x00000000a3f00000|  0%| F|  |TAMS 0x00000000a3e00000, 0x00000000a3e00000| Untracked 
|  63|0x00000000a3f00000, 0x00000000a3f00000, 0x00000000a4000000|  0%| F|  |TAMS 0x00000000a3f00000, 0x00000000a3f00000| Untracked 
|  64|0x00000000a4000000, 0x00000000a4000000, 0x00000000a4100000|  0%| F|  |TAMS 0x00000000a4000000, 0x00000000a4000000| Untracked 
|  65|0x00000000a4100000, 0x00000000a4100000, 0x00000000a4200000|  0%| F|  |TAMS 0x00000000a4100000, 0x00000000a4100000| Untracked 
|  66|0x00000000a4200000, 0x00000000a4200000, 0x00000000a4300000|  0%| F|  |TAMS 0x00000000a4200000, 0x00000000a4200000| Untracked 
|  67|0x00000000a4300000, 0x00000000a4300000, 0x00000000a4400000|  0%| F|  |TAMS 0x00000000a4300000, 0x00000000a4300000| Untracked 
|  68|0x00000000a4400000, 0x00000000a4400000, 0x00000000a4500000|  0%| F|  |TAMS 0x00000000a4400000, 0x00000000a4400000| Untracked 
|  69|0x00000000a4500000, 0x00000000a4500000, 0x00000000a4600000|  0%| F|  |TAMS 0x00000000a4500000, 0x00000000a4500000| Untracked 
|  70|0x00000000a4600000, 0x00000000a4600000, 0x00000000a4700000|  0%| F|  |TAMS 0x00000000a4600000, 0x00000000a4600000| Untracked 
|  71|0x00000000a4700000, 0x00000000a4700000, 0x00000000a4800000|  0%| F|  |TAMS 0x00000000a4700000, 0x00000000a4700000| Untracked 
|  72|0x00000000a4800000, 0x00000000a4800000, 0x00000000a4900000|  0%| F|  |TAMS 0x00000000a4800000, 0x00000000a4800000| Untracked 
|  73|0x00000000a4900000, 0x00000000a4900000, 0x00000000a4a00000|  0%| F|  |TAMS 0x00000000a4900000, 0x00000000a4900000| Untracked 
|  74|0x00000000a4a00000, 0x00000000a4a00000, 0x00000000a4b00000|  0%| F|  |TAMS 0x00000000a4a00000, 0x00000000a4a00000| Untracked 
|  75|0x00000000a4b00000, 0x00000000a4b00000, 0x00000000a4c00000|  0%| F|  |TAMS 0x00000000a4b00000, 0x00000000a4b00000| Untracked 
|  76|0x00000000a4c00000, 0x00000000a4c00000, 0x00000000a4d00000|  0%| F|  |TAMS 0x00000000a4c00000, 0x00000000a4c00000| Untracked 
|  77|0x00000000a4d00000, 0x00000000a4d00000, 0x00000000a4e00000|  0%| F|  |TAMS 0x00000000a4d00000, 0x00000000a4d00000| Untracked 
|  78|0x00000000a4e00000, 0x00000000a4e00000, 0x00000000a4f00000|  0%| F|  |TAMS 0x00000000a4e00000, 0x00000000a4e00000| Untracked 
|  79|0x00000000a4f00000, 0x00000000a4f00000, 0x00000000a5000000|  0%| F|  |TAMS 0x00000000a4f00000, 0x00000000a4f00000| Untracked 
|  80|0x00000000a5000000, 0x00000000a5000000, 0x00000000a5100000|  0%| F|  |TAMS 0x00000000a5000000, 0x00000000a5000000| Untracked 
|  81|0x00000000a5100000, 0x00000000a5100000, 0x00000000a5200000|  0%| F|  |TAMS 0x00000000a5100000, 0x00000000a5100000| Untracked 
|  82|0x00000000a5200000, 0x00000000a5200000, 0x00000000a5300000|  0%| F|  |TAMS 0x00000000a5200000, 0x00000000a5200000| Untracked 
|  83|0x00000000a5300000, 0x00000000a5300000, 0x00000000a5400000|  0%| F|  |TAMS 0x00000000a5300000, 0x00000000a5300000| Untracked 
|  84|0x00000000a5400000, 0x00000000a5400000, 0x00000000a5500000|  0%| F|  |TAMS 0x00000000a5400000, 0x00000000a5400000| Untracked 
|  85|0x00000000a5500000, 0x00000000a5500000, 0x00000000a5600000|  0%| F|  |TAMS 0x00000000a5500000, 0x00000000a5500000| Untracked 
|  86|0x00000000a5600000, 0x00000000a5600000, 0x00000000a5700000|  0%| F|  |TAMS 0x00000000a5600000, 0x00000000a5600000| Untracked 
|  87|0x00000000a5700000, 0x00000000a5700000, 0x00000000a5800000|  0%| F|  |TAMS 0x00000000a5700000, 0x00000000a5700000| Untracked 
|  88|0x00000000a5800000, 0x00000000a5800000, 0x00000000a5900000|  0%| F|  |TAMS 0x00000000a5800000, 0x00000000a5800000| Untracked 
|  89|0x00000000a5900000, 0x00000000a5900000, 0x00000000a5a00000|  0%| F|  |TAMS 0x00000000a5900000, 0x00000000a5900000| Untracked 
|  90|0x00000000a5a00000, 0x00000000a5a00000, 0x00000000a5b00000|  0%| F|  |TAMS 0x00000000a5a00000, 0x00000000a5a00000| Untracked 
|  91|0x00000000a5b00000, 0x00000000a5b00000, 0x00000000a5c00000|  0%| F|  |TAMS 0x00000000a5b00000, 0x00000000a5b00000| Untracked 
|  92|0x00000000a5c00000, 0x00000000a5c00000, 0x00000000a5d00000|  0%| F|  |TAMS 0x00000000a5c00000, 0x00000000a5c00000| Untracked 
|  93|0x00000000a5d00000, 0x00000000a5d00000, 0x00000000a5e00000|  0%| F|  |TAMS 0x00000000a5d00000, 0x00000000a5d00000| Untracked 
|  94|0x00000000a5e00000, 0x00000000a5e00000, 0x00000000a5f00000|  0%| F|  |TAMS 0x00000000a5e00000, 0x00000000a5e00000| Untracked 
|  95|0x00000000a5f00000, 0x00000000a5f00000, 0x00000000a6000000|  0%| F|  |TAMS 0x00000000a5f00000, 0x00000000a5f00000| Untracked 
|  96|0x00000000a6000000, 0x00000000a6000000, 0x00000000a6100000|  0%| F|  |TAMS 0x00000000a6000000, 0x00000000a6000000| Untracked 
|  97|0x00000000a6100000, 0x00000000a6100000, 0x00000000a6200000|  0%| F|  |TAMS 0x00000000a6100000, 0x00000000a6100000| Untracked 
|  98|0x00000000a6200000, 0x00000000a6200000, 0x00000000a6300000|  0%| F|  |TAMS 0x00000000a6200000, 0x00000000a6200000| Untracked 
|  99|0x00000000a6300000, 0x00000000a6300000, 0x00000000a6400000|  0%| F|  |TAMS 0x00000000a6300000, 0x00000000a6300000| Untracked 
| 100|0x00000000a6400000, 0x00000000a6400000, 0x00000000a6500000|  0%| F|  |TAMS 0x00000000a6400000, 0x00000000a6400000| Untracked 
| 101|0x00000000a6500000, 0x00000000a6500000, 0x00000000a6600000|  0%| F|  |TAMS 0x00000000a6500000, 0x00000000a6500000| Untracked 
| 102|0x00000000a6600000, 0x00000000a6600000, 0x00000000a6700000|  0%| F|  |TAMS 0x00000000a6600000, 0x00000000a6600000| Untracked 
| 103|0x00000000a6700000, 0x00000000a6743948, 0x00000000a6800000| 26%| S|CS|TAMS 0x00000000a6700000, 0x00000000a6700000| Complete 
| 104|0x00000000a6800000, 0x00000000a6900000, 0x00000000a6900000|100%| S|CS|TAMS 0x00000000a6800000, 0x00000000a6800000| Complete 
| 105|0x00000000a6900000, 0x00000000a6a00000, 0x00000000a6a00000|100%| S|CS|TAMS 0x00000000a6900000, 0x00000000a6900000| Complete 
| 106|0x00000000a6a00000, 0x00000000a6b00000, 0x00000000a6b00000|100%| S|CS|TAMS 0x00000000a6a00000, 0x00000000a6a00000| Complete 
| 107|0x00000000a6b00000, 0x00000000a6c00000, 0x00000000a6c00000|100%| S|CS|TAMS 0x00000000a6b00000, 0x00000000a6b00000| Complete 
| 108|0x00000000a6c00000, 0x00000000a6d00000, 0x00000000a6d00000|100%| S|CS|TAMS 0x00000000a6c00000, 0x00000000a6c00000| Complete 
| 109|0x00000000a6d00000, 0x00000000a6e00000, 0x00000000a6e00000|100%| S|CS|TAMS 0x00000000a6d00000, 0x00000000a6d00000| Complete 
| 110|0x00000000a6e00000, 0x00000000a6f00000, 0x00000000a6f00000|100%| S|CS|TAMS 0x00000000a6e00000, 0x00000000a6e00000| Complete 
| 111|0x00000000a6f00000, 0x00000000a7000000, 0x00000000a7000000|100%| S|CS|TAMS 0x00000000a6f00000, 0x00000000a6f00000| Complete 
| 112|0x00000000a7000000, 0x00000000a7100000, 0x00000000a7100000|100%| S|CS|TAMS 0x00000000a7000000, 0x00000000a7000000| Complete 
| 113|0x00000000a7100000, 0x00000000a7200000, 0x00000000a7200000|100%| S|CS|TAMS 0x00000000a7100000, 0x00000000a7100000| Complete 
| 114|0x00000000a7200000, 0x00000000a7300000, 0x00000000a7300000|100%| S|CS|TAMS 0x00000000a7200000, 0x00000000a7200000| Complete 
| 115|0x00000000a7300000, 0x00000000a7300000, 0x00000000a7400000|  0%| F|  |TAMS 0x00000000a7300000, 0x00000000a7300000| Untracked 
| 116|0x00000000a7400000, 0x00000000a7400000, 0x00000000a7500000|  0%| F|  |TAMS 0x00000000a7400000, 0x00000000a7400000| Untracked 
| 117|0x00000000a7500000, 0x00000000a7500000, 0x00000000a7600000|  0%| F|  |TAMS 0x00000000a7500000, 0x00000000a7500000| Untracked 
| 118|0x00000000a7600000, 0x00000000a7600000, 0x00000000a7700000|  0%| F|  |TAMS 0x00000000a7600000, 0x00000000a7600000| Untracked 
| 119|0x00000000a7700000, 0x00000000a7700000, 0x00000000a7800000|  0%| F|  |TAMS 0x00000000a7700000, 0x00000000a7700000| Untracked 
| 120|0x00000000a7800000, 0x00000000a7900000, 0x00000000a7900000|100%| S|CS|TAMS 0x00000000a7800000, 0x00000000a7800000| Complete 
| 121|0x00000000a7900000, 0x00000000a7a00000, 0x00000000a7a00000|100%| S|CS|TAMS 0x00000000a7900000, 0x00000000a7900000| Complete 
| 122|0x00000000a7a00000, 0x00000000a7b00000, 0x00000000a7b00000|100%| S|CS|TAMS 0x00000000a7a00000, 0x00000000a7a00000| Complete 
| 123|0x00000000a7b00000, 0x00000000a7b00000, 0x00000000a7c00000|  0%| F|  |TAMS 0x00000000a7b00000, 0x00000000a7b00000| Untracked 
| 124|0x00000000a7c00000, 0x00000000a7c00000, 0x00000000a7d00000|  0%| F|  |TAMS 0x00000000a7c00000, 0x00000000a7c00000| Untracked 
| 125|0x00000000a7d00000, 0x00000000a7d00000, 0x00000000a7e00000|  0%| F|  |TAMS 0x00000000a7d00000, 0x00000000a7d00000| Untracked 
| 126|0x00000000a7e00000, 0x00000000a7e00000, 0x00000000a7f00000|  0%| F|  |TAMS 0x00000000a7e00000, 0x00000000a7e00000| Untracked 
| 127|0x00000000a7f00000, 0x00000000a7f00000, 0x00000000a8000000|  0%| F|  |TAMS 0x00000000a7f00000, 0x00000000a7f00000| Untracked 
| 128|0x00000000a8000000, 0x00000000a8000000, 0x00000000a8100000|  0%| F|  |TAMS 0x00000000a8000000, 0x00000000a8000000| Untracked 
| 129|0x00000000a8100000, 0x00000000a8100000, 0x00000000a8200000|  0%| F|  |TAMS 0x00000000a8100000, 0x00000000a8100000| Untracked 
| 130|0x00000000a8200000, 0x00000000a8200000, 0x00000000a8300000|  0%| F|  |TAMS 0x00000000a8200000, 0x00000000a8200000| Untracked 
| 131|0x00000000a8300000, 0x00000000a8300000, 0x00000000a8400000|  0%| F|  |TAMS 0x00000000a8300000, 0x00000000a8300000| Untracked 
| 132|0x00000000a8400000, 0x00000000a8400000, 0x00000000a8500000|  0%| F|  |TAMS 0x00000000a8400000, 0x00000000a8400000| Untracked 
| 133|0x00000000a8500000, 0x00000000a8500000, 0x00000000a8600000|  0%| F|  |TAMS 0x00000000a8500000, 0x00000000a8500000| Untracked 
| 134|0x00000000a8600000, 0x00000000a8600000, 0x00000000a8700000|  0%| F|  |TAMS 0x00000000a8600000, 0x00000000a8600000| Untracked 
| 135|0x00000000a8700000, 0x00000000a8700000, 0x00000000a8800000|  0%| F|  |TAMS 0x00000000a8700000, 0x00000000a8700000| Untracked 
| 136|0x00000000a8800000, 0x00000000a8800000, 0x00000000a8900000|  0%| F|  |TAMS 0x00000000a8800000, 0x00000000a8800000| Untracked 
| 137|0x00000000a8900000, 0x00000000a8900000, 0x00000000a8a00000|  0%| F|  |TAMS 0x00000000a8900000, 0x00000000a8900000| Untracked 
| 138|0x00000000a8a00000, 0x00000000a8a00000, 0x00000000a8b00000|  0%| F|  |TAMS 0x00000000a8a00000, 0x00000000a8a00000| Untracked 
| 139|0x00000000a8b00000, 0x00000000a8b00000, 0x00000000a8c00000|  0%| F|  |TAMS 0x00000000a8b00000, 0x00000000a8b00000| Untracked 
| 140|0x00000000a8c00000, 0x00000000a8c00000, 0x00000000a8d00000|  0%| F|  |TAMS 0x00000000a8c00000, 0x00000000a8c00000| Untracked 
| 141|0x00000000a8d00000, 0x00000000a8d00000, 0x00000000a8e00000|  0%| F|  |TAMS 0x00000000a8d00000, 0x00000000a8d00000| Untracked 
| 142|0x00000000a8e00000, 0x00000000a8e00000, 0x00000000a8f00000|  0%| F|  |TAMS 0x00000000a8e00000, 0x00000000a8e00000| Untracked 
| 143|0x00000000a8f00000, 0x00000000a8f00000, 0x00000000a9000000|  0%| F|  |TAMS 0x00000000a8f00000, 0x00000000a8f00000| Untracked 
| 144|0x00000000a9000000, 0x00000000a9000000, 0x00000000a9100000|  0%| F|  |TAMS 0x00000000a9000000, 0x00000000a9000000| Untracked 
| 145|0x00000000a9100000, 0x00000000a9100000, 0x00000000a9200000|  0%| F|  |TAMS 0x00000000a9100000, 0x00000000a9100000| Untracked 
| 146|0x00000000a9200000, 0x00000000a9200000, 0x00000000a9300000|  0%| F|  |TAMS 0x00000000a9200000, 0x00000000a9200000| Untracked 
| 147|0x00000000a9300000, 0x00000000a9300000, 0x00000000a9400000|  0%| F|  |TAMS 0x00000000a9300000, 0x00000000a9300000| Untracked 
| 148|0x00000000a9400000, 0x00000000a9400000, 0x00000000a9500000|  0%| F|  |TAMS 0x00000000a9400000, 0x00000000a9400000| Untracked 
| 149|0x00000000a9500000, 0x00000000a9500000, 0x00000000a9600000|  0%| F|  |TAMS 0x00000000a9500000, 0x00000000a9500000| Untracked 
| 150|0x00000000a9600000, 0x00000000a9600000, 0x00000000a9700000|  0%| F|  |TAMS 0x00000000a9600000, 0x00000000a9600000| Untracked 
| 151|0x00000000a9700000, 0x00000000a9700000, 0x00000000a9800000|  0%| F|  |TAMS 0x00000000a9700000, 0x00000000a9700000| Untracked 
| 152|0x00000000a9800000, 0x00000000a9800000, 0x00000000a9900000|  0%| F|  |TAMS 0x00000000a9800000, 0x00000000a9800000| Untracked 
| 153|0x00000000a9900000, 0x00000000a9900000, 0x00000000a9a00000|  0%| F|  |TAMS 0x00000000a9900000, 0x00000000a9900000| Untracked 
| 154|0x00000000a9a00000, 0x00000000a9a00000, 0x00000000a9b00000|  0%| F|  |TAMS 0x00000000a9a00000, 0x00000000a9a00000| Untracked 
| 155|0x00000000a9b00000, 0x00000000a9b00000, 0x00000000a9c00000|  0%| F|  |TAMS 0x00000000a9b00000, 0x00000000a9b00000| Untracked 
| 156|0x00000000a9c00000, 0x00000000a9c00000, 0x00000000a9d00000|  0%| F|  |TAMS 0x00000000a9c00000, 0x00000000a9c00000| Untracked 
| 157|0x00000000a9d00000, 0x00000000a9d00000, 0x00000000a9e00000|  0%| F|  |TAMS 0x00000000a9d00000, 0x00000000a9d00000| Untracked 
| 158|0x00000000a9e00000, 0x00000000a9e00000, 0x00000000a9f00000|  0%| F|  |TAMS 0x00000000a9e00000, 0x00000000a9e00000| Untracked 
| 159|0x00000000a9f00000, 0x00000000a9f00000, 0x00000000aa000000|  0%| F|  |TAMS 0x00000000a9f00000, 0x00000000a9f00000| Untracked 
| 160|0x00000000aa000000, 0x00000000aa000000, 0x00000000aa100000|  0%| F|  |TAMS 0x00000000aa000000, 0x00000000aa000000| Untracked 
| 161|0x00000000aa100000, 0x00000000aa100000, 0x00000000aa200000|  0%| F|  |TAMS 0x00000000aa100000, 0x00000000aa100000| Untracked 
| 162|0x00000000aa200000, 0x00000000aa200000, 0x00000000aa300000|  0%| F|  |TAMS 0x00000000aa200000, 0x00000000aa200000| Untracked 
| 163|0x00000000aa300000, 0x00000000aa300000, 0x00000000aa400000|  0%| F|  |TAMS 0x00000000aa300000, 0x00000000aa300000| Untracked 
| 164|0x00000000aa400000, 0x00000000aa400000, 0x00000000aa500000|  0%| F|  |TAMS 0x00000000aa400000, 0x00000000aa400000| Untracked 
| 165|0x00000000aa500000, 0x00000000aa500000, 0x00000000aa600000|  0%| F|  |TAMS 0x00000000aa500000, 0x00000000aa500000| Untracked 
| 166|0x00000000aa600000, 0x00000000aa600000, 0x00000000aa700000|  0%| F|  |TAMS 0x00000000aa600000, 0x00000000aa600000| Untracked 
| 167|0x00000000aa700000, 0x00000000aa700000, 0x00000000aa800000|  0%| F|  |TAMS 0x00000000aa700000, 0x00000000aa700000| Untracked 
| 168|0x00000000aa800000, 0x00000000aa800000, 0x00000000aa900000|  0%| F|  |TAMS 0x00000000aa800000, 0x00000000aa800000| Untracked 
| 169|0x00000000aa900000, 0x00000000aa900000, 0x00000000aaa00000|  0%| F|  |TAMS 0x00000000aa900000, 0x00000000aa900000| Untracked 
| 170|0x00000000aaa00000, 0x00000000aaa00000, 0x00000000aab00000|  0%| F|  |TAMS 0x00000000aaa00000, 0x00000000aaa00000| Untracked 
| 171|0x00000000aab00000, 0x00000000aab00000, 0x00000000aac00000|  0%| F|  |TAMS 0x00000000aab00000, 0x00000000aab00000| Untracked 
| 172|0x00000000aac00000, 0x00000000aac00000, 0x00000000aad00000|  0%| F|  |TAMS 0x00000000aac00000, 0x00000000aac00000| Untracked 
| 173|0x00000000aad00000, 0x00000000aad00000, 0x00000000aae00000|  0%| F|  |TAMS 0x00000000aad00000, 0x00000000aad00000| Untracked 
| 174|0x00000000aae00000, 0x00000000aae00000, 0x00000000aaf00000|  0%| F|  |TAMS 0x00000000aae00000, 0x00000000aae00000| Untracked 
| 175|0x00000000aaf00000, 0x00000000aaf00000, 0x00000000ab000000|  0%| F|  |TAMS 0x00000000aaf00000, 0x00000000aaf00000| Untracked 
| 176|0x00000000ab000000, 0x00000000ab000000, 0x00000000ab100000|  0%| F|  |TAMS 0x00000000ab000000, 0x00000000ab000000| Untracked 
| 177|0x00000000ab100000, 0x00000000ab100000, 0x00000000ab200000|  0%| F|  |TAMS 0x00000000ab100000, 0x00000000ab100000| Untracked 
| 178|0x00000000ab200000, 0x00000000ab200000, 0x00000000ab300000|  0%| F|  |TAMS 0x00000000ab200000, 0x00000000ab200000| Untracked 
| 179|0x00000000ab300000, 0x00000000ab300000, 0x00000000ab400000|  0%| F|  |TAMS 0x00000000ab300000, 0x00000000ab300000| Untracked 
| 180|0x00000000ab400000, 0x00000000ab400000, 0x00000000ab500000|  0%| F|  |TAMS 0x00000000ab400000, 0x00000000ab400000| Untracked 
| 181|0x00000000ab500000, 0x00000000ab500000, 0x00000000ab600000|  0%| F|  |TAMS 0x00000000ab500000, 0x00000000ab500000| Untracked 
| 182|0x00000000ab600000, 0x00000000ab600000, 0x00000000ab700000|  0%| F|  |TAMS 0x00000000ab600000, 0x00000000ab600000| Untracked 
| 183|0x00000000ab700000, 0x00000000ab700000, 0x00000000ab800000|  0%| F|  |TAMS 0x00000000ab700000, 0x00000000ab700000| Untracked 
| 184|0x00000000ab800000, 0x00000000ab800000, 0x00000000ab900000|  0%| F|  |TAMS 0x00000000ab800000, 0x00000000ab800000| Untracked 
| 185|0x00000000ab900000, 0x00000000ab900000, 0x00000000aba00000|  0%| F|  |TAMS 0x00000000ab900000, 0x00000000ab900000| Untracked 
| 186|0x00000000aba00000, 0x00000000aba00000, 0x00000000abb00000|  0%| F|  |TAMS 0x00000000aba00000, 0x00000000aba00000| Untracked 
| 187|0x00000000abb00000, 0x00000000abb00000, 0x00000000abc00000|  0%| F|  |TAMS 0x00000000abb00000, 0x00000000abb00000| Untracked 
| 188|0x00000000abc00000, 0x00000000abc80800, 0x00000000abd00000| 50%| E|  |TAMS 0x00000000abc00000, 0x00000000abc00000| Complete 
| 189|0x00000000abd00000, 0x00000000abe00000, 0x00000000abe00000|100%| E|CS|TAMS 0x00000000abd00000, 0x00000000abd00000| Complete 
| 190|0x00000000abe00000, 0x00000000abf00000, 0x00000000abf00000|100%| E|CS|TAMS 0x00000000abe00000, 0x00000000abe00000| Complete 
| 191|0x00000000abf00000, 0x00000000ac000000, 0x00000000ac000000|100%| E|CS|TAMS 0x00000000abf00000, 0x00000000abf00000| Complete 
| 192|0x00000000ac000000, 0x00000000ac100000, 0x00000000ac100000|100%| E|CS|TAMS 0x00000000ac000000, 0x00000000ac000000| Complete 
| 193|0x00000000ac100000, 0x00000000ac200000, 0x00000000ac200000|100%| E|CS|TAMS 0x00000000ac100000, 0x00000000ac100000| Complete 
| 194|0x00000000ac200000, 0x00000000ac300000, 0x00000000ac300000|100%| E|CS|TAMS 0x00000000ac200000, 0x00000000ac200000| Complete 
| 195|0x00000000ac300000, 0x00000000ac400000, 0x00000000ac400000|100%| E|CS|TAMS 0x00000000ac300000, 0x00000000ac300000| Complete 
| 196|0x00000000ac400000, 0x00000000ac500000, 0x00000000ac500000|100%| E|CS|TAMS 0x00000000ac400000, 0x00000000ac400000| Complete 
| 197|0x00000000ac500000, 0x00000000ac600000, 0x00000000ac600000|100%| E|CS|TAMS 0x00000000ac500000, 0x00000000ac500000| Complete 
| 198|0x00000000ac600000, 0x00000000ac700000, 0x00000000ac700000|100%| E|CS|TAMS 0x00000000ac600000, 0x00000000ac600000| Complete 
| 199|0x00000000ac700000, 0x00000000ac800000, 0x00000000ac800000|100%| E|CS|TAMS 0x00000000ac700000, 0x00000000ac700000| Complete 
| 200|0x00000000ac800000, 0x00000000ac900000, 0x00000000ac900000|100%| E|CS|TAMS 0x00000000ac800000, 0x00000000ac800000| Complete 
| 201|0x00000000ac900000, 0x00000000aca00000, 0x00000000aca00000|100%| E|CS|TAMS 0x00000000ac900000, 0x00000000ac900000| Complete 
| 202|0x00000000aca00000, 0x00000000acb00000, 0x00000000acb00000|100%| E|CS|TAMS 0x00000000aca00000, 0x00000000aca00000| Complete 
| 203|0x00000000acb00000, 0x00000000acc00000, 0x00000000acc00000|100%| E|CS|TAMS 0x00000000acb00000, 0x00000000acb00000| Complete 
| 204|0x00000000acc00000, 0x00000000acd00000, 0x00000000acd00000|100%| E|CS|TAMS 0x00000000acc00000, 0x00000000acc00000| Complete 
| 205|0x00000000acd00000, 0x00000000ace00000, 0x00000000ace00000|100%| E|CS|TAMS 0x00000000acd00000, 0x00000000acd00000| Complete 
| 206|0x00000000ace00000, 0x00000000acf00000, 0x00000000acf00000|100%| E|CS|TAMS 0x00000000ace00000, 0x00000000ace00000| Complete 
| 207|0x00000000acf00000, 0x00000000ad000000, 0x00000000ad000000|100%| E|CS|TAMS 0x00000000acf00000, 0x00000000acf00000| Complete 
| 208|0x00000000ad000000, 0x00000000ad100000, 0x00000000ad100000|100%| E|CS|TAMS 0x00000000ad000000, 0x00000000ad000000| Complete 
| 209|0x00000000ad100000, 0x00000000ad200000, 0x00000000ad200000|100%| E|CS|TAMS 0x00000000ad100000, 0x00000000ad100000| Complete 
| 210|0x00000000ad200000, 0x00000000ad300000, 0x00000000ad300000|100%| E|CS|TAMS 0x00000000ad200000, 0x00000000ad200000| Complete 
| 211|0x00000000ad300000, 0x00000000ad400000, 0x00000000ad400000|100%| E|CS|TAMS 0x00000000ad300000, 0x00000000ad300000| Complete 
| 212|0x00000000ad400000, 0x00000000ad500000, 0x00000000ad500000|100%| E|CS|TAMS 0x00000000ad400000, 0x00000000ad400000| Complete 
| 213|0x00000000ad500000, 0x00000000ad600000, 0x00000000ad600000|100%| E|CS|TAMS 0x00000000ad500000, 0x00000000ad500000| Complete 
| 214|0x00000000ad600000, 0x00000000ad700000, 0x00000000ad700000|100%| E|CS|TAMS 0x00000000ad600000, 0x00000000ad600000| Complete 
| 215|0x00000000ad700000, 0x00000000ad800000, 0x00000000ad800000|100%| E|CS|TAMS 0x00000000ad700000, 0x00000000ad700000| Complete 
| 216|0x00000000ad800000, 0x00000000ad900000, 0x00000000ad900000|100%| E|CS|TAMS 0x00000000ad800000, 0x00000000ad800000| Complete 
| 217|0x00000000ad900000, 0x00000000ada00000, 0x00000000ada00000|100%| E|CS|TAMS 0x00000000ad900000, 0x00000000ad900000| Complete 
| 218|0x00000000ada00000, 0x00000000adb00000, 0x00000000adb00000|100%| E|CS|TAMS 0x00000000ada00000, 0x00000000ada00000| Complete 
| 219|0x00000000adb00000, 0x00000000adc00000, 0x00000000adc00000|100%| E|CS|TAMS 0x00000000adb00000, 0x00000000adb00000| Complete 
| 220|0x00000000adc00000, 0x00000000add00000, 0x00000000add00000|100%| E|CS|TAMS 0x00000000adc00000, 0x00000000adc00000| Complete 
| 221|0x00000000add00000, 0x00000000ade00000, 0x00000000ade00000|100%| E|CS|TAMS 0x00000000add00000, 0x00000000add00000| Complete 
| 222|0x00000000ade00000, 0x00000000adf00000, 0x00000000adf00000|100%| E|  |TAMS 0x00000000ade00000, 0x00000000ade00000| Complete 
| 223|0x00000000adf00000, 0x00000000ae000000, 0x00000000ae000000|100%| E|CS|TAMS 0x00000000adf00000, 0x00000000adf00000| Complete 
| 224|0x00000000ae000000, 0x00000000ae100000, 0x00000000ae100000|100%| E|CS|TAMS 0x00000000ae000000, 0x00000000ae000000| Complete 
| 225|0x00000000ae100000, 0x00000000ae200000, 0x00000000ae200000|100%| E|CS|TAMS 0x00000000ae100000, 0x00000000ae100000| Complete 
| 226|0x00000000ae200000, 0x00000000ae300000, 0x00000000ae300000|100%| E|CS|TAMS 0x00000000ae200000, 0x00000000ae200000| Complete 
| 227|0x00000000ae300000, 0x00000000ae400000, 0x00000000ae400000|100%| E|CS|TAMS 0x00000000ae300000, 0x00000000ae300000| Complete 
| 228|0x00000000ae400000, 0x00000000ae500000, 0x00000000ae500000|100%| E|CS|TAMS 0x00000000ae400000, 0x00000000ae400000| Complete 
| 229|0x00000000ae500000, 0x00000000ae600000, 0x00000000ae600000|100%| E|CS|TAMS 0x00000000ae500000, 0x00000000ae500000| Complete 
| 230|0x00000000ae600000, 0x00000000ae700000, 0x00000000ae700000|100%| E|CS|TAMS 0x00000000ae600000, 0x00000000ae600000| Complete 
| 231|0x00000000ae700000, 0x00000000ae800000, 0x00000000ae800000|100%| E|CS|TAMS 0x00000000ae700000, 0x00000000ae700000| Complete 
| 232|0x00000000ae800000, 0x00000000ae900000, 0x00000000ae900000|100%| E|CS|TAMS 0x00000000ae800000, 0x00000000ae800000| Complete 
| 233|0x00000000ae900000, 0x00000000aea00000, 0x00000000aea00000|100%| E|CS|TAMS 0x00000000ae900000, 0x00000000ae900000| Complete 
| 234|0x00000000aea00000, 0x00000000aeb00000, 0x00000000aeb00000|100%| E|CS|TAMS 0x00000000aea00000, 0x00000000aea00000| Complete 
| 235|0x00000000aeb00000, 0x00000000aec00000, 0x00000000aec00000|100%| E|CS|TAMS 0x00000000aeb00000, 0x00000000aeb00000| Complete 
| 236|0x00000000aec00000, 0x00000000aed00000, 0x00000000aed00000|100%| E|CS|TAMS 0x00000000aec00000, 0x00000000aec00000| Complete 
| 237|0x00000000aed00000, 0x00000000aee00000, 0x00000000aee00000|100%| E|CS|TAMS 0x00000000aed00000, 0x00000000aed00000| Complete 
| 238|0x00000000aee00000, 0x00000000aef00000, 0x00000000aef00000|100%| E|CS|TAMS 0x00000000aee00000, 0x00000000aee00000| Complete 
| 239|0x00000000aef00000, 0x00000000af000000, 0x00000000af000000|100%| E|CS|TAMS 0x00000000aef00000, 0x00000000aef00000| Complete 
| 240|0x00000000af000000, 0x00000000af100000, 0x00000000af100000|100%| E|CS|TAMS 0x00000000af000000, 0x00000000af000000| Complete 
| 241|0x00000000af100000, 0x00000000af200000, 0x00000000af200000|100%| E|CS|TAMS 0x00000000af100000, 0x00000000af100000| Complete 

Card table byte_map: [0x0000019823230000,0x0000019823530000] _byte_map_base: 0x0000019822d30000

Marking Bits (Prev, Next): (CMBitMap*) 0x000001980bb1c800, (CMBitMap*) 0x000001980bb1c7c8
 Prev Bits: [0x0000019825030000, 0x0000019826830000)
 Next Bits: [0x0000019823830000, 0x0000019825030000)

Polling page: 0x00000198099c0000

Metaspace:

Usage:
  Non-class:     64.33 MB capacity,    63.27 MB ( 98%) used,   936.68 KB (  1%) free+waste,   149.13 KB ( <1%) overhead. 
      Class:      9.58 MB capacity,     9.03 MB ( 94%) used,   498.14 KB (  5%) free+waste,    67.50 KB ( <1%) overhead. 
       Both:     73.92 MB capacity,    72.30 MB ( 98%) used,     1.40 MB (  2%) free+waste,   216.63 KB ( <1%) overhead. 

Virtual space:
  Non-class space:       66.00 MB reserved,      64.50 MB ( 98%) committed 
      Class space:        1.00 GB reserved,       9.63 MB ( <1%) committed 
             Both:        1.06 GB reserved,      74.13 MB (  7%) committed 

Chunk freelists:
   Non-Class:  5.63 KB
       Class:  1.13 KB
        Both:  6.75 KB

CodeHeap 'non-profiled nmethods': size=120064Kb used=4012Kb max_used=4012Kb free=116052Kb
 bounds [0x000001981b8e0000, 0x000001981bcd0000, 0x0000019822e20000]
CodeHeap 'profiled nmethods': size=120000Kb used=16432Kb max_used=16432Kb free=103567Kb
 bounds [0x00000198143b0000, 0x00000198153c0000, 0x000001981b8e0000]
CodeHeap 'non-nmethods': size=5696Kb used=2259Kb max_used=2304Kb free=3436Kb
 bounds [0x0000019813e20000, 0x0000019814090000, 0x00000198143b0000]
 total_blobs=10113 nmethods=7474 adapters=757
 compilation: enabled
              stopped_count=0, restarted_count=0
 full_count=0

Compilation events (10 events):
Event: 11.698 Thread 0x000001982990b800 nmethod 7594 0x000001981537dd90 code [0x000001981537e600, 0x0000019815381d90]
Event: 11.698 Thread 0x000001982990b800 7597       3       org.gradle.api.internal.tasks.properties.annotations.InputPropertyAnnotationHandler::shouldVisit (15 bytes)
Event: 11.698 Thread 0x000001982990b800 nmethod 7597 0x0000019815383910 code [0x0000019815383ae0, 0x0000019815383d70]
Event: 11.698 Thread 0x000001982990b800 7596   !   3       com.sun.proxy.$Proxy67::annotationType (29 bytes)
Event: 11.698 Thread 0x000001982990b800 nmethod 7596 0x0000019815383e10 code [0x0000019815384000, 0x0000019815384440]
Event: 11.698 Thread 0x000001982990b800 7595       3       org.apache.commons.collections.map.AbstractHashedMap$HashEntry::<init> (26 bytes)
Event: 11.698 Thread 0x000001982990b800 nmethod 7595 0x0000019815384610 code [0x00000198153847e0, 0x0000019815384ab8]
Event: 11.700 Thread 0x000001982990b800 7598       1       jdk.internal.org.objectweb.asm.MethodWriter::visitEnd (1 bytes)
Event: 11.700 Thread 0x000001982990b800 nmethod 7598 0x000001981bcbf490 code [0x000001981bcbf640, 0x000001981bcbf758]
Event: 11.700 Thread 0x000001982990b800 7599       3       java.lang.invoke.InnerClassLambdaMetafactory::generateFactory (136 bytes)

GC Heap History (10 events):
Event: 1.997 GC heap before
{Heap before GC invocations=3 (full 0):
 garbage-first heap   total 247808K, used 59978K [0x00000000a0000000, 0x0000000100000000)
  region size 1024K, 56 young (57344K), 11 survivors (11264K)
 Metaspace       used 29882K, capacity 30403K, committed 30720K, reserved 1075200K
  class space    used 3788K, capacity 3993K, committed 4096K, reserved 1048576K
}
Event: 2.002 GC heap after
{Heap after GC invocations=4 (full 0):
 garbage-first heap   total 247808K, used 18708K [0x00000000a0000000, 0x0000000100000000)
  region size 1024K, 5 young (5120K), 5 survivors (5120K)
 Metaspace       used 29882K, capacity 30403K, committed 30720K, reserved 1075200K
  class space    used 3788K, capacity 3993K, committed 4096K, reserved 1048576K
}
Event: 2.339 GC heap before
{Heap before GC invocations=4 (full 0):
 garbage-first heap   total 247808K, used 57620K [0x00000000a0000000, 0x0000000100000000)
  region size 1024K, 42 young (43008K), 5 survivors (5120K)
 Metaspace       used 35156K, capacity 35773K, committed 35840K, reserved 1081344K
  class space    used 4384K, capacity 4601K, committed 4608K, reserved 1048576K
}
Event: 2.344 GC heap after
{Heap after GC invocations=5 (full 0):
 garbage-first heap   total 247808K, used 20589K [0x00000000a0000000, 0x0000000100000000)
  region size 1024K, 6 young (6144K), 6 survivors (6144K)
 Metaspace       used 35156K, capacity 35773K, committed 35840K, reserved 1081344K
  class space    used 4384K, capacity 4601K, committed 4608K, reserved 1048576K
}
Event: 3.267 GC heap before
{Heap before GC invocations=6 (full 0):
 garbage-first heap   total 247808K, used 131181K [0x00000000a0000000, 0x0000000100000000)
  region size 1024K, 108 young (110592K), 6 survivors (6144K)
 Metaspace       used 46336K, capacity 47254K, committed 47488K, reserved 1091584K
  class space    used 5892K, capacity 6192K, committed 6272K, reserved 1048576K
}
Event: 3.273 GC heap after
{Heap after GC invocations=7 (full 0):
 garbage-first heap   total 247808K, used 36468K [0x00000000a0000000, 0x0000000100000000)
  region size 1024K, 14 young (14336K), 14 survivors (14336K)
 Metaspace       used 46336K, capacity 47254K, committed 47488K, reserved 1091584K
  class space    used 5892K, capacity 6192K, committed 6272K, reserved 1048576K
}
Event: 4.155 GC heap before
{Heap before GC invocations=7 (full 0):
 garbage-first heap   total 247808K, used 141940K [0x00000000a0000000, 0x0000000100000000)
  region size 1024K, 118 young (120832K), 14 survivors (14336K)
 Metaspace       used 58902K, capacity 60036K, committed 60160K, reserved 1101824K
  class space    used 7482K, capacity 7862K, committed 7936K, reserved 1048576K
}
Event: 4.173 GC heap after
{Heap after GC invocations=8 (full 0):
 garbage-first heap   total 247808K, used 44780K [0x00000000a0000000, 0x0000000100000000)
  region size 1024K, 9 young (9216K), 9 survivors (9216K)
 Metaspace       used 58902K, capacity 60036K, committed 60160K, reserved 1101824K
  class space    used 7482K, capacity 7862K, committed 7936K, reserved 1048576K
}
Event: 5.352 GC heap before
{Heap before GC invocations=9 (full 0):
 garbage-first heap   total 247808K, used 161516K [0x00000000a0000000, 0x0000000100000000)
  region size 1024K, 124 young (126976K), 9 survivors (9216K)
 Metaspace       used 69840K, capacity 71410K, committed 71680K, reserved 1112064K
  class space    used 8947K, capacity 9453K, committed 9472K, reserved 1048576K
}
Event: 5.359 GC heap after
{Heap after GC invocations=10 (full 0):
 garbage-first heap   total 247808K, used 50866K [0x00000000a0000000, 0x0000000100000000)
  region size 1024K, 15 young (15360K), 15 survivors (15360K)
 Metaspace       used 69840K, capacity 71410K, committed 71680K, reserved 1112064K
  class space    used 8947K, capacity 9453K, committed 9472K, reserved 1048576K
}

Deoptimization events (10 events):
Event: 5.480 Thread 0x000001982e260000 Uncommon trap: reason=unstable_if action=reinterpret pc=0x000001981bb898cc method=java.util.regex.Matcher.search(I)Z @ 76 c2
Event: 5.480 Thread 0x000001982e260000 Uncommon trap: reason=unstable_if action=reinterpret pc=0x000001981bba15c0 method=java.util.regex.Matcher.reset()Ljava/util/regex/Matcher; @ 80 c2
Event: 5.509 Thread 0x000001982b2ce800 Uncommon trap: reason=class_check action=maybe_recompile pc=0x000001981b915980 method=org.gradle.internal.logging.text.AbstractLineChoppingStyledTextOutput$StateContext.flushLineText()V @ 110 c2
Event: 5.509 Thread 0x000001982b2ce800 Uncommon trap: reason=class_check action=maybe_recompile pc=0x000001981b915980 method=org.gradle.internal.logging.text.AbstractLineChoppingStyledTextOutput$StateContext.flushLineText()V @ 110 c2
Event: 5.510 Thread 0x000001982b2ce800 Uncommon trap: reason=class_check action=maybe_recompile pc=0x000001981b915980 method=org.gradle.internal.logging.text.AbstractLineChoppingStyledTextOutput$StateContext.flushLineText()V @ 110 c2
Event: 5.510 Thread 0x000001982b2ce800 Uncommon trap: reason=class_check action=maybe_recompile pc=0x000001981b915980 method=org.gradle.internal.logging.text.AbstractLineChoppingStyledTextOutput$StateContext.flushLineText()V @ 110 c2
Event: 5.530 Thread 0x000001982b2ce800 Uncommon trap: reason=unstable_if action=reinterpret pc=0x000001981bc20094 method=java.util.HashMap$HashIterator.<init>(Ljava/util/HashMap;)V @ 45 c2
Event: 5.537 Thread 0x000001982bb55000 Uncommon trap: reason=unstable_if action=reinterpret pc=0x000001981bbefb68 method=java.util.HashMap$HashIterator.<init>(Ljava/util/HashMap;)V @ 45 c2
Event: 5.571 Thread 0x000001982aa15000 Uncommon trap: reason=unstable_if action=reinterpret pc=0x000001981bc311dc method=com.esotericsoftware.kryo.io.Input.require(I)I @ 180 c2
Event: 11.503 Thread 0x000001982b2ce800 Uncommon trap: reason=unstable_if action=reinterpret pc=0x000001981bc5c758 method=com.google.common.collect.MapMakerInternalMap$Segment.getEntry(Ljava/lang/Object;I)Lcom/google/common/collect/MapMakerInternalMap$InternalEntry; @ 4 c2

Classes redefined (0 events):
No events

Internal exceptions (10 events):
Event: 11.622 Thread 0x000001982b2ce800 Exception <a 'sun/nio/fs/WindowsException'{0x00000000ac8835f8}> (0x00000000ac8835f8) thrown at [t:/workspace/open/src/hotspot/share/prims/jni.cpp, line 615]
Event: 11.622 Thread 0x000001982b2ce800 Exception <a 'sun/nio/fs/WindowsException'{0x00000000ac883928}> (0x00000000ac883928) thrown at [t:/workspace/open/src/hotspot/share/prims/jni.cpp, line 615]
Event: 11.622 Thread 0x000001982b2ce800 Exception <a 'sun/nio/fs/WindowsException'{0x00000000ac886808}> (0x00000000ac886808) thrown at [t:/workspace/open/src/hotspot/share/prims/jni.cpp, line 615]
Event: 11.622 Thread 0x000001982b2ce800 Exception <a 'sun/nio/fs/WindowsException'{0x00000000ac886b58}> (0x00000000ac886b58) thrown at [t:/workspace/open/src/hotspot/share/prims/jni.cpp, line 615]
Event: 11.623 Thread 0x000001982b2ce800 Exception <a 'sun/nio/fs/WindowsException'{0x00000000ac888a90}> (0x00000000ac888a90) thrown at [t:/workspace/open/src/hotspot/share/prims/jni.cpp, line 615]
Event: 11.623 Thread 0x000001982b2ce800 Exception <a 'sun/nio/fs/WindowsException'{0x00000000ac888e08}> (0x00000000ac888e08) thrown at [t:/workspace/open/src/hotspot/share/prims/jni.cpp, line 615]
Event: 11.623 Thread 0x000001982b2ce800 Exception <a 'sun/nio/fs/WindowsException'{0x00000000ac88c338}> (0x00000000ac88c338) thrown at [t:/workspace/open/src/hotspot/share/prims/jni.cpp, line 615]
Event: 11.623 Thread 0x000001982b2ce800 Exception <a 'sun/nio/fs/WindowsException'{0x00000000ac88c6c8}> (0x00000000ac88c6c8) thrown at [t:/workspace/open/src/hotspot/share/prims/jni.cpp, line 615]
Event: 11.623 Thread 0x000001982b2ce800 Exception <a 'sun/nio/fs/WindowsException'{0x00000000ac88e660}> (0x00000000ac88e660) thrown at [t:/workspace/open/src/hotspot/share/prims/jni.cpp, line 615]
Event: 11.623 Thread 0x000001982b2ce800 Exception <a 'sun/nio/fs/WindowsException'{0x00000000ac88ea10}> (0x00000000ac88ea10) thrown at [t:/workspace/open/src/hotspot/share/prims/jni.cpp, line 615]

Events (10 events):
Event: 11.697 loading class com/android/build/gradle/internal/core/VariantConfiguration
Event: 11.697 loading class com/android/build/gradle/internal/core/VariantConfiguration done
Event: 11.697 loading class com/android/build/gradle/internal/core/VariantConfiguration
Event: 11.697 loading class com/android/build/gradle/internal/core/VariantConfiguration done
Event: 11.699 loading class com/android/build/gradle/internal/core/VariantConfiguration
Event: 11.699 loading class com/android/build/gradle/internal/core/VariantConfiguration done
Event: 11.700 loading class com/android/build/gradle/internal/core/VariantConfiguration
Event: 11.700 loading class com/android/build/gradle/internal/core/VariantConfiguration done
Event: 11.700 loading class com/android/build/gradle/internal/core/VariantConfiguration
Event: 11.700 loading class com/android/build/gradle/internal/core/VariantConfiguration done


Dynamic libraries:
0x00007ff659cd0000 - 0x00007ff659d17000 	C:\Program Files\Java\jdk-11.0.3\bin\java.exe
0x00007ffd72f90000 - 0x00007ffd7317d000 	C:\WINDOWS\SYSTEM32\ntdll.dll
0x00007ffd72ea0000 - 0x00007ffd72f53000 	C:\WINDOWS\System32\KERNEL32.DLL
0x00007ffd6fd80000 - 0x00007ffd70013000 	C:\WINDOWS\System32\KERNELBASE.dll
0x00007ffd709d0000 - 0x00007ffd70a73000 	C:\WINDOWS\System32\ADVAPI32.dll
0x00007ffd70cc0000 - 0x00007ffd70d5e000 	C:\WINDOWS\System32\msvcrt.dll
0x00007ffd70380000 - 0x00007ffd7041e000 	C:\WINDOWS\System32\sechost.dll
0x00007ffd70e90000 - 0x00007ffd70fb2000 	C:\WINDOWS\System32\RPCRT4.dll
0x00007ffd710c0000 - 0x00007ffd71257000 	C:\WINDOWS\System32\USER32.dll
0x00007ffd6f060000 - 0x00007ffd6f080000 	C:\WINDOWS\System32\win32u.dll
0x00007ffd71090000 - 0x00007ffd710b9000 	C:\WINDOWS\System32\GDI32.dll
0x00007ffd70020000 - 0x00007ffd701ba000 	C:\WINDOWS\System32\gdi32full.dll
0x00007ffd6f440000 - 0x00007ffd6f4e0000 	C:\WINDOWS\System32\msvcp_win.dll
0x00007ffd6f130000 - 0x00007ffd6f22a000 	C:\WINDOWS\System32\ucrtbase.dll
0x00007ffd5eda0000 - 0x00007ffd5f019000 	C:\WINDOWS\WinSxS\amd64_microsoft.windows.common-controls_6595b64144ccf1df_6.0.17763.557_none_05b63f68071e5b9f\COMCTL32.dll
0x00007ffd6a7f0000 - 0x00007ffd6a7fa000 	C:\WINDOWS\SYSTEM32\VERSION.dll
0x00007ffd70580000 - 0x00007ffd708ac000 	C:\WINDOWS\System32\combase.dll
0x00007ffd6fd00000 - 0x00007ffd6fd7e000 	C:\WINDOWS\System32\bcryptPrimitives.dll
0x00007ffd708b0000 - 0x00007ffd708de000 	C:\WINDOWS\System32\IMM32.DLL
0x00007ffd5d620000 - 0x00007ffd5d636000 	C:\Program Files\Java\jdk-11.0.3\bin\vcruntime140.dll
0x00007ffd4ebb0000 - 0x00007ffd4ec5a000 	C:\Program Files\Java\jdk-11.0.3\bin\msvcp140.dll
0x00007ffd2ec40000 - 0x00007ffd2f767000 	C:\Program Files\Java\jdk-11.0.3\bin\server\jvm.dll
0x00007ffd701c0000 - 0x00007ffd701c8000 	C:\WINDOWS\System32\PSAPI.DLL
0x00007ffd6d3a0000 - 0x00007ffd6d3c4000 	C:\WINDOWS\SYSTEM32\WINMM.dll
0x00007ffd6b710000 - 0x00007ffd6b719000 	C:\WINDOWS\SYSTEM32\WSOCK32.dll
0x00007ffd70960000 - 0x00007ffd709cd000 	C:\WINDOWS\System32\WS2_32.dll
0x00007ffd6d2a0000 - 0x00007ffd6d2cd000 	C:\WINDOWS\SYSTEM32\WINMMBASE.dll
0x00007ffd6f0e0000 - 0x00007ffd6f12a000 	C:\WINDOWS\System32\cfgmgr32.dll
0x00007ffd6ef90000 - 0x00007ffd6efa1000 	C:\WINDOWS\System32\kernel.appcore.dll
0x00007ffd5d600000 - 0x00007ffd5d611000 	C:\Program Files\Java\jdk-11.0.3\bin\verify.dll
0x00007ffd6a550000 - 0x00007ffd6a73d000 	C:\WINDOWS\SYSTEM32\DBGHELP.DLL
0x00007ffd699f0000 - 0x00007ffd69a1a000 	C:\WINDOWS\SYSTEM32\dbgcore.DLL
0x00007ffd5d5d0000 - 0x00007ffd5d5f9000 	C:\Program Files\Java\jdk-11.0.3\bin\java.dll
0x00007ffd5d5b0000 - 0x00007ffd5d5c6000 	C:\Program Files\Java\jdk-11.0.3\bin\zip.dll
0x00007ffd5d5a0000 - 0x00007ffd5d5aa000 	C:\Program Files\Java\jdk-11.0.3\bin\jimage.dll
0x00007ffd71530000 - 0x00007ffd72a20000 	C:\WINDOWS\System32\SHELL32.dll
0x00007ffd70fc0000 - 0x00007ffd71068000 	C:\WINDOWS\System32\shcore.dll
0x00007ffd6f4e0000 - 0x00007ffd6fc2a000 	C:\WINDOWS\System32\windows.storage.dll
0x00007ffd6efb0000 - 0x00007ffd6efd4000 	C:\WINDOWS\System32\profapi.dll
0x00007ffd6efe0000 - 0x00007ffd6f03d000 	C:\WINDOWS\System32\powrprof.dll
0x00007ffd71260000 - 0x00007ffd712b2000 	C:\WINDOWS\System32\shlwapi.dll
0x00007ffd6fce0000 - 0x00007ffd6fcf7000 	C:\WINDOWS\System32\cryptsp.dll
0x00007ffd5b380000 - 0x00007ffd5b399000 	C:\Program Files\Java\jdk-11.0.3\bin\net.dll
0x00007ffd68660000 - 0x00007ffd68751000 	C:\WINDOWS\SYSTEM32\WINHTTP.dll
0x00007ffd62e50000 - 0x00007ffd63027000 	C:\WINDOWS\SYSTEM32\urlmon.dll
0x00007ffd61c70000 - 0x00007ffd61f18000 	C:\WINDOWS\SYSTEM32\iertutil.dll
0x00007ffd6e980000 - 0x00007ffd6e98c000 	C:\WINDOWS\SYSTEM32\CRYPTBASE.DLL
0x00007ffd6e7b0000 - 0x00007ffd6e817000 	C:\WINDOWS\system32\mswsock.dll
0x00007ffd5b360000 - 0x00007ffd5b373000 	C:\Program Files\Java\jdk-11.0.3\bin\nio.dll
0x00007ffd6aa30000 - 0x00007ffd6aa4e000 	C:\Users\Rizwan\.gradle\native\25\windows-amd64\native-platform.dll
0x00007ffd5d590000 - 0x00007ffd5d599000 	C:\Program Files\Java\jdk-11.0.3\bin\management.dll
0x00007ffd5b350000 - 0x00007ffd5b35c000 	C:\Program Files\Java\jdk-11.0.3\bin\management_ext.dll
0x00007ffd6e370000 - 0x00007ffd6e3a3000 	C:\WINDOWS\system32\rsaenh.dll
0x00007ffd6f410000 - 0x00007ffd6f436000 	C:\WINDOWS\System32\bcrypt.dll
0x00007ffd6ee90000 - 0x00007ffd6eeb8000 	C:\WINDOWS\SYSTEM32\USERENV.dll
0x00007ffd6e510000 - 0x00007ffd6e54d000 	C:\WINDOWS\SYSTEM32\IPHLPAPI.DLL
0x00007ffd70d60000 - 0x00007ffd70d68000 	C:\WINDOWS\System32\NSI.dll
0x00007ffd69930000 - 0x00007ffd69946000 	C:\WINDOWS\SYSTEM32\dhcpcsvc6.DLL
0x00007ffd698a0000 - 0x00007ffd698bc000 	C:\WINDOWS\SYSTEM32\dhcpcsvc.DLL
0x00007ffd6e550000 - 0x00007ffd6e616000 	C:\WINDOWS\SYSTEM32\DNSAPI.dll

dbghelp: loaded successfully - version: 4.0.5 - missing functions: none
symbol engine: initialized successfully - sym options: 0x614 - pdb path: .;C:\Program Files\Java\jdk-11.0.3\bin;C:\WINDOWS\SYSTEM32;C:\WINDOWS\WinSxS\amd64_microsoft.windows.common-controls_6595b64144ccf1df_6.0.17763.557_none_05b63f68071e5b9f;C:\Program Files\Java\jdk-11.0.3\bin\server;C:\Users\Rizwan\.gradle\native\25\windows-amd64

VM Arguments:
jvm_args: --add-opens=java.base/java.util=ALL-UNNAMED --add-opens=java.base/java.lang=ALL-UNNAMED --add-opens=java.base/java.lang.invoke=ALL-UNNAMED --add-opens=java.prefs/java.util.prefs=ALL-UNNAMED -Xmx1536m -Dfile.encoding=windows-1252 -Duser.country=US -Duser.language=en -Duser.variant 
java_command: org.gradle.launcher.daemon.bootstrap.GradleDaemon 5.1.1
java_class_path (initial): C:\Users\Rizwan\.gradle\wrapper\dists\gradle-5.1.1-all\97z1ksx6lirer3kbvdnh7jtjg\gradle-5.1.1\lib\gradle-launcher-5.1.1.jar
Launcher Type: SUN_STANDARD

[Global flags]
     intx CICompilerCount                          = 3                                         {product} {ergonomic}
     uint ConcGCThreads                            = 2                                         {product} {ergonomic}
     uint G1ConcRefinementThreads                  = 6                                         {product} {ergonomic}
   size_t G1HeapRegionSize                         = 1048576                                   {product} {ergonomic}
    uintx GCDrainStackTargetSize                   = 64                                        {product} {ergonomic}
   size_t InitialHeapSize                          = 253755392                                 {product} {ergonomic}
   size_t MarkStackSize                            = 4194304                                   {product} {ergonomic}
   size_t MaxHeapSize                              = 1610612736                                {product} {command line}
   size_t MaxNewSize                               = 965738496                                 {product} {ergonomic}
   size_t MinHeapDeltaBytes                        = 1048576                                   {product} {ergonomic}
    uintx NonNMethodCodeHeapSize                   = 5830092                                {pd product} {ergonomic}
    uintx NonProfiledCodeHeapSize                  = 122914074                              {pd product} {ergonomic}
    uintx ProfiledCodeHeapSize                     = 122914074                              {pd product} {ergonomic}
    uintx ReservedCodeCacheSize                    = 251658240                              {pd product} {ergonomic}
     bool SegmentedCodeCache                       = true                                      {product} {ergonomic}
     bool UseCompressedClassPointers               = true                                 {lp64_product} {ergonomic}
     bool UseCompressedOops                        = true                                 {lp64_product} {ergonomic}
     bool UseG1GC                                  = true                                      {product} {ergonomic}
     bool UseLargePagesIndividualAllocation        = false                                  {pd product} {ergonomic}

Logging:
Log output configuration:
 #0: stdout all=warning uptime,level,tags
 #1: stderr all=off uptime,level,tags

Environment Variables:
JAVA_HOME=C:\Program Files\Java\jdk-12.0.1
PATH=C:\oraclexe\app\oracle\product\10.2.0\server\bin;C:\Program Files (x86)\Common Files\Oracle\Java\javapath;C:\WINDOWS\system32;C:\WINDOWS;C:\WINDOWS\System32\Wbem;C:\WINDOWS\System32\WindowsPowerShell\v1.0\;C:\WINDOWS\System32\OpenSSH\;C:\Program Files (x86)\NVIDIA Corporation\PhysX\Common;C:\Program Files\LLVM\bin;C:\Program Files\Git\cmd;C:\Program Files\MySQL\MySQL Shell 8.0\bin\;C:\Users\Rizwan\AppData\Local\GitHubDesktop\bin;C:\Users\Rizwan\Anaconda3;C:\Program Files\Java\jdk-12.0.1\bin;
USERNAME=Rizwan
OS=Windows_NT
PROCESSOR_IDENTIFIER=Intel64 Family 6 Model 158 Stepping 10, GenuineIntel



---------------  S Y S T E M  ---------------

OS: Windows 10 , 64 bit Build 17763 (10.0.17763.475)

CPU:total 6 (initial active 6) (6 cores per cpu, 1 threads per core) family 6 model 158 stepping 10, cmov, cx8, fxsr, mmx, sse, sse2, sse3, ssse3, sse4.1, sse4.2, popcnt, avx, avx2, aes, clmul, erms, 3dnowpref, lzcnt, tsc, tscinvbit, bmi1, bmi2, adx, fma

Memory: 4k page, system-wide physical 15370M (11021M free)
TotalPageFile size 19722M (AvailPageFile size 14619M)
current process WorkingSet (physical memory assigned to process): 368M, peak: 368M
current process commit charge ("private bytes"): 479M, peak: 480M

vm_info: Java HotSpot(TM) 64-Bit Server VM (11.0.3+12-LTS) for windows-amd64 JRE (11.0.3+12-LTS), built on Apr  2 2019 12:43:09 by "mach5one" with MS VC++ 15.5 (VS2017)

END.
