#
# A fatal error has been detected by the Java Runtime Environment:
#
#  EXCEPTION_ACCESS_VIOLATION (0xc0000005) at pc=0x00007ffd21c127c0, pid=7052, tid=10108
#
# JRE version: Java(TM) SE Runtime Environment (11.0.3+12) (build 11.0.3+12-LTS)
# Java VM: Java HotSpot(TM) 64-Bit Server VM (11.0.3+12-LTS, mixed mode, tiered, compressed oops, g1 gc, windows-amd64)
# Problematic frame:
# V  [jvm.dll+0x3727c0]
#
# No core dump will be written. Minidumps are not enabled by default on client versions of Windows
#
# If you would like to submit a bug report, please visit:
#   http://bugreport.java.com/bugreport/crash.jsp
#

---------------  S U M M A R Y ------------

Command Line: --add-opens=java.base/java.util=ALL-UNNAMED --add-opens=java.base/java.lang=ALL-UNNAMED --add-opens=java.base/java.lang.invoke=ALL-UNNAMED --add-opens=java.prefs/java.util.prefs=ALL-UNNAMED -Xmx1536m -Dfile.encoding=windows-1252 -Duser.country=US -Duser.language=en -Duser.variant org.gradle.launcher.daemon.bootstrap.GradleDaemon 5.1.1

Host: Intel(R) Core(TM) i5-8400 CPU @ 2.80GHz, 6 cores, 15G,  Windows 10 , 64 bit Build 17763 (10.0.17763.475)
Time: Sat Jun 15 21:04:11 2019 Bangladesh Standard Time elapsed time: 465 seconds (0d 0h 7m 45s)

---------------  T H R E A D  ---------------

Current thread (0x00000123db776000):  JavaThread "C2 CompilerThread1" daemon [_thread_in_native, id=10108, stack(0x0000000f45100000,0x0000000f45200000)]


Current CompileTask:
C2: 465590 10816   !   4       java.io.ObjectOutputStream::writeObject0 (619 bytes)

Stack: [0x0000000f45100000,0x0000000f45200000],  sp=0x0000000f451fb770,  free space=1005k
Native frames: (J=compiled Java code, j=interpreted, Vv=VM code, C=native code)
V  [jvm.dll+0x3727c0]
V  [jvm.dll+0x36be8f]
V  [jvm.dll+0x1a9787]
V  [jvm.dll+0x218982]
V  [jvm.dll+0x217a1a]
V  [jvm.dll+0x194300]
V  [jvm.dll+0x2269df]
V  [jvm.dll+0x224fe8]
V  [jvm.dll+0x738aed]
V  [jvm.dll+0x6348c2]
C  [ucrtbase.dll+0x21ffa]
C  [KERNEL32.DLL+0x17974]
C  [ntdll.dll+0x6a271]


siginfo: EXCEPTION_ACCESS_VIOLATION (0xc0000005), reading address 0x00007fbd222f67a8


Register to memory mapping:

RIP=0x00007ffd21c127c0 jvm.dll
RAX=0x0 is NULL
RBX=0x0000000000000001 is an unknown value
RCX=0x0 is NULL
RDX=0x0000000000000008 is an unknown value
RSP=0x0000000f451fb770 is pointing into the stack for thread: 0x00000123db776000
RBP=0x0000000000000008 is an unknown value
RSI=0x00007ffd222f67a8 jvm.dll
RDI=0x00000123dc0ed3c8 points into unknown readable memory: 90 8f b1 dc 23 01 00 00
R8 =0x00007fbd222f67a8 is an unknown value
R9 =0x0000000f451fb7c0 is pointing into the stack for thread: 0x00000123db776000
R10=0x0000000000000001 is an unknown value
R11=0x0000000f451fb6d0 is pointing into the stack for thread: 0x00000123db776000
R12=0x00007ffd218a0000 jvm.dll
R13=0x00000123d86f2810 points into unknown readable memory: 40 b0 83 e1 23 01 00 00
R14=0x0000000000005000 is an unknown value
R15=0x0 is NULL


Registers:
RAX=0x0000000000000000, RBX=0x0000000000000001, RCX=0x0000000000000000, RDX=0x0000000000000008
RSP=0x0000000f451fb770, RBP=0x0000000000000008, RSI=0x00007ffd222f67a8, RDI=0x00000123dc0ed3c8
R8 =0x00007fbd222f67a8, R9 =0x0000000f451fb7c0, R10=0x0000000000000001, R11=0x0000000f451fb6d0
R12=0x00007ffd218a0000, R13=0x00000123d86f2810, R14=0x0000000000005000, R15=0x0000000000000000
RIP=0x00007ffd21c127c0, EFLAGS=0x0000000000010246

Top of Stack: (sp=0x0000000f451fb770)
0x0000000f451fb770:   0000000000000000 0000000000000000
0x0000000f451fb780:   0000000000000b30 00000123d89b0d00
0x0000000f451fb790:   0000000000000002 00007ffd21c0be8f
0x0000000f451fb7a0:   0000000000000002 0000000000000080
0x0000000f451fb7b0:   0000000f451fb8f0 00007ffd2212a240
0x0000000f451fb7c0:   0000008300000000 0000012300000004
0x0000000f451fb7d0:   00007fbd222f67a8 0000000000000001
0x0000000f451fb7e0:   00000123d7e4d360 0000000000000038
0x0000000f451fb7f0:   00000123e1840050 0000000000000000
0x0000000f451fb800:   00000123d86f2820 0000000f451fbd88
0x0000000f451fb810:   0000000f451fb920 00007ffd21a49787
0x0000000f451fb820:   0000000f451fbca0 0000000000000000
0x0000000f451fb830:   00000123d86f2bf8 00000000000003d8
0x0000000f451fb840:   00007ffd220e4a00 000000000000000c
0x0000000f451fb850:   0000000000000006 00000123d86f2810
0x0000000f451fb860:   00000123d70456d0 00000123d7049d00 

Instructions: (pc=0x00007ffd21c127c0)
0x00007ffd21c127a0:   49 8b 41 20 41 8b da 4c 8b 04 d8 4c 3b c6 74 7a
0x00007ffd21c127b0:   33 c0 4d 89 41 10 33 c9 0f 1f 84 00 00 00 00 00
0x00007ffd21c127c0:   42 83 3c 01 00 8d 50 01 0f 85 be 00 00 00 48 83
0x00007ffd21c127d0:   c1 04 8b c2 83 fa 08 72 e7 4d 8b 59 30 4d 85 db 


Stack slot to memory mapping:
stack at sp + 0 slots: 0x0 is NULL
stack at sp + 1 slots: 0x0 is NULL
stack at sp + 2 slots: 0x0000000000000b30 is an unknown value
stack at sp + 3 slots: 0x00000123d89b0d00 points into unknown readable memory: 02 00 00 00 30 00 00 00
stack at sp + 4 slots: 0x0000000000000002 is an unknown value
stack at sp + 5 slots: 0x00007ffd21c0be8f jvm.dll
stack at sp + 6 slots: 0x0000000000000002 is an unknown value
stack at sp + 7 slots: 0x0000000000000080 is an unknown value


---------------  P R O C E S S  ---------------

Threads class SMR info:
_java_thread_list=0x00000123dcb19100, length=61, elements={
0x00000123b8274000, 0x00000123d581a000, 0x00000123d581b000, 0x00000123d60a2000,
0x00000123d60a3000, 0x00000123d60a7000, 0x00000123d60a8800, 0x00000123d60aa000,
0x00000123d6214800, 0x00000123d6255800, 0x00000123d7ab5800, 0x00000123d633d800,
0x00000123d76f9800, 0x00000123d7f5d000, 0x00000123d7f5a000, 0x00000123d7f5b800,
0x00000123d7f5a800, 0x00000123da206800, 0x00000123da205800, 0x00000123da209800,
0x00000123da20d000, 0x00000123da207000, 0x00000123da208000, 0x00000123da20a800,
0x00000123da209000, 0x00000123da211000, 0x00000123da20b000, 0x00000123da212000,
0x00000123da20e800, 0x00000123da212800, 0x00000123da213800, 0x00000123da20d800,
0x00000123da214000, 0x00000123da20f800, 0x00000123d7f5c800, 0x00000123d7f5e000,
0x00000123d7f58000, 0x00000123d8986000, 0x00000123d8985000, 0x00000123d8982800,
0x00000123d8986800, 0x00000123d8984000, 0x00000123d8981000, 0x00000123d8987800,
0x00000123d8981800, 0x00000123d8983800, 0x00000123db8cc000, 0x00000123db8ca000,
0x00000123db8cb000, 0x00000123db8cc800, 0x00000123db8c7000, 0x00000123db8cd800,
0x00000123db8c8800, 0x00000123db8c7800, 0x00000123db8c9800, 0x00000123db773800,
0x00000123db772800, 0x00000123db771000, 0x00000123db774800, 0x00000123db775000,
0x00000123db776000
}

Java Threads: ( => current thread )
  0x00000123b8274000 JavaThread "main" [_thread_blocked, id=1988, stack(0x0000000f42e00000,0x0000000f42f00000)]
  0x00000123d581a000 JavaThread "Reference Handler" daemon [_thread_blocked, id=7412, stack(0x0000000f43500000,0x0000000f43600000)]
  0x00000123d581b000 JavaThread "Finalizer" daemon [_thread_blocked, id=5148, stack(0x0000000f43600000,0x0000000f43700000)]
  0x00000123d60a2000 JavaThread "Signal Dispatcher" daemon [_thread_blocked, id=8828, stack(0x0000000f43700000,0x0000000f43800000)]
  0x00000123d60a3000 JavaThread "Attach Listener" daemon [_thread_blocked, id=7740, stack(0x0000000f43800000,0x0000000f43900000)]
  0x00000123d60a7000 JavaThread "C2 CompilerThread0" daemon [_thread_blocked, id=6216, stack(0x0000000f43900000,0x0000000f43a00000)]
  0x00000123d60a8800 JavaThread "C1 CompilerThread0" daemon [_thread_blocked, id=2600, stack(0x0000000f43a00000,0x0000000f43b00000)]
  0x00000123d60aa000 JavaThread "Sweeper thread" daemon [_thread_blocked, id=5712, stack(0x0000000f43b00000,0x0000000f43c00000)]
  0x00000123d6214800 JavaThread "Common-Cleaner" daemon [_thread_blocked, id=2064, stack(0x0000000f43c00000,0x0000000f43d00000)]
  0x00000123d6255800 JavaThread "Service Thread" daemon [_thread_blocked, id=5108, stack(0x0000000f43d00000,0x0000000f43e00000)]
  0x00000123d7ab5800 JavaThread "Daemon health stats" [_thread_blocked, id=3232, stack(0x0000000f44500000,0x0000000f44600000)]
  0x00000123d633d800 JavaThread "Incoming local TCP Connector on port 49907" [_thread_in_native, id=1528, stack(0x0000000f44000000,0x0000000f44100000)]
  0x00000123d76f9800 JavaThread "Daemon periodic checks" [_thread_blocked, id=5512, stack(0x0000000f44600000,0x0000000f44700000)]
  0x00000123d7f5d000 JavaThread "Cache worker for file hash cache (C:\Users\Rizwan\.gradle\caches\5.1.1\fileHashes)" [_thread_blocked, id=600, stack(0x0000000f44e00000,0x0000000f44f00000)]
  0x00000123d7f5a000 JavaThread "File lock request listener" [_thread_in_native, id=5420, stack(0x0000000f44f00000,0x0000000f45000000)]
  0x00000123d7f5b800 JavaThread "Cache worker for journal cache (C:\Users\Rizwan\.gradle\caches\journal-1)" [_thread_blocked, id=8368, stack(0x0000000f45000000,0x0000000f45100000)]
  0x00000123d7f5a800 JavaThread "Cache worker for execution history cache (C:\Users\Rizwan\.gradle\caches\5.1.1\executionHistory)" [_thread_blocked, id=9144, stack(0x0000000f45700000,0x0000000f45800000)]
  0x00000123da206800 JavaThread "Memory manager" [_thread_blocked, id=6328, stack(0x0000000f46000000,0x0000000f46100000)]
  0x00000123da205800 JavaThread "Daemon Thread 2" [_thread_blocked, id=7840, stack(0x0000000f42c00000,0x0000000f42d00000)]
  0x00000123da209800 JavaThread "Daemon worker Thread 2" [_thread_blocked, id=4492, stack(0x0000000f44700000,0x0000000f44800000)]
  0x00000123da20d000 JavaThread "Handler for socket connection from /127.0.0.1:49907 to /127.0.0.1:51467" [_thread_in_native, id=4984, stack(0x0000000f42d00000,0x0000000f42e00000)]
  0x00000123da207000 JavaThread "Cancel handler" [_thread_blocked, id=8652, stack(0x0000000f43f00000,0x0000000f44000000)]
  0x00000123da208000 JavaThread "Asynchronous log dispatcher for DefaultDaemonConnection: socket connection from /127.0.0.1:49907 to /127.0.0.1:51467" [_thread_blocked, id=6420, stack(0x0000000f44800000,0x0000000f44900000)]
  0x00000123da20a800 JavaThread "Stdin handler" [_thread_blocked, id=3960, stack(0x0000000f44900000,0x0000000f44a00000)]
  0x00000123da209000 JavaThread "Thread-55" [_thread_blocked, id=10068, stack(0x0000000f44a00000,0x0000000f44b00000)]
  0x00000123da211000 JavaThread "Cache worker for file hash cache (C:\Users\Rizwan\IdeaProjects\CGPACalculator\.gradle\5.1.1\fileHashes)" [_thread_blocked, id=1316, stack(0x0000000f44b00000,0x0000000f44c00000)]
  0x00000123da20b000 JavaThread "Cache worker for cache directory md-supplier (C:\Users\Rizwan\.gradle\caches\5.1.1\md-supplier)" [_thread_blocked, id=9712, stack(0x0000000f44c00000,0x0000000f44d00000)]
  0x00000123da212000 JavaThread "Cache worker for cache directory md-rule (C:\Users\Rizwan\.gradle\caches\5.1.1\md-rule)" [_thread_blocked, id=9760, stack(0x0000000f44d00000,0x0000000f44e00000)]
  0x00000123da20e800 JavaThread "Build operations" [_thread_blocked, id=10048, stack(0x0000000f45200000,0x0000000f45300000)]
  0x00000123da212800 JavaThread "Build operations Thread 2" [_thread_blocked, id=3584, stack(0x0000000f45500000,0x0000000f45600000)]
  0x00000123da213800 JavaThread "Build operations Thread 3" [_thread_blocked, id=1480, stack(0x0000000f45600000,0x0000000f45700000)]
  0x00000123da20d800 JavaThread "Build operations Thread 4" [_thread_blocked, id=7152, stack(0x0000000f45800000,0x0000000f45900000)]
  0x00000123da214000 JavaThread "Build operations Thread 5" [_thread_blocked, id=3176, stack(0x0000000f45900000,0x0000000f45a00000)]
  0x00000123da20f800 JavaThread "Build operations Thread 6" [_thread_blocked, id=8252, stack(0x0000000f45a00000,0x0000000f45b00000)]
  0x00000123d7f5c800 JavaThread "Cache worker for Build Output Cleanup Cache (C:\Users\Rizwan\IdeaProjects\CGPACalculator\.gradle\buildOutputCleanup)" [_thread_blocked, id=3744, stack(0x0000000f45b00000,0x0000000f45c00000)]
  0x00000123d7f5e000 JavaThread "Cache worker for file content cache (C:\Users\Rizwan\.gradle\caches\5.1.1\fileContent)" [_thread_blocked, id=2040, stack(0x0000000f45c00000,0x0000000f45d00000)]
  0x00000123d7f58000 JavaThread "Cache worker for file content cache (C:\Users\Rizwan\IdeaProjects\CGPACalculator\.gradle\5.1.1\fileContent)" [_thread_blocked, id=3712, stack(0x0000000f45d00000,0x0000000f45e00000)]
  0x00000123d8986000 JavaThread "Execution worker for ':'" [_thread_in_native, id=8716, stack(0x0000000f45f00000,0x0000000f46000000)]
  0x00000123d8985000 JavaThread "Execution worker for ':' Thread 2" [_thread_blocked, id=4032, stack(0x0000000f46100000,0x0000000f46200000)]
  0x00000123d8982800 JavaThread "Execution worker for ':' Thread 3" [_thread_blocked, id=9084, stack(0x0000000f46200000,0x0000000f46300000)]
  0x00000123d8986800 JavaThread "Execution worker for ':' Thread 4" [_thread_blocked, id=4888, stack(0x0000000f46300000,0x0000000f46400000)]
  0x00000123d8984000 JavaThread "Execution worker for ':' Thread 5" [_thread_blocked, id=3520, stack(0x0000000f46400000,0x0000000f46500000)]
  0x00000123d8981000 JavaThread "Cache worker for execution history cache (C:\Users\Rizwan\IdeaProjects\CGPACalculator\.gradle\5.1.1\executionHistory)" [_thread_blocked, id=1128, stack(0x0000000f46500000,0x0000000f46600000)]
  0x00000123d8987800 JavaThread "ForkJoinPool.commonPool-worker-3" daemon [_thread_blocked, id=8780, stack(0x0000000f46600000,0x0000000f46700000)]
  0x00000123d8981800 JavaThread "ForkJoinPool.commonPool-worker-5" daemon [_thread_blocked, id=5056, stack(0x0000000f46700000,0x0000000f46800000)]
  0x00000123d8983800 JavaThread "ForkJoinPool.commonPool-worker-7" daemon [_thread_blocked, id=1132, stack(0x0000000f46800000,0x0000000f46900000)]
  0x00000123db8cc000 JavaThread "ForkJoinPool.commonPool-worker-9" daemon [_thread_blocked, id=2672, stack(0x0000000f46900000,0x0000000f46a00000)]
  0x00000123db8ca000 JavaThread "ForkJoinPool.commonPool-worker-11" daemon [_thread_blocked, id=6636, stack(0x0000000f46a00000,0x0000000f46b00000)]
  0x00000123db8cb000 JavaThread "Java2D Disposer" daemon [_thread_blocked, id=8008, stack(0x0000000f46f00000,0x0000000f47000000)]
  0x00000123db8cc800 JavaThread "pool-4-thread-1" [_thread_blocked, id=5836, stack(0x0000000f47000000,0x0000000f47100000)]
  0x00000123db8c7000 JavaThread "stderr" daemon [_thread_in_native, id=9680, stack(0x0000000f47100000,0x0000000f47200000)]
  0x00000123db8cd800 JavaThread "stdout" daemon [_thread_in_native, id=8944, stack(0x0000000f47200000,0x0000000f47300000)]
  0x00000123db8c8800 JavaThread "stderr" daemon [_thread_in_native, id=1044, stack(0x0000000f47300000,0x0000000f47400000)]
  0x00000123db8c7800 JavaThread "stdout" daemon [_thread_in_native, id=8416, stack(0x0000000f47400000,0x0000000f47500000)]
  0x00000123db8c9800 JavaThread "stderr" daemon [_thread_in_native, id=7944, stack(0x0000000f47500000,0x0000000f47600000)]
  0x00000123db773800 JavaThread "stdout" daemon [_thread_in_native, id=7908, stack(0x0000000f47600000,0x0000000f47700000)]
  0x00000123db772800 JavaThread "stderr" daemon [_thread_in_native, id=2364, stack(0x0000000f47700000,0x0000000f47800000)]
  0x00000123db771000 JavaThread "stdout" daemon [_thread_in_native, id=1940, stack(0x0000000f47800000,0x0000000f47900000)]
  0x00000123db774800 JavaThread "stderr" daemon [_thread_in_native, id=6884, stack(0x0000000f47900000,0x0000000f47a00000)]
  0x00000123db775000 JavaThread "stdout" daemon [_thread_in_native, id=4192, stack(0x0000000f47a00000,0x0000000f47b00000)]
=>0x00000123db776000 JavaThread "C2 CompilerThread1" daemon [_thread_in_native, id=10108, stack(0x0000000f45100000,0x0000000f45200000)]

Other Threads:
  0x00000123d5817800 VMThread "VM Thread" [stack: 0x0000000f43400000,0x0000000f43500000] [id=868]
  0x00000123d625f000 WatcherThread [stack: 0x0000000f43e00000,0x0000000f43f00000] [id=1876]
  0x00000123b828b800 GCTaskThread "GC Thread#0" [stack: 0x0000000f42f00000,0x0000000f43000000] [id=5988]
  0x00000123d6c14000 GCTaskThread "GC Thread#1" [stack: 0x0000000f44100000,0x0000000f44200000] [id=7976]
  0x00000123d6f3c000 GCTaskThread "GC Thread#2" [stack: 0x0000000f44200000,0x0000000f44300000] [id=8028]
  0x00000123d6f3d000 GCTaskThread "GC Thread#3" [stack: 0x0000000f44300000,0x0000000f44400000] [id=6280]
  0x00000123d6f3d800 GCTaskThread "GC Thread#4" [stack: 0x0000000f44400000,0x0000000f44500000] [id=5084]
  0x00000123d733e000 GCTaskThread "GC Thread#5" [stack: 0x0000000f45300000,0x0000000f45400000] [id=7020]
  0x00000123b82b1800 ConcurrentGCThread "G1 Main Marker" [stack: 0x0000000f43000000,0x0000000f43100000] [id=8612]
  0x00000123b82b5800 ConcurrentGCThread "G1 Conc#0" [stack: 0x0000000f43100000,0x0000000f43200000] [id=4944]
  0x00000123d806f000 ConcurrentGCThread "G1 Conc#1" [stack: 0x0000000f45400000,0x0000000f45500000] [id=5416]
  0x00000123d5682800 ConcurrentGCThread "G1 Refine#0" [stack: 0x0000000f43200000,0x0000000f43300000] [id=1356]
  0x00000123dc3a0000 ConcurrentGCThread "G1 Refine#1" [stack: 0x0000000f45e00000,0x0000000f45f00000] [id=5576]
  0x00000123dd6ce800 ConcurrentGCThread "G1 Refine#2" [stack: 0x0000000f46b00000,0x0000000f46c00000] [id=9452]
  0x00000123d8843800 ConcurrentGCThread "G1 Refine#3" [stack: 0x0000000f46c00000,0x0000000f46d00000] [id=4704]
  0x00000123d5683800 ConcurrentGCThread "G1 Young RemSet Sampling" [stack: 0x0000000f43300000,0x0000000f43400000] [id=6740]

Threads with active compile tasks:
C2 CompilerThread110816   !   4       java.io.ObjectOutputStream::writeObject0 (619 bytes)

VM state:not at safepoint (normal execution)

VM Mutex/Monitor currently owned by a thread: None

Heap address: 0x00000000a0000000, size: 1536 MB, Compressed Oops mode: 32-bit
Narrow klass base: 0x0000000000000000, Narrow klass shift: 3
Compressed class space size: 1073741824 Address: 0x0000000100000000

Heap:
 garbage-first heap   total 247808K, used 151495K [0x00000000a0000000, 0x0000000100000000)
  region size 1024K, 85 young (87040K), 16 survivors (16384K)
 Metaspace       used 82321K, capacity 84247K, committed 84480K, reserved 1122304K
  class space    used 10021K, capacity 10652K, committed 10752K, reserved 1048576K
Heap Regions: E=young(eden), S=young(survivor), O=old, HS=humongous(starts), HC=humongous(continues), CS=collection set, F=free, A=archive, TAMS=top-at-mark-start (previous, next)
|   0|0x00000000a0000000, 0x00000000a0100000, 0x00000000a0100000|100%|HS|  |TAMS 0x00000000a0100000, 0x00000000a0000000| Complete 
|   1|0x00000000a0100000, 0x00000000a0200000, 0x00000000a0200000|100%|HS|  |TAMS 0x00000000a0200000, 0x00000000a0100000| Complete 
|   2|0x00000000a0200000, 0x00000000a0300000, 0x00000000a0300000|100%|HC|  |TAMS 0x00000000a0300000, 0x00000000a0200000| Complete 
|   3|0x00000000a0300000, 0x00000000a0400000, 0x00000000a0400000|100%| O|  |TAMS 0x00000000a0400000, 0x00000000a0300000| Untracked 
|   4|0x00000000a0400000, 0x00000000a0500000, 0x00000000a0500000|100%| O|  |TAMS 0x00000000a0500000, 0x00000000a0400000| Untracked 
|   5|0x00000000a0500000, 0x00000000a0600000, 0x00000000a0600000|100%|HS|  |TAMS 0x00000000a0600000, 0x00000000a0500000| Complete 
|   6|0x00000000a0600000, 0x00000000a0700000, 0x00000000a0700000|100%|HC|  |TAMS 0x00000000a0700000, 0x00000000a0600000| Complete 
|   7|0x00000000a0700000, 0x00000000a0800000, 0x00000000a0800000|100%|HC|  |TAMS 0x00000000a0800000, 0x00000000a0700000| Complete 
|   8|0x00000000a0800000, 0x00000000a0900000, 0x00000000a0900000|100%| O|  |TAMS 0x00000000a0900000, 0x00000000a0800000| Untracked 
|   9|0x00000000a0900000, 0x00000000a0a00000, 0x00000000a0a00000|100%| O|  |TAMS 0x00000000a0a00000, 0x00000000a0900000| Untracked 
|  10|0x00000000a0a00000, 0x00000000a0b00000, 0x00000000a0b00000|100%| O|  |TAMS 0x00000000a0b00000, 0x00000000a0a00000| Untracked 
|  11|0x00000000a0b00000, 0x00000000a0c00000, 0x00000000a0c00000|100%| O|  |TAMS 0x00000000a0c00000, 0x00000000a0b00000| Untracked 
|  12|0x00000000a0c00000, 0x00000000a0d00000, 0x00000000a0d00000|100%| O|  |TAMS 0x00000000a0d00000, 0x00000000a0c00000| Untracked 
|  13|0x00000000a0d00000, 0x00000000a0e00000, 0x00000000a0e00000|100%| O|  |TAMS 0x00000000a0e00000, 0x00000000a0d00000| Untracked 
|  14|0x00000000a0e00000, 0x00000000a0f00000, 0x00000000a0f00000|100%| O|  |TAMS 0x00000000a0f00000, 0x00000000a0e00000| Untracked 
|  15|0x00000000a0f00000, 0x00000000a1000000, 0x00000000a1000000|100%| O|  |TAMS 0x00000000a1000000, 0x00000000a0f00000| Untracked 
|  16|0x00000000a1000000, 0x00000000a1100000, 0x00000000a1100000|100%| O|  |TAMS 0x00000000a1100000, 0x00000000a1000000| Untracked 
|  17|0x00000000a1100000, 0x00000000a1200000, 0x00000000a1200000|100%| O|  |TAMS 0x00000000a1200000, 0x00000000a1100000| Untracked 
|  18|0x00000000a1200000, 0x00000000a1300000, 0x00000000a1300000|100%|HS|  |TAMS 0x00000000a1300000, 0x00000000a1200000| Complete 
|  19|0x00000000a1300000, 0x00000000a1400000, 0x00000000a1400000|100%|HC|  |TAMS 0x00000000a1400000, 0x00000000a1300000| Complete 
|  20|0x00000000a1400000, 0x00000000a1500000, 0x00000000a1500000|100%|HS|  |TAMS 0x00000000a1500000, 0x00000000a1400000| Complete 
|  21|0x00000000a1500000, 0x00000000a1600000, 0x00000000a1600000|100%|HC|  |TAMS 0x00000000a1600000, 0x00000000a1500000| Complete 
|  22|0x00000000a1600000, 0x00000000a1700000, 0x00000000a1700000|100%| O|  |TAMS 0x00000000a1700000, 0x00000000a1600000| Untracked 
|  23|0x00000000a1700000, 0x00000000a1800000, 0x00000000a1800000|100%| O|  |TAMS 0x00000000a1800000, 0x00000000a1700000| Untracked 
|  24|0x00000000a1800000, 0x00000000a1900000, 0x00000000a1900000|100%| O|  |TAMS 0x00000000a1900000, 0x00000000a1800000| Untracked 
|  25|0x00000000a1900000, 0x00000000a1a00000, 0x00000000a1a00000|100%| O|  |TAMS 0x00000000a1a00000, 0x00000000a1900000| Untracked 
|  26|0x00000000a1a00000, 0x00000000a1b00000, 0x00000000a1b00000|100%| O|  |TAMS 0x00000000a1b00000, 0x00000000a1a00000| Untracked 
|  27|0x00000000a1b00000, 0x00000000a1c00000, 0x00000000a1c00000|100%| O|  |TAMS 0x00000000a1c00000, 0x00000000a1b00000| Untracked 
|  28|0x00000000a1c00000, 0x00000000a1d00000, 0x00000000a1d00000|100%| O|  |TAMS 0x00000000a1d00000, 0x00000000a1c00000| Untracked 
|  29|0x00000000a1d00000, 0x00000000a1e00000, 0x00000000a1e00000|100%| O|  |TAMS 0x00000000a1e00000, 0x00000000a1d00000| Untracked 
|  30|0x00000000a1e00000, 0x00000000a1f00000, 0x00000000a1f00000|100%| O|  |TAMS 0x00000000a1f00000, 0x00000000a1e00000| Untracked 
|  31|0x00000000a1f00000, 0x00000000a2000000, 0x00000000a2000000|100%| O|  |TAMS 0x00000000a2000000, 0x00000000a1f00000| Untracked 
|  32|0x00000000a2000000, 0x00000000a2100000, 0x00000000a2100000|100%| O|  |TAMS 0x00000000a2100000, 0x00000000a2000000| Untracked 
|  33|0x00000000a2100000, 0x00000000a2200000, 0x00000000a2200000|100%| O|  |TAMS 0x00000000a2200000, 0x00000000a2100000| Untracked 
|  34|0x00000000a2200000, 0x00000000a2300000, 0x00000000a2300000|100%| O|  |TAMS 0x00000000a2300000, 0x00000000a2200000| Untracked 
|  35|0x00000000a2300000, 0x00000000a2400000, 0x00000000a2400000|100%| O|  |TAMS 0x00000000a2400000, 0x00000000a2300000| Untracked 
|  36|0x00000000a2400000, 0x00000000a2500000, 0x00000000a2500000|100%| O|  |TAMS 0x00000000a2442e00, 0x00000000a2400000| Untracked 
|  37|0x00000000a2500000, 0x00000000a2600000, 0x00000000a2600000|100%| O|  |TAMS 0x00000000a2500000, 0x00000000a2500000| Untracked 
|  38|0x00000000a2600000, 0x00000000a2700000, 0x00000000a2700000|100%| O|  |TAMS 0x00000000a2600000, 0x00000000a2600000| Untracked 
|  39|0x00000000a2700000, 0x00000000a2800000, 0x00000000a2800000|100%| O|  |TAMS 0x00000000a2700000, 0x00000000a2700000| Untracked 
|  40|0x00000000a2800000, 0x00000000a2900000, 0x00000000a2900000|100%| O|  |TAMS 0x00000000a2800000, 0x00000000a2800000| Untracked 
|  41|0x00000000a2900000, 0x00000000a2a00000, 0x00000000a2a00000|100%| O|  |TAMS 0x00000000a2900000, 0x00000000a2900000| Untracked 
|  42|0x00000000a2a00000, 0x00000000a2b00000, 0x00000000a2b00000|100%| O|  |TAMS 0x00000000a2a00000, 0x00000000a2a00000| Untracked 
|  43|0x00000000a2b00000, 0x00000000a2c00000, 0x00000000a2c00000|100%| O|  |TAMS 0x00000000a2b00000, 0x00000000a2b00000| Untracked 
|  44|0x00000000a2c00000, 0x00000000a2d00000, 0x00000000a2d00000|100%|HS|  |TAMS 0x00000000a2c00000, 0x00000000a2c00000| Complete 
|  45|0x00000000a2d00000, 0x00000000a2e00000, 0x00000000a2e00000|100%|HC|  |TAMS 0x00000000a2d00000, 0x00000000a2d00000| Complete 
|  46|0x00000000a2e00000, 0x00000000a2f00000, 0x00000000a2f00000|100%|HS|  |TAMS 0x00000000a2e00000, 0x00000000a2e00000| Complete 
|  47|0x00000000a2f00000, 0x00000000a3000000, 0x00000000a3000000|100%|HC|  |TAMS 0x00000000a2f00000, 0x00000000a2f00000| Complete 
|  48|0x00000000a3000000, 0x00000000a3100000, 0x00000000a3100000|100%|HC|  |TAMS 0x00000000a3000000, 0x00000000a3000000| Complete 
|  49|0x00000000a3100000, 0x00000000a3200000, 0x00000000a3200000|100%|HS|  |TAMS 0x00000000a3100000, 0x00000000a3100000| Complete 
|  50|0x00000000a3200000, 0x00000000a3300000, 0x00000000a3300000|100%|HC|  |TAMS 0x00000000a3200000, 0x00000000a3200000| Complete 
|  51|0x00000000a3300000, 0x00000000a3400000, 0x00000000a3400000|100%| O|  |TAMS 0x00000000a3300000, 0x00000000a3300000| Untracked 
|  52|0x00000000a3400000, 0x00000000a3500000, 0x00000000a3500000|100%| O|  |TAMS 0x00000000a3400000, 0x00000000a3400000| Untracked 
|  53|0x00000000a3500000, 0x00000000a3600000, 0x00000000a3600000|100%| O|  |TAMS 0x00000000a3500000, 0x00000000a3500000| Untracked 
|  54|0x00000000a3600000, 0x00000000a3700000, 0x00000000a3700000|100%| O|  |TAMS 0x00000000a3600000, 0x00000000a3600000| Untracked 
|  55|0x00000000a3700000, 0x00000000a37f1c00, 0x00000000a3800000| 94%| O|  |TAMS 0x00000000a3700000, 0x00000000a3700000| Untracked 
|  56|0x00000000a3800000, 0x00000000a3900000, 0x00000000a3900000|100%|HS|  |TAMS 0x00000000a3800000, 0x00000000a3800000| Complete 
|  57|0x00000000a3900000, 0x00000000a3a00000, 0x00000000a3a00000|100%|HS|  |TAMS 0x00000000a3900000, 0x00000000a3900000| Complete 
|  58|0x00000000a3a00000, 0x00000000a3b00000, 0x00000000a3b00000|100%|HS|  |TAMS 0x00000000a3a00000, 0x00000000a3a00000| Complete 
|  59|0x00000000a3b00000, 0x00000000a3c00000, 0x00000000a3c00000|100%|HC|  |TAMS 0x00000000a3b00000, 0x00000000a3b00000| Complete 
|  60|0x00000000a3c00000, 0x00000000a3d00000, 0x00000000a3d00000|100%|HS|  |TAMS 0x00000000a3c00000, 0x00000000a3c00000| Complete 
|  61|0x00000000a3d00000, 0x00000000a3e00000, 0x00000000a3e00000|100%|HS|  |TAMS 0x00000000a3d00000, 0x00000000a3d00000| Complete 
|  62|0x00000000a3e00000, 0x00000000a3f00000, 0x00000000a3f00000|100%|HC|  |TAMS 0x00000000a3e00000, 0x00000000a3e00000| Complete 
|  63|0x00000000a3f00000, 0x00000000a4000000, 0x00000000a4000000|100%|HS|  |TAMS 0x00000000a3f00000, 0x00000000a3f00000| Complete 
|  64|0x00000000a4000000, 0x00000000a4100000, 0x00000000a4100000|100%|HC|  |TAMS 0x00000000a4000000, 0x00000000a4000000| Complete 
|  65|0x00000000a4100000, 0x00000000a4100000, 0x00000000a4200000|  0%| F|  |TAMS 0x00000000a4100000, 0x00000000a4100000| Untracked 
|  66|0x00000000a4200000, 0x00000000a4200000, 0x00000000a4300000|  0%| F|  |TAMS 0x00000000a4200000, 0x00000000a4200000| Untracked 
|  67|0x00000000a4300000, 0x00000000a4300000, 0x00000000a4400000|  0%| F|  |TAMS 0x00000000a4300000, 0x00000000a4300000| Untracked 
|  68|0x00000000a4400000, 0x00000000a4400000, 0x00000000a4500000|  0%| F|  |TAMS 0x00000000a4400000, 0x00000000a4400000| Untracked 
|  69|0x00000000a4500000, 0x00000000a4500000, 0x00000000a4600000|  0%| F|  |TAMS 0x00000000a4500000, 0x00000000a4500000| Untracked 
|  70|0x00000000a4600000, 0x00000000a4600000, 0x00000000a4700000|  0%| F|  |TAMS 0x00000000a4600000, 0x00000000a4600000| Untracked 
|  71|0x00000000a4700000, 0x00000000a4700000, 0x00000000a4800000|  0%| F|  |TAMS 0x00000000a4700000, 0x00000000a4700000| Untracked 
|  72|0x00000000a4800000, 0x00000000a4800000, 0x00000000a4900000|  0%| F|  |TAMS 0x00000000a4800000, 0x00000000a4800000| Untracked 
|  73|0x00000000a4900000, 0x00000000a4900000, 0x00000000a4a00000|  0%| F|  |TAMS 0x00000000a4900000, 0x00000000a4900000| Untracked 
|  74|0x00000000a4a00000, 0x00000000a4a00000, 0x00000000a4b00000|  0%| F|  |TAMS 0x00000000a4a00000, 0x00000000a4a00000| Untracked 
|  75|0x00000000a4b00000, 0x00000000a4b00000, 0x00000000a4c00000|  0%| F|  |TAMS 0x00000000a4b00000, 0x00000000a4b00000| Untracked 
|  76|0x00000000a4c00000, 0x00000000a4c00000, 0x00000000a4d00000|  0%| F|  |TAMS 0x00000000a4c00000, 0x00000000a4c00000| Untracked 
|  77|0x00000000a4d00000, 0x00000000a4d00000, 0x00000000a4e00000|  0%| F|  |TAMS 0x00000000a4d00000, 0x00000000a4d00000| Untracked 
|  78|0x00000000a4e00000, 0x00000000a4e00000, 0x00000000a4f00000|  0%| F|  |TAMS 0x00000000a4e00000, 0x00000000a4e00000| Untracked 
|  79|0x00000000a4f00000, 0x00000000a4f00000, 0x00000000a5000000|  0%| F|  |TAMS 0x00000000a4f00000, 0x00000000a4f00000| Untracked 
|  80|0x00000000a5000000, 0x00000000a5000000, 0x00000000a5100000|  0%| F|  |TAMS 0x00000000a5000000, 0x00000000a5000000| Untracked 
|  81|0x00000000a5100000, 0x00000000a5100000, 0x00000000a5200000|  0%| F|  |TAMS 0x00000000a5100000, 0x00000000a5100000| Untracked 
|  82|0x00000000a5200000, 0x00000000a5200000, 0x00000000a5300000|  0%| F|  |TAMS 0x00000000a5200000, 0x00000000a5200000| Untracked 
|  83|0x00000000a5300000, 0x00000000a5300000, 0x00000000a5400000|  0%| F|  |TAMS 0x00000000a5300000, 0x00000000a5300000| Untracked 
|  84|0x00000000a5400000, 0x00000000a5400000, 0x00000000a5500000|  0%| F|  |TAMS 0x00000000a5400000, 0x00000000a5400000| Untracked 
|  85|0x00000000a5500000, 0x00000000a5500000, 0x00000000a5600000|  0%| F|  |TAMS 0x00000000a5500000, 0x00000000a5500000| Untracked 
|  86|0x00000000a5600000, 0x00000000a5600000, 0x00000000a5700000|  0%| F|  |TAMS 0x00000000a5600000, 0x00000000a5600000| Untracked 
|  87|0x00000000a5700000, 0x00000000a5700000, 0x00000000a5800000|  0%| F|  |TAMS 0x00000000a5700000, 0x00000000a5700000| Untracked 
|  88|0x00000000a5800000, 0x00000000a5800000, 0x00000000a5900000|  0%| F|  |TAMS 0x00000000a5800000, 0x00000000a5800000| Untracked 
|  89|0x00000000a5900000, 0x00000000a5900000, 0x00000000a5a00000|  0%| F|  |TAMS 0x00000000a5900000, 0x00000000a5900000| Untracked 
|  90|0x00000000a5a00000, 0x00000000a5a00000, 0x00000000a5b00000|  0%| F|  |TAMS 0x00000000a5a00000, 0x00000000a5a00000| Untracked 
|  91|0x00000000a5b00000, 0x00000000a5b00000, 0x00000000a5c00000|  0%| F|  |TAMS 0x00000000a5b00000, 0x00000000a5b00000| Untracked 
|  92|0x00000000a5c00000, 0x00000000a5c00000, 0x00000000a5d00000|  0%| F|  |TAMS 0x00000000a5c00000, 0x00000000a5c00000| Untracked 
|  93|0x00000000a5d00000, 0x00000000a5d00000, 0x00000000a5e00000|  0%| F|  |TAMS 0x00000000a5d00000, 0x00000000a5d00000| Untracked 
|  94|0x00000000a5e00000, 0x00000000a5e00000, 0x00000000a5f00000|  0%| F|  |TAMS 0x00000000a5e00000, 0x00000000a5e00000| Untracked 
|  95|0x00000000a5f00000, 0x00000000a5f00000, 0x00000000a6000000|  0%| F|  |TAMS 0x00000000a5f00000, 0x00000000a5f00000| Untracked 
|  96|0x00000000a6000000, 0x00000000a6000000, 0x00000000a6100000|  0%| F|  |TAMS 0x00000000a6000000, 0x00000000a6000000| Untracked 
|  97|0x00000000a6100000, 0x00000000a6100000, 0x00000000a6200000|  0%| F|  |TAMS 0x00000000a6100000, 0x00000000a6100000| Untracked 
|  98|0x00000000a6200000, 0x00000000a6200000, 0x00000000a6300000|  0%| F|  |TAMS 0x00000000a6200000, 0x00000000a6200000| Untracked 
|  99|0x00000000a6300000, 0x00000000a6300000, 0x00000000a6400000|  0%| F|  |TAMS 0x00000000a6300000, 0x00000000a6300000| Untracked 
| 100|0x00000000a6400000, 0x00000000a6400000, 0x00000000a6500000|  0%| F|  |TAMS 0x00000000a6400000, 0x00000000a6400000| Untracked 
| 101|0x00000000a6500000, 0x00000000a6500000, 0x00000000a6600000|  0%| F|  |TAMS 0x00000000a6500000, 0x00000000a6500000| Untracked 
| 102|0x00000000a6600000, 0x00000000a6600000, 0x00000000a6700000|  0%| F|  |TAMS 0x00000000a6600000, 0x00000000a6600000| Untracked 
| 103|0x00000000a6700000, 0x00000000a6700000, 0x00000000a6800000|  0%| F|  |TAMS 0x00000000a6700000, 0x00000000a6700000| Untracked 
| 104|0x00000000a6800000, 0x00000000a6800000, 0x00000000a6900000|  0%| F|  |TAMS 0x00000000a6800000, 0x00000000a6800000| Untracked 
| 105|0x00000000a6900000, 0x00000000a6a00000, 0x00000000a6a00000|100%| S|CS|TAMS 0x00000000a6900000, 0x00000000a6900000| Complete 
| 106|0x00000000a6a00000, 0x00000000a6b00000, 0x00000000a6b00000|100%| S|CS|TAMS 0x00000000a6a00000, 0x00000000a6a00000| Complete 
| 107|0x00000000a6b00000, 0x00000000a6c00000, 0x00000000a6c00000|100%| S|CS|TAMS 0x00000000a6b00000, 0x00000000a6b00000| Complete 
| 108|0x00000000a6c00000, 0x00000000a6d00000, 0x00000000a6d00000|100%| S|CS|TAMS 0x00000000a6c00000, 0x00000000a6c00000| Complete 
| 109|0x00000000a6d00000, 0x00000000a6e00000, 0x00000000a6e00000|100%| S|CS|TAMS 0x00000000a6d00000, 0x00000000a6d00000| Complete 
| 110|0x00000000a6e00000, 0x00000000a6f00000, 0x00000000a6f00000|100%| S|CS|TAMS 0x00000000a6e00000, 0x00000000a6e00000| Complete 
| 111|0x00000000a6f00000, 0x00000000a7000000, 0x00000000a7000000|100%| S|CS|TAMS 0x00000000a6f00000, 0x00000000a6f00000| Complete 
| 112|0x00000000a7000000, 0x00000000a7100000, 0x00000000a7100000|100%| S|CS|TAMS 0x00000000a7000000, 0x00000000a7000000| Complete 
| 113|0x00000000a7100000, 0x00000000a7200000, 0x00000000a7200000|100%| S|CS|TAMS 0x00000000a7100000, 0x00000000a7100000| Complete 
| 114|0x00000000a7200000, 0x00000000a7300000, 0x00000000a7300000|100%| S|CS|TAMS 0x00000000a7200000, 0x00000000a7200000| Complete 
| 115|0x00000000a7300000, 0x00000000a7400000, 0x00000000a7400000|100%| S|CS|TAMS 0x00000000a7300000, 0x00000000a7300000| Complete 
| 116|0x00000000a7400000, 0x00000000a7500000, 0x00000000a7500000|100%| S|CS|TAMS 0x00000000a7400000, 0x00000000a7400000| Complete 
| 117|0x00000000a7500000, 0x00000000a7600000, 0x00000000a7600000|100%| S|CS|TAMS 0x00000000a7500000, 0x00000000a7500000| Complete 
| 118|0x00000000a7600000, 0x00000000a7700000, 0x00000000a7700000|100%| S|CS|TAMS 0x00000000a7600000, 0x00000000a7600000| Complete 
| 119|0x00000000a7700000, 0x00000000a7700000, 0x00000000a7800000|  0%| F|  |TAMS 0x00000000a7700000, 0x00000000a7700000| Untracked 
| 120|0x00000000a7800000, 0x00000000a7800000, 0x00000000a7900000|  0%| F|  |TAMS 0x00000000a7800000, 0x00000000a7800000| Untracked 
| 121|0x00000000a7900000, 0x00000000a7900000, 0x00000000a7a00000|  0%| F|  |TAMS 0x00000000a7900000, 0x00000000a7900000| Untracked 
| 122|0x00000000a7a00000, 0x00000000a7a00000, 0x00000000a7b00000|  0%| F|  |TAMS 0x00000000a7a00000, 0x00000000a7a00000| Untracked 
| 123|0x00000000a7b00000, 0x00000000a7b00000, 0x00000000a7c00000|  0%| F|  |TAMS 0x00000000a7b00000, 0x00000000a7b00000| Untracked 
| 124|0x00000000a7c00000, 0x00000000a7c00000, 0x00000000a7d00000|  0%| F|  |TAMS 0x00000000a7c00000, 0x00000000a7c00000| Untracked 
| 125|0x00000000a7d00000, 0x00000000a7e00000, 0x00000000a7e00000|100%| S|CS|TAMS 0x00000000a7d00000, 0x00000000a7d00000| Complete 
| 126|0x00000000a7e00000, 0x00000000a7f00000, 0x00000000a7f00000|100%| S|CS|TAMS 0x00000000a7e00000, 0x00000000a7e00000| Complete 
| 127|0x00000000a7f00000, 0x00000000a7f00000, 0x00000000a8000000|  0%| F|  |TAMS 0x00000000a7f00000, 0x00000000a7f00000| Untracked 
| 128|0x00000000a8000000, 0x00000000a8000000, 0x00000000a8100000|  0%| F|  |TAMS 0x00000000a8000000, 0x00000000a8000000| Untracked 
| 129|0x00000000a8100000, 0x00000000a8100000, 0x00000000a8200000|  0%| F|  |TAMS 0x00000000a8100000, 0x00000000a8100000| Untracked 
| 130|0x00000000a8200000, 0x00000000a8200000, 0x00000000a8300000|  0%| F|  |TAMS 0x00000000a8200000, 0x00000000a8200000| Untracked 
| 131|0x00000000a8300000, 0x00000000a8300000, 0x00000000a8400000|  0%| F|  |TAMS 0x00000000a8300000, 0x00000000a8300000| Untracked 
| 132|0x00000000a8400000, 0x00000000a8400000, 0x00000000a8500000|  0%| F|  |TAMS 0x00000000a8400000, 0x00000000a8400000| Untracked 
| 133|0x00000000a8500000, 0x00000000a8500000, 0x00000000a8600000|  0%| F|  |TAMS 0x00000000a8500000, 0x00000000a8500000| Untracked 
| 134|0x00000000a8600000, 0x00000000a8600000, 0x00000000a8700000|  0%| F|  |TAMS 0x00000000a8600000, 0x00000000a8600000| Untracked 
| 135|0x00000000a8700000, 0x00000000a8700000, 0x00000000a8800000|  0%| F|  |TAMS 0x00000000a8700000, 0x00000000a8700000| Untracked 
| 136|0x00000000a8800000, 0x00000000a8800000, 0x00000000a8900000|  0%| F|  |TAMS 0x00000000a8800000, 0x00000000a8800000| Untracked 
| 137|0x00000000a8900000, 0x00000000a8900000, 0x00000000a8a00000|  0%| F|  |TAMS 0x00000000a8900000, 0x00000000a8900000| Untracked 
| 138|0x00000000a8a00000, 0x00000000a8a00000, 0x00000000a8b00000|  0%| F|  |TAMS 0x00000000a8a00000, 0x00000000a8a00000| Untracked 
| 139|0x00000000a8b00000, 0x00000000a8b00000, 0x00000000a8c00000|  0%| F|  |TAMS 0x00000000a8b00000, 0x00000000a8b00000| Untracked 
| 140|0x00000000a8c00000, 0x00000000a8c00000, 0x00000000a8d00000|  0%| F|  |TAMS 0x00000000a8c00000, 0x00000000a8c00000| Untracked 
| 141|0x00000000a8d00000, 0x00000000a8d00000, 0x00000000a8e00000|  0%| F|  |TAMS 0x00000000a8d00000, 0x00000000a8d00000| Untracked 
| 142|0x00000000a8e00000, 0x00000000a8e00000, 0x00000000a8f00000|  0%| F|  |TAMS 0x00000000a8e00000, 0x00000000a8e00000| Untracked 
| 143|0x00000000a8f00000, 0x00000000a8f00000, 0x00000000a9000000|  0%| F|  |TAMS 0x00000000a8f00000, 0x00000000a8f00000| Untracked 
| 144|0x00000000a9000000, 0x00000000a9000000, 0x00000000a9100000|  0%| F|  |TAMS 0x00000000a9000000, 0x00000000a9000000| Untracked 
| 145|0x00000000a9100000, 0x00000000a9100000, 0x00000000a9200000|  0%| F|  |TAMS 0x00000000a9100000, 0x00000000a9100000| Untracked 
| 146|0x00000000a9200000, 0x00000000a9200000, 0x00000000a9300000|  0%| F|  |TAMS 0x00000000a9200000, 0x00000000a9200000| Untracked 
| 147|0x00000000a9300000, 0x00000000a9300000, 0x00000000a9400000|  0%| F|  |TAMS 0x00000000a9300000, 0x00000000a9300000| Untracked 
| 148|0x00000000a9400000, 0x00000000a9400000, 0x00000000a9500000|  0%| F|  |TAMS 0x00000000a9400000, 0x00000000a9400000| Untracked 
| 149|0x00000000a9500000, 0x00000000a9500000, 0x00000000a9600000|  0%| F|  |TAMS 0x00000000a9500000, 0x00000000a9500000| Untracked 
| 150|0x00000000a9600000, 0x00000000a9600000, 0x00000000a9700000|  0%| F|  |TAMS 0x00000000a9600000, 0x00000000a9600000| Untracked 
| 151|0x00000000a9700000, 0x00000000a9700000, 0x00000000a9800000|  0%| F|  |TAMS 0x00000000a9700000, 0x00000000a9700000| Untracked 
| 152|0x00000000a9800000, 0x00000000a9800000, 0x00000000a9900000|  0%| F|  |TAMS 0x00000000a9800000, 0x00000000a9800000| Untracked 
| 153|0x00000000a9900000, 0x00000000a9900000, 0x00000000a9a00000|  0%| F|  |TAMS 0x00000000a9900000, 0x00000000a9900000| Untracked 
| 154|0x00000000a9a00000, 0x00000000a9a00000, 0x00000000a9b00000|  0%| F|  |TAMS 0x00000000a9a00000, 0x00000000a9a00000| Untracked 
| 155|0x00000000a9b00000, 0x00000000a9b00000, 0x00000000a9c00000|  0%| F|  |TAMS 0x00000000a9b00000, 0x00000000a9b00000| Untracked 
| 156|0x00000000a9c00000, 0x00000000a9c00000, 0x00000000a9d00000|  0%| F|  |TAMS 0x00000000a9c00000, 0x00000000a9c00000| Untracked 
| 157|0x00000000a9d00000, 0x00000000a9d00000, 0x00000000a9e00000|  0%| F|  |TAMS 0x00000000a9d00000, 0x00000000a9d00000| Untracked 
| 158|0x00000000a9e00000, 0x00000000a9e00000, 0x00000000a9f00000|  0%| F|  |TAMS 0x00000000a9e00000, 0x00000000a9e00000| Untracked 
| 159|0x00000000a9f00000, 0x00000000a9f00000, 0x00000000aa000000|  0%| F|  |TAMS 0x00000000a9f00000, 0x00000000a9f00000| Untracked 
| 160|0x00000000aa000000, 0x00000000aa000000, 0x00000000aa100000|  0%| F|  |TAMS 0x00000000aa000000, 0x00000000aa000000| Untracked 
| 161|0x00000000aa100000, 0x00000000aa100000, 0x00000000aa200000|  0%| F|  |TAMS 0x00000000aa100000, 0x00000000aa100000| Untracked 
| 162|0x00000000aa200000, 0x00000000aa200000, 0x00000000aa300000|  0%| F|  |TAMS 0x00000000aa200000, 0x00000000aa200000| Untracked 
| 163|0x00000000aa300000, 0x00000000aa300000, 0x00000000aa400000|  0%| F|  |TAMS 0x00000000aa300000, 0x00000000aa300000| Untracked 
| 164|0x00000000aa400000, 0x00000000aa400000, 0x00000000aa500000|  0%| F|  |TAMS 0x00000000aa400000, 0x00000000aa400000| Untracked 
| 165|0x00000000aa500000, 0x00000000aa500000, 0x00000000aa600000|  0%| F|  |TAMS 0x00000000aa500000, 0x00000000aa500000| Untracked 
| 166|0x00000000aa600000, 0x00000000aa600000, 0x00000000aa700000|  0%| F|  |TAMS 0x00000000aa600000, 0x00000000aa600000| Untracked 
| 167|0x00000000aa700000, 0x00000000aa700000, 0x00000000aa800000|  0%| F|  |TAMS 0x00000000aa700000, 0x00000000aa700000| Untracked 
| 168|0x00000000aa800000, 0x00000000aa800000, 0x00000000aa900000|  0%| F|  |TAMS 0x00000000aa800000, 0x00000000aa800000| Untracked 
| 169|0x00000000aa900000, 0x00000000aa900000, 0x00000000aaa00000|  0%| F|  |TAMS 0x00000000aa900000, 0x00000000aa900000| Untracked 
| 170|0x00000000aaa00000, 0x00000000aaa00000, 0x00000000aab00000|  0%| F|  |TAMS 0x00000000aaa00000, 0x00000000aaa00000| Untracked 
| 171|0x00000000aab00000, 0x00000000aab00000, 0x00000000aac00000|  0%| F|  |TAMS 0x00000000aab00000, 0x00000000aab00000| Untracked 
| 172|0x00000000aac00000, 0x00000000aac00000, 0x00000000aad00000|  0%| F|  |TAMS 0x00000000aac00000, 0x00000000aac00000| Untracked 
| 173|0x00000000aad00000, 0x00000000aad80800, 0x00000000aae00000| 50%| E|  |TAMS 0x00000000aad00000, 0x00000000aad00000| Complete 
| 174|0x00000000aae00000, 0x00000000aaf00000, 0x00000000aaf00000|100%| E|CS|TAMS 0x00000000aae00000, 0x00000000aae00000| Complete 
| 175|0x00000000aaf00000, 0x00000000ab000000, 0x00000000ab000000|100%| E|CS|TAMS 0x00000000aaf00000, 0x00000000aaf00000| Complete 
| 176|0x00000000ab000000, 0x00000000ab100000, 0x00000000ab100000|100%| E|CS|TAMS 0x00000000ab000000, 0x00000000ab000000| Complete 
| 177|0x00000000ab100000, 0x00000000ab200000, 0x00000000ab200000|100%| E|CS|TAMS 0x00000000ab100000, 0x00000000ab100000| Complete 
| 178|0x00000000ab200000, 0x00000000ab300000, 0x00000000ab300000|100%| E|CS|TAMS 0x00000000ab200000, 0x00000000ab200000| Complete 
| 179|0x00000000ab300000, 0x00000000ab400000, 0x00000000ab400000|100%| E|CS|TAMS 0x00000000ab300000, 0x00000000ab300000| Complete 
| 180|0x00000000ab400000, 0x00000000ab500000, 0x00000000ab500000|100%| E|CS|TAMS 0x00000000ab400000, 0x00000000ab400000| Complete 
| 181|0x00000000ab500000, 0x00000000ab600000, 0x00000000ab600000|100%| E|CS|TAMS 0x00000000ab500000, 0x00000000ab500000| Complete 
| 182|0x00000000ab600000, 0x00000000ab700000, 0x00000000ab700000|100%| E|CS|TAMS 0x00000000ab600000, 0x00000000ab600000| Complete 
| 183|0x00000000ab700000, 0x00000000ab800000, 0x00000000ab800000|100%| E|CS|TAMS 0x00000000ab700000, 0x00000000ab700000| Complete 
| 184|0x00000000ab800000, 0x00000000ab900000, 0x00000000ab900000|100%| E|CS|TAMS 0x00000000ab800000, 0x00000000ab800000| Complete 
| 185|0x00000000ab900000, 0x00000000aba00000, 0x00000000aba00000|100%| E|CS|TAMS 0x00000000ab900000, 0x00000000ab900000| Complete 
| 186|0x00000000aba00000, 0x00000000abb00000, 0x00000000abb00000|100%| E|CS|TAMS 0x00000000aba00000, 0x00000000aba00000| Complete 
| 187|0x00000000abb00000, 0x00000000abc00000, 0x00000000abc00000|100%| E|CS|TAMS 0x00000000abb00000, 0x00000000abb00000| Complete 
| 188|0x00000000abc00000, 0x00000000abd00000, 0x00000000abd00000|100%| E|CS|TAMS 0x00000000abc00000, 0x00000000abc00000| Complete 
| 189|0x00000000abd00000, 0x00000000abe00000, 0x00000000abe00000|100%| E|CS|TAMS 0x00000000abd00000, 0x00000000abd00000| Complete 
| 190|0x00000000abe00000, 0x00000000abf00000, 0x00000000abf00000|100%| E|CS|TAMS 0x00000000abe00000, 0x00000000abe00000| Complete 
| 191|0x00000000abf00000, 0x00000000ac000000, 0x00000000ac000000|100%| E|CS|TAMS 0x00000000abf00000, 0x00000000abf00000| Complete 
| 192|0x00000000ac000000, 0x00000000ac100000, 0x00000000ac100000|100%| E|  |TAMS 0x00000000ac000000, 0x00000000ac000000| Complete 
| 193|0x00000000ac100000, 0x00000000ac200000, 0x00000000ac200000|100%| E|CS|TAMS 0x00000000ac100000, 0x00000000ac100000| Complete 
| 194|0x00000000ac200000, 0x00000000ac300000, 0x00000000ac300000|100%| E|CS|TAMS 0x00000000ac200000, 0x00000000ac200000| Complete 
| 195|0x00000000ac300000, 0x00000000ac400000, 0x00000000ac400000|100%| E|CS|TAMS 0x00000000ac300000, 0x00000000ac300000| Complete 
| 196|0x00000000ac400000, 0x00000000ac500000, 0x00000000ac500000|100%| E|CS|TAMS 0x00000000ac400000, 0x00000000ac400000| Complete 
| 197|0x00000000ac500000, 0x00000000ac600000, 0x00000000ac600000|100%| E|CS|TAMS 0x00000000ac500000, 0x00000000ac500000| Complete 
| 198|0x00000000ac600000, 0x00000000ac700000, 0x00000000ac700000|100%| E|CS|TAMS 0x00000000ac600000, 0x00000000ac600000| Complete 
| 199|0x00000000ac700000, 0x00000000ac800000, 0x00000000ac800000|100%| E|CS|TAMS 0x00000000ac700000, 0x00000000ac700000| Complete 
| 200|0x00000000ac800000, 0x00000000ac900000, 0x00000000ac900000|100%| E|CS|TAMS 0x00000000ac800000, 0x00000000ac800000| Complete 
| 201|0x00000000ac900000, 0x00000000aca00000, 0x00000000aca00000|100%| E|CS|TAMS 0x00000000ac900000, 0x00000000ac900000| Complete 
| 202|0x00000000aca00000, 0x00000000acb00000, 0x00000000acb00000|100%| E|CS|TAMS 0x00000000aca00000, 0x00000000aca00000| Complete 
| 203|0x00000000acb00000, 0x00000000acc00000, 0x00000000acc00000|100%| E|CS|TAMS 0x00000000acb00000, 0x00000000acb00000| Complete 
| 204|0x00000000acc00000, 0x00000000acd00000, 0x00000000acd00000|100%| E|CS|TAMS 0x00000000acc00000, 0x00000000acc00000| Complete 
| 205|0x00000000acd00000, 0x00000000ace00000, 0x00000000ace00000|100%| E|CS|TAMS 0x00000000acd00000, 0x00000000acd00000| Complete 
| 206|0x00000000ace00000, 0x00000000acf00000, 0x00000000acf00000|100%| E|CS|TAMS 0x00000000ace00000, 0x00000000ace00000| Complete 
| 207|0x00000000acf00000, 0x00000000ad000000, 0x00000000ad000000|100%| E|CS|TAMS 0x00000000acf00000, 0x00000000acf00000| Complete 
| 208|0x00000000ad000000, 0x00000000ad100000, 0x00000000ad100000|100%| E|CS|TAMS 0x00000000ad000000, 0x00000000ad000000| Complete 
| 209|0x00000000ad100000, 0x00000000ad200000, 0x00000000ad200000|100%| E|CS|TAMS 0x00000000ad100000, 0x00000000ad100000| Complete 
| 210|0x00000000ad200000, 0x00000000ad300000, 0x00000000ad300000|100%| E|CS|TAMS 0x00000000ad200000, 0x00000000ad200000| Complete 
| 211|0x00000000ad300000, 0x00000000ad400000, 0x00000000ad400000|100%| E|CS|TAMS 0x00000000ad300000, 0x00000000ad300000| Complete 
| 212|0x00000000ad400000, 0x00000000ad500000, 0x00000000ad500000|100%| E|CS|TAMS 0x00000000ad400000, 0x00000000ad400000| Complete 
| 213|0x00000000ad500000, 0x00000000ad600000, 0x00000000ad600000|100%| E|CS|TAMS 0x00000000ad500000, 0x00000000ad500000| Complete 
| 214|0x00000000ad600000, 0x00000000ad700000, 0x00000000ad700000|100%| E|CS|TAMS 0x00000000ad600000, 0x00000000ad600000| Complete 
| 215|0x00000000ad700000, 0x00000000ad800000, 0x00000000ad800000|100%| E|CS|TAMS 0x00000000ad700000, 0x00000000ad700000| Complete 
| 216|0x00000000ad800000, 0x00000000ad900000, 0x00000000ad900000|100%| E|CS|TAMS 0x00000000ad800000, 0x00000000ad800000| Complete 
| 217|0x00000000ad900000, 0x00000000ada00000, 0x00000000ada00000|100%| E|CS|TAMS 0x00000000ad900000, 0x00000000ad900000| Complete 
| 218|0x00000000ada00000, 0x00000000adb00000, 0x00000000adb00000|100%| E|CS|TAMS 0x00000000ada00000, 0x00000000ada00000| Complete 
| 219|0x00000000adb00000, 0x00000000adc00000, 0x00000000adc00000|100%| E|CS|TAMS 0x00000000adb00000, 0x00000000adb00000| Complete 
| 220|0x00000000adc00000, 0x00000000add00000, 0x00000000add00000|100%| E|CS|TAMS 0x00000000adc00000, 0x00000000adc00000| Complete 
| 221|0x00000000add00000, 0x00000000ade00000, 0x00000000ade00000|100%| E|CS|TAMS 0x00000000add00000, 0x00000000add00000| Complete 
| 222|0x00000000ade00000, 0x00000000adf00000, 0x00000000adf00000|100%| E|CS|TAMS 0x00000000ade00000, 0x00000000ade00000| Complete 
| 223|0x00000000adf00000, 0x00000000ae000000, 0x00000000ae000000|100%| E|CS|TAMS 0x00000000adf00000, 0x00000000adf00000| Complete 
| 224|0x00000000ae000000, 0x00000000ae100000, 0x00000000ae100000|100%| E|CS|TAMS 0x00000000ae000000, 0x00000000ae000000| Complete 
| 225|0x00000000ae100000, 0x00000000ae200000, 0x00000000ae200000|100%| E|CS|TAMS 0x00000000ae100000, 0x00000000ae100000| Complete 
| 226|0x00000000ae200000, 0x00000000ae300000, 0x00000000ae300000|100%| E|CS|TAMS 0x00000000ae200000, 0x00000000ae200000| Complete 
| 227|0x00000000ae300000, 0x00000000ae400000, 0x00000000ae400000|100%| E|CS|TAMS 0x00000000ae300000, 0x00000000ae300000| Complete 
| 228|0x00000000ae400000, 0x00000000ae500000, 0x00000000ae500000|100%| E|CS|TAMS 0x00000000ae400000, 0x00000000ae400000| Complete 
| 229|0x00000000ae500000, 0x00000000ae600000, 0x00000000ae600000|100%| E|CS|TAMS 0x00000000ae500000, 0x00000000ae500000| Complete 
| 230|0x00000000ae600000, 0x00000000ae700000, 0x00000000ae700000|100%| E|CS|TAMS 0x00000000ae600000, 0x00000000ae600000| Complete 
| 231|0x00000000ae700000, 0x00000000ae800000, 0x00000000ae800000|100%| E|CS|TAMS 0x00000000ae700000, 0x00000000ae700000| Complete 
| 232|0x00000000ae800000, 0x00000000ae900000, 0x00000000ae900000|100%| E|CS|TAMS 0x00000000ae800000, 0x00000000ae800000| Complete 
| 233|0x00000000ae900000, 0x00000000aea00000, 0x00000000aea00000|100%| E|CS|TAMS 0x00000000ae900000, 0x00000000ae900000| Complete 
| 234|0x00000000aea00000, 0x00000000aeb00000, 0x00000000aeb00000|100%| E|CS|TAMS 0x00000000aea00000, 0x00000000aea00000| Complete 
| 235|0x00000000aeb00000, 0x00000000aec00000, 0x00000000aec00000|100%| E|CS|TAMS 0x00000000aeb00000, 0x00000000aeb00000| Complete 
| 236|0x00000000aec00000, 0x00000000aed00000, 0x00000000aed00000|100%| E|CS|TAMS 0x00000000aec00000, 0x00000000aec00000| Complete 
| 237|0x00000000aed00000, 0x00000000aee00000, 0x00000000aee00000|100%| E|CS|TAMS 0x00000000aed00000, 0x00000000aed00000| Complete 
| 238|0x00000000aee00000, 0x00000000aef00000, 0x00000000aef00000|100%| E|CS|TAMS 0x00000000aee00000, 0x00000000aee00000| Complete 
| 239|0x00000000aef00000, 0x00000000af000000, 0x00000000af000000|100%| E|CS|TAMS 0x00000000aef00000, 0x00000000aef00000| Complete 
| 240|0x00000000af000000, 0x00000000af100000, 0x00000000af100000|100%| E|CS|TAMS 0x00000000af000000, 0x00000000af000000| Complete 
| 241|0x00000000af100000, 0x00000000af200000, 0x00000000af200000|100%| E|CS|TAMS 0x00000000af100000, 0x00000000af100000| Complete 

Card table byte_map: [0x00000123cf9c0000,0x00000123cfcc0000] _byte_map_base: 0x00000123cf4c0000

Marking Bits (Prev, Next): (CMBitMap*) 0x00000123b82aab60, (CMBitMap*) 0x00000123b82aab28
 Prev Bits: [0x00000123d17c0000, 0x00000123d2fc0000)
 Next Bits: [0x00000123cffc0000, 0x00000123d17c0000)

Polling page: 0x00000123b61c0000

Metaspace:

Usage:
  Non-class:     71.87 MB capacity,    70.60 MB ( 98%) used,     1.09 MB (  2%) free+waste,   177.13 KB ( <1%) overhead. 
      Class:     10.40 MB capacity,     9.79 MB ( 94%) used,   551.16 KB (  5%) free+waste,    78.88 KB ( <1%) overhead. 
       Both:     82.27 MB capacity,    80.39 MB ( 98%) used,     1.63 MB (  2%) free+waste,   256.00 KB ( <1%) overhead. 

Virtual space:
  Non-class space:       72.00 MB reserved,      72.00 MB (100%) committed 
      Class space:        1.00 GB reserved,      10.50 MB (  1%) committed 
             Both:        1.07 GB reserved,      82.50 MB (  8%) committed 

Chunk freelists:
   Non-Class:  640 bytes
       Class:  512 bytes
        Both:  1.13 KB

CodeHeap 'non-profiled nmethods': size=120064Kb used=6614Kb max_used=6614Kb free=113449Kb
 bounds [0x00000123c8070000, 0x00000123c86f0000, 0x00000123cf5b0000]
CodeHeap 'profiled nmethods': size=120000Kb used=24835Kb max_used=24835Kb free=95164Kb
 bounds [0x00000123c0b40000, 0x00000123c2390000, 0x00000123c8070000]
CodeHeap 'non-nmethods': size=5696Kb used=2342Kb max_used=2383Kb free=3353Kb
 bounds [0x00000123c05b0000, 0x00000123c0820000, 0x00000123c0b40000]
 total_blobs=14644 nmethods=10792 adapters=881
 compilation: enabled
              stopped_count=0, restarted_count=0
 full_count=0

Compilation events (10 events):
Event: 465.562 Thread 0x00000123d60a7000 nmethod 10979 0x00000123c86da790 code [0x00000123c86da9a0, 0x00000123c86dbc98]
Event: 465.562 Thread 0x00000123d60a7000 10995       4       org.gradle.internal.fingerprint.impl.FingerprintMapSerializer::readFingerprint (91 bytes)
Event: 465.565 Thread 0x00000123d60a8800 11000       3       sun.nio.ch.ChannelInputStream::available (54 bytes)
Event: 465.565 Thread 0x00000123d60a8800 nmethod 11000 0x00000123c2379110 code [0x00000123c2379300, 0x00000123c2379980]
Event: 465.565 Thread 0x00000123d60a8800 11001       3       sun.nio.ch.FileDispatcherImpl::seek (6 bytes)
Event: 465.565 Thread 0x00000123d60a8800 nmethod 11001 0x00000123c2379b10 code [0x00000123c2379cc0, 0x00000123c2379e50]
Event: 465.567 Thread 0x00000123d60a8800 11002   !   3       sun.nio.ch.FileChannelImpl::position (273 bytes)
Event: 465.567 Thread 0x00000123d60a8800 nmethod 11002 0x00000123c2379f10 code [0x00000123c237a220, 0x00000123c237b490]
Event: 465.575 Thread 0x00000123d60a8800 11005       3       org.gradle.internal.execution.impl.steps.SkipUpToDateStep::execute (6 bytes)
Event: 465.576 Thread 0x00000123d60a8800 nmethod 11005 0x00000123c237bd90 code [0x00000123c237bf40, 0x00000123c237c0f0]

GC Heap History (10 events):
Event: 5.564 GC heap before
{Heap before GC invocations=7 (full 0):
 garbage-first heap   total 247808K, used 150528K [0x00000000a0000000, 0x0000000100000000)
  region size 1024K, 124 young (126976K), 13 survivors (13312K)
 Metaspace       used 58521K, capacity 59667K, committed 59904K, reserved 1101824K
  class space    used 7442K, capacity 7823K, committed 7936K, reserved 1048576K
}
Event: 5.572 GC heap after
{Heap after GC invocations=8 (full 0):
 garbage-first heap   total 247808K, used 45003K [0x00000000a0000000, 0x0000000100000000)
  region size 1024K, 16 young (16384K), 16 survivors (16384K)
 Metaspace       used 58521K, capacity 59667K, committed 59904K, reserved 1101824K
  class space    used 7442K, capacity 7823K, committed 7936K, reserved 1048576K
}
Event: 5.586 GC heap before
{Heap before GC invocations=8 (full 0):
 garbage-first heap   total 247808K, used 45003K [0x00000000a0000000, 0x0000000100000000)
  region size 1024K, 17 young (17408K), 16 survivors (16384K)
 Metaspace       used 58891K, capacity 60035K, committed 60160K, reserved 1101824K
  class space    used 7481K, capacity 7861K, committed 7936K, reserved 1048576K
}
Event: 5.597 GC heap after
{Heap after GC invocations=9 (full 0):
 garbage-first heap   total 247808K, used 46142K [0x00000000a0000000, 0x0000000100000000)
  region size 1024K, 9 young (9216K), 9 survivors (9216K)
 Metaspace       used 58891K, capacity 60035K, committed 60160K, reserved 1101824K
  class space    used 7481K, capacity 7861K, committed 7936K, reserved 1048576K
}
Event: 6.805 GC heap before
{Heap before GC invocations=10 (full 0):
 garbage-first heap   total 247808K, used 150590K [0x00000000a0000000, 0x0000000100000000)
  region size 1024K, 111 young (113664K), 9 survivors (9216K)
 Metaspace       used 69466K, capacity 70944K, committed 71168K, reserved 1112064K
  class space    used 8887K, capacity 9388K, committed 9472K, reserved 1048576K
}
Event: 6.813 GC heap after
{Heap after GC invocations=11 (full 0):
 garbage-first heap   total 247808K, used 50993K [0x00000000a0000000, 0x0000000100000000)
  region size 1024K, 6 young (6144K), 6 survivors (6144K)
 Metaspace       used 69466K, capacity 70944K, committed 71168K, reserved 1112064K
  class space    used 8887K, capacity 9388K, committed 9472K, reserved 1048576K
}
Event: 462.040 GC heap before
{Heap before GC invocations=11 (full 0):
 garbage-first heap   total 247808K, used 161585K [0x00000000a0000000, 0x0000000100000000)
  region size 1024K, 115 young (117760K), 6 survivors (6144K)
 Metaspace       used 74495K, capacity 76002K, committed 76032K, reserved 1116160K
  class space    used 9200K, capacity 9708K, committed 9728K, reserved 1048576K
}
Event: 462.047 GC heap after
{Heap after GC invocations=12 (full 0):
 garbage-first heap   total 247808K, used 52775K [0x00000000a0000000, 0x0000000100000000)
  region size 1024K, 8 young (8192K), 8 survivors (8192K)
 Metaspace       used 74495K, capacity 76002K, committed 76032K, reserved 1116160K
  class space    used 9200K, capacity 9708K, committed 9728K, reserved 1048576K
}
Event: 463.620 GC heap before
{Heap before GC invocations=12 (full 0):
 garbage-first heap   total 247808K, used 174631K [0x00000000a0000000, 0x0000000100000000)
  region size 1024K, 121 young (123904K), 8 survivors (8192K)
 Metaspace       used 78476K, capacity 80346K, committed 80384K, reserved 1120256K
  class space    used 9630K, capacity 10229K, committed 10240K, reserved 1048576K
}
Event: 463.631 GC heap after
{Heap after GC invocations=13 (full 0):
 garbage-first heap   total 247808K, used 73671K [0x00000000a0000000, 0x0000000100000000)
  region size 1024K, 16 young (16384K), 16 survivors (16384K)
 Metaspace       used 78476K, capacity 80346K, committed 80384K, reserved 1120256K
  class space    used 9630K, capacity 10229K, committed 10240K, reserved 1048576K
}

Deoptimization events (10 events):
Event: 465.402 Thread 0x00000123d8986000 Uncommon trap: reason=profile_predicate action=maybe_recompile pc=0x00000123c86c6748 method=java.util.regex.Pattern$Slice.match(Ljava/util/regex/Matcher;ILjava/lang/CharSequence;)Z @ 18 c2
Event: 465.402 Thread 0x00000123d8986000 Uncommon trap: reason=profile_predicate action=maybe_recompile pc=0x00000123c86c6748 method=java.util.regex.Pattern$Slice.match(Ljava/util/regex/Matcher;ILjava/lang/CharSequence;)Z @ 18 c2
Event: 465.402 Thread 0x00000123d8986000 Uncommon trap: reason=profile_predicate action=maybe_recompile pc=0x00000123c86c6748 method=java.util.regex.Pattern$Slice.match(Ljava/util/regex/Matcher;ILjava/lang/CharSequence;)Z @ 18 c2
Event: 465.478 Thread 0x00000123d8986000 Uncommon trap: reason=profile_predicate action=maybe_recompile pc=0x00000123c86cfd98 method=java.util.Formatter.checkText(Ljava/lang/String;II)V @ 4 c2
Event: 465.478 Thread 0x00000123d8986000 Uncommon trap: reason=unstable_if action=reinterpret pc=0x00000123c869fb28 method=com.sun.org.apache.xerces.internal.dom.ParentNode.internalInsertBefore(Lorg/w3c/dom/Node;Lorg/w3c/dom/Node;Z)Lorg/w3c/dom/Node; @ 572 c2
Event: 465.479 Thread 0x00000123d8986000 Uncommon trap: reason=profile_predicate action=maybe_recompile pc=0x00000123c86cfd98 method=java.util.Formatter.checkText(Ljava/lang/String;II)V @ 4 c2
Event: 465.479 Thread 0x00000123d8986000 Uncommon trap: reason=profile_predicate action=maybe_recompile pc=0x00000123c86cfd98 method=java.util.Formatter.checkText(Ljava/lang/String;II)V @ 4 c2
Event: 465.480 Thread 0x00000123d8986000 Uncommon trap: reason=profile_predicate action=maybe_recompile pc=0x00000123c86cfd98 method=java.util.Formatter.checkText(Ljava/lang/String;II)V @ 4 c2
Event: 465.524 Thread 0x00000123d8986000 Uncommon trap: reason=unstable_if action=reinterpret pc=0x00000123c868a4f8 method=com.google.gson.stream.JsonWriter.newline()V @ 4 c2
Event: 465.524 Thread 0x00000123d8986000 Uncommon trap: reason=unstable_if action=reinterpret pc=0x00000123c8678490 method=com.google.gson.stream.JsonWriter.string(Ljava/lang/String;)V @ 4 c2

Classes redefined (0 events):
No events

Internal exceptions (10 events):
Event: 463.672 Thread 0x00000123d8987800 Exception <a 'java/lang/ClassNotFoundException'{0x00000000af00ce00}: sun/awt/resources/spi/awtProvider> (0x00000000af00ce00) thrown at [t:/workspace/open/src/hotspot/share/classfile/systemDictionary.cpp, line 231]
Event: 463.676 Thread 0x00000123d8987800 Exception <a 'java/io/FileNotFoundException'{0x00000000aed1f550}> (0x00000000aed1f550) thrown at [t:/workspace/open/src/hotspot/share/prims/jni.cpp, line 615]
Event: 463.676 Thread 0x00000123d8987800 Exception <a 'java/io/FileNotFoundException'{0x00000000aed23198}> (0x00000000aed23198) thrown at [t:/workspace/open/src/hotspot/share/prims/jni.cpp, line 615]
Event: 464.428 Thread 0x00000123d8986000 Implicit null exception at 0x00000123c867ef15 to 0x00000123c868454a
Event: 464.473 Thread 0x00000123d8983800 Exception <a 'java/lang/NoSuchMethodError'{0x00000000ad5d2040}: java.lang.invoke.DirectMethodHandle$Holder.invokeStatic(Ljava/lang/Object;J)V> (0x00000000ad5d2040) thrown at [t:/workspace/open/src/hotspot/share/interpreter/linkResolver.cpp, line 772]
Event: 464.473 Thread 0x00000123d8983800 Exception <a 'java/lang/NoSuchMethodError'{0x00000000ad5d7250}: java.lang.invoke.DirectMethodHandle$Holder.invokeStatic(Ljava/lang/Object;J)Ljava/lang/Object;> (0x00000000ad5d7250) thrown at [t:/workspace/open/src/hotspot/share/interpreter/linkResolver.cp
Event: 464.475 Thread 0x00000123d8983800 Exception <a 'java/lang/NoSuchMethodError'{0x00000000ad5f9de8}: java.lang.invoke.DirectMethodHandle$Holder.invokeStaticInit(Ljava/lang/Object;Ljava/lang/Object;JLjava/lang/Object;)Ljava/lang/Object;> (0x00000000ad5f9de8) thrown at [t:/workspace/open/src/h
Event: 464.475 Thread 0x00000123d8983800 Exception <a 'java/lang/NoSuchMethodError'{0x00000000ad5ffcd0}: java.lang.invoke.DirectMethodHandle$Holder.invokeStatic(Ljava/lang/Object;Ljava/lang/Object;J)Ljava/lang/Object;> (0x00000000ad5ffcd0) thrown at [t:/workspace/open/src/hotspot/share/interpret
Event: 464.475 Thread 0x00000123d8983800 Exception <a 'java/lang/NoSuchMethodError'{0x00000000ad406470}: java.lang.invoke.Invokers$Holder.linkToTargetMethod(Ljava/lang/Object;JLjava/lang/Object;)Ljava/lang/Object;> (0x00000000ad406470) thrown at [t:/workspace/open/src/hotspot/share/interpreter/l
Event: 465.350 Thread 0x00000123d8986000 Exception <a 'java/lang/NoSuchMethodError'{0x00000000ac057498}: <clinit>> (0x00000000ac057498) thrown at [t:/workspace/open/src/hotspot/share/prims/jni.cpp, line 1364]

Events (10 events):
Event: 465.524 Thread 0x00000123d8986000 DEOPT PACKING pc=0x00000123c8678490 sp=0x0000000f45ffbb30
Event: 465.524 Thread 0x00000123d8986000 DEOPT UNPACKING pc=0x00000123c05d8f2f sp=0x0000000f45ffbb20 mode 2
Event: 465.547 Executing VM operation: RevokeBias
Event: 465.547 Executing VM operation: RevokeBias done
Event: 465.548 loading class org/gradle/internal/featurelifecycle/DeprecatedFeatureUsage$Type
Event: 465.548 loading class org/gradle/internal/featurelifecycle/DeprecatedFeatureUsage$Type done
Event: 465.549 loading class org/gradle/internal/featurelifecycle/DefaultDeprecatedUsageProgressDetails
Event: 465.549 loading class org/gradle/internal/featurelifecycle/DefaultDeprecatedUsageProgressDetails done
Event: 465.549 loading class org/gradle/internal/featurelifecycle/DeprecatedUsageProgressDetails
Event: 465.549 loading class org/gradle/internal/featurelifecycle/DeprecatedUsageProgressDetails done


Dynamic libraries:
0x00007ff659cd0000 - 0x00007ff659d17000 	C:\Program Files\Java\jdk-11.0.3\bin\java.exe
0x00007ffd72f90000 - 0x00007ffd7317d000 	C:\WINDOWS\SYSTEM32\ntdll.dll
0x00007ffd72ea0000 - 0x00007ffd72f53000 	C:\WINDOWS\System32\KERNEL32.DLL
0x00007ffd6fd80000 - 0x00007ffd70013000 	C:\WINDOWS\System32\KERNELBASE.dll
0x00007ffd709d0000 - 0x00007ffd70a73000 	C:\WINDOWS\System32\ADVAPI32.dll
0x00007ffd70cc0000 - 0x00007ffd70d5e000 	C:\WINDOWS\System32\msvcrt.dll
0x00007ffd70380000 - 0x00007ffd7041e000 	C:\WINDOWS\System32\sechost.dll
0x00007ffd70e90000 - 0x00007ffd70fb2000 	C:\WINDOWS\System32\RPCRT4.dll
0x00007ffd710c0000 - 0x00007ffd71257000 	C:\WINDOWS\System32\USER32.dll
0x00007ffd6f060000 - 0x00007ffd6f080000 	C:\WINDOWS\System32\win32u.dll
0x00007ffd71090000 - 0x00007ffd710b9000 	C:\WINDOWS\System32\GDI32.dll
0x00007ffd70020000 - 0x00007ffd701ba000 	C:\WINDOWS\System32\gdi32full.dll
0x00007ffd6f440000 - 0x00007ffd6f4e0000 	C:\WINDOWS\System32\msvcp_win.dll
0x00007ffd6f130000 - 0x00007ffd6f22a000 	C:\WINDOWS\System32\ucrtbase.dll
0x00007ffd5eda0000 - 0x00007ffd5f019000 	C:\WINDOWS\WinSxS\amd64_microsoft.windows.common-controls_6595b64144ccf1df_6.0.17763.557_none_05b63f68071e5b9f\COMCTL32.dll
0x00007ffd6a7f0000 - 0x00007ffd6a7fa000 	C:\WINDOWS\SYSTEM32\VERSION.dll
0x00007ffd70580000 - 0x00007ffd708ac000 	C:\WINDOWS\System32\combase.dll
0x00007ffd6fd00000 - 0x00007ffd6fd7e000 	C:\WINDOWS\System32\bcryptPrimitives.dll
0x00007ffd708b0000 - 0x00007ffd708de000 	C:\WINDOWS\System32\IMM32.DLL
0x00007ffd5c340000 - 0x00007ffd5c356000 	C:\Program Files\Java\jdk-11.0.3\bin\vcruntime140.dll
0x00007ffd5ac20000 - 0x00007ffd5acca000 	C:\Program Files\Java\jdk-11.0.3\bin\msvcp140.dll
0x00007ffd218a0000 - 0x00007ffd223c7000 	C:\Program Files\Java\jdk-11.0.3\bin\server\jvm.dll
0x00007ffd701c0000 - 0x00007ffd701c8000 	C:\WINDOWS\System32\PSAPI.DLL
0x00007ffd6b710000 - 0x00007ffd6b719000 	C:\WINDOWS\SYSTEM32\WSOCK32.dll
0x00007ffd70960000 - 0x00007ffd709cd000 	C:\WINDOWS\System32\WS2_32.dll
0x00007ffd6d3a0000 - 0x00007ffd6d3c4000 	C:\WINDOWS\SYSTEM32\WINMM.dll
0x00007ffd6d2a0000 - 0x00007ffd6d2cd000 	C:\WINDOWS\SYSTEM32\WINMMBASE.dll
0x00007ffd6f0e0000 - 0x00007ffd6f12a000 	C:\WINDOWS\System32\cfgmgr32.dll
0x00007ffd6ef90000 - 0x00007ffd6efa1000 	C:\WINDOWS\System32\kernel.appcore.dll
0x00007ffd5c100000 - 0x00007ffd5c111000 	C:\Program Files\Java\jdk-11.0.3\bin\verify.dll
0x00007ffd6a550000 - 0x00007ffd6a73d000 	C:\WINDOWS\SYSTEM32\DBGHELP.DLL
0x00007ffd699f0000 - 0x00007ffd69a1a000 	C:\WINDOWS\SYSTEM32\dbgcore.DLL
0x00007ffd5bc90000 - 0x00007ffd5bcb9000 	C:\Program Files\Java\jdk-11.0.3\bin\java.dll
0x00007ffd5b920000 - 0x00007ffd5b936000 	C:\Program Files\Java\jdk-11.0.3\bin\zip.dll
0x00007ffd5b980000 - 0x00007ffd5b98a000 	C:\Program Files\Java\jdk-11.0.3\bin\jimage.dll
0x00007ffd71530000 - 0x00007ffd72a20000 	C:\WINDOWS\System32\SHELL32.dll
0x00007ffd70fc0000 - 0x00007ffd71068000 	C:\WINDOWS\System32\shcore.dll
0x00007ffd6f4e0000 - 0x00007ffd6fc2a000 	C:\WINDOWS\System32\windows.storage.dll
0x00007ffd6efb0000 - 0x00007ffd6efd4000 	C:\WINDOWS\System32\profapi.dll
0x00007ffd6efe0000 - 0x00007ffd6f03d000 	C:\WINDOWS\System32\powrprof.dll
0x00007ffd71260000 - 0x00007ffd712b2000 	C:\WINDOWS\System32\shlwapi.dll
0x00007ffd6fce0000 - 0x00007ffd6fcf7000 	C:\WINDOWS\System32\cryptsp.dll
0x00007ffd5b900000 - 0x00007ffd5b919000 	C:\Program Files\Java\jdk-11.0.3\bin\net.dll
0x00007ffd68660000 - 0x00007ffd68751000 	C:\WINDOWS\SYSTEM32\WINHTTP.dll
0x00007ffd62e50000 - 0x00007ffd63027000 	C:\WINDOWS\SYSTEM32\urlmon.dll
0x00007ffd61c70000 - 0x00007ffd61f18000 	C:\WINDOWS\SYSTEM32\iertutil.dll
0x00007ffd6e980000 - 0x00007ffd6e98c000 	C:\WINDOWS\SYSTEM32\CRYPTBASE.DLL
0x00007ffd6e7b0000 - 0x00007ffd6e817000 	C:\WINDOWS\system32\mswsock.dll
0x00007ffd5ac00000 - 0x00007ffd5ac13000 	C:\Program Files\Java\jdk-11.0.3\bin\nio.dll
0x00007ffd6aa30000 - 0x00007ffd6aa4e000 	C:\Users\Rizwan\.gradle\native\25\windows-amd64\native-platform.dll
0x00007ffd5abf0000 - 0x00007ffd5abf9000 	C:\Program Files\Java\jdk-11.0.3\bin\management.dll
0x00007ffd5abe0000 - 0x00007ffd5abec000 	C:\Program Files\Java\jdk-11.0.3\bin\management_ext.dll
0x00007ffd6e370000 - 0x00007ffd6e3a3000 	C:\WINDOWS\system32\rsaenh.dll
0x00007ffd6f410000 - 0x00007ffd6f436000 	C:\WINDOWS\System32\bcrypt.dll
0x00007ffd6ee90000 - 0x00007ffd6eeb8000 	C:\WINDOWS\SYSTEM32\USERENV.dll
0x00007ffd6e510000 - 0x00007ffd6e54d000 	C:\WINDOWS\SYSTEM32\IPHLPAPI.DLL
0x00007ffd70d60000 - 0x00007ffd70d68000 	C:\WINDOWS\System32\NSI.dll
0x00007ffd69930000 - 0x00007ffd69946000 	C:\WINDOWS\SYSTEM32\dhcpcsvc6.DLL
0x00007ffd698a0000 - 0x00007ffd698bc000 	C:\WINDOWS\SYSTEM32\dhcpcsvc.DLL
0x00007ffd6e550000 - 0x00007ffd6e616000 	C:\WINDOWS\SYSTEM32\DNSAPI.dll
0x00007ffd5dae0000 - 0x00007ffd5dc7f000 	C:\Program Files\Java\jdk-11.0.3\bin\awt.dll
0x00007ffd70a80000 - 0x00007ffd70b44000 	C:\WINDOWS\System32\OLEAUT32.dll
0x00007ffd6c2f0000 - 0x00007ffd6c8ae000 	C:\WINDOWS\SYSTEM32\d2d1.dll
0x00007ffd6d210000 - 0x00007ffd6d29c000 	C:\WINDOWS\SYSTEM32\apphelp.dll
0x00007ffd6d900000 - 0x00007ffd6d92e000 	C:\WINDOWS\system32\DWMAPI.DLL
0x00007ffd6f230000 - 0x00007ffd6f40b000 	C:\WINDOWS\System32\CRYPT32.dll
0x00007ffd6f040000 - 0x00007ffd6f052000 	C:\WINDOWS\System32\MSASN1.dll
0x00007ffd6d5d0000 - 0x00007ffd6d66c000 	C:\WINDOWS\system32\uxtheme.dll

dbghelp: loaded successfully - version: 4.0.5 - missing functions: none
symbol engine: initialized successfully - sym options: 0x614 - pdb path: .;C:\Program Files\Java\jdk-11.0.3\bin;C:\WINDOWS\SYSTEM32;C:\WINDOWS\WinSxS\amd64_microsoft.windows.common-controls_6595b64144ccf1df_6.0.17763.557_none_05b63f68071e5b9f;C:\Program Files\Java\jdk-11.0.3\bin\server;C:\Users\Rizwan\.gradle\native\25\windows-amd64

VM Arguments:
jvm_args: --add-opens=java.base/java.util=ALL-UNNAMED --add-opens=java.base/java.lang=ALL-UNNAMED --add-opens=java.base/java.lang.invoke=ALL-UNNAMED --add-opens=java.prefs/java.util.prefs=ALL-UNNAMED -Xmx1536m -Dfile.encoding=windows-1252 -Duser.country=US -Duser.language=en -Duser.variant 
java_command: org.gradle.launcher.daemon.bootstrap.GradleDaemon 5.1.1
java_class_path (initial): C:\Users\Rizwan\.gradle\wrapper\dists\gradle-5.1.1-all\97z1ksx6lirer3kbvdnh7jtjg\gradle-5.1.1\lib\gradle-launcher-5.1.1.jar
Launcher Type: SUN_STANDARD

[Global flags]
     intx CICompilerCount                          = 3                                         {product} {ergonomic}
     uint ConcGCThreads                            = 2                                         {product} {ergonomic}
     uint G1ConcRefinementThreads                  = 6                                         {product} {ergonomic}
   size_t G1HeapRegionSize                         = 1048576                                   {product} {ergonomic}
    uintx GCDrainStackTargetSize                   = 64                                        {product} {ergonomic}
   size_t InitialHeapSize                          = 253755392                                 {product} {ergonomic}
   size_t MarkStackSize                            = 4194304                                   {product} {ergonomic}
   size_t MaxHeapSize                              = 1610612736                                {product} {command line}
   size_t MaxNewSize                               = 965738496                                 {product} {ergonomic}
   size_t MinHeapDeltaBytes                        = 1048576                                   {product} {ergonomic}
    uintx NonNMethodCodeHeapSize                   = 5830092                                {pd product} {ergonomic}
    uintx NonProfiledCodeHeapSize                  = 122914074                              {pd product} {ergonomic}
    uintx ProfiledCodeHeapSize                     = 122914074                              {pd product} {ergonomic}
    uintx ReservedCodeCacheSize                    = 251658240                              {pd product} {ergonomic}
     bool SegmentedCodeCache                       = true                                      {product} {ergonomic}
     bool UseCompressedClassPointers               = true                                 {lp64_product} {ergonomic}
     bool UseCompressedOops                        = true                                 {lp64_product} {ergonomic}
     bool UseG1GC                                  = true                                      {product} {ergonomic}
     bool UseLargePagesIndividualAllocation        = false                                  {pd product} {ergonomic}

Logging:
Log output configuration:
 #0: stdout all=warning uptime,level,tags
 #1: stderr all=off uptime,level,tags

Environment Variables:
JAVA_HOME=C:\Program Files\Java\jdk-12.0.1
PATH=C:\oraclexe\app\oracle\product\10.2.0\server\bin;C:\Program Files (x86)\Common Files\Oracle\Java\javapath;C:\WINDOWS\system32;C:\WINDOWS;C:\WINDOWS\System32\Wbem;C:\WINDOWS\System32\WindowsPowerShell\v1.0\;C:\WINDOWS\System32\OpenSSH\;C:\Program Files (x86)\NVIDIA Corporation\PhysX\Common;C:\Program Files\LLVM\bin;C:\Program Files\Git\cmd;C:\Program Files\MySQL\MySQL Shell 8.0\bin\;C:\Users\Rizwan\AppData\Local\GitHubDesktop\bin;C:\Users\Rizwan\Anaconda3;C:\Program Files\Java\jdk-12.0.1\bin;
USERNAME=Rizwan
OS=Windows_NT
PROCESSOR_IDENTIFIER=Intel64 Family 6 Model 158 Stepping 10, GenuineIntel



---------------  S Y S T E M  ---------------

OS: Windows 10 , 64 bit Build 17763 (10.0.17763.475)

CPU:total 6 (initial active 6) (6 cores per cpu, 1 threads per core) family 6 model 158 stepping 10, cmov, cx8, fxsr, mmx, sse, sse2, sse3, ssse3, sse4.1, sse4.2, popcnt, avx, avx2, aes, clmul, erms, 3dnowpref, lzcnt, tsc, tscinvbit, bmi1, bmi2, adx, fma

Memory: 4k page, system-wide physical 15370M (10982M free)
TotalPageFile size 19722M (AvailPageFile size 14422M)
current process WorkingSet (physical memory assigned to process): 431M, peak: 431M
current process commit charge ("private bytes"): 515M, peak: 515M

vm_info: Java HotSpot(TM) 64-Bit Server VM (11.0.3+12-LTS) for windows-amd64 JRE (11.0.3+12-LTS), built on Apr  2 2019 12:43:09 by "mach5one" with MS VC++ 15.5 (VS2017)

END.
