#
# A fatal error has been detected by the Java Runtime Environment:
#
#  EXCEPTION_ACCESS_VIOLATION (0xc0000005) at pc=0x00007fff07004e33, pid=8108, tid=6456
#
# JRE version: Java(TM) SE Runtime Environment (11.0.3+12) (build 11.0.3+12-LTS)
# Java VM: Java HotSpot(TM) 64-Bit Server VM (11.0.3+12-LTS, mixed mode, tiered, compressed oops, g1 gc, windows-amd64)
# Problematic frame:
# V  [jvm.dll+0x614e33]
#
# No core dump will be written. Minidumps are not enabled by default on client versions of Windows
#
# If you would like to submit a bug report, please visit:
#   http://bugreport.java.com/bugreport/crash.jsp
#

---------------  S U M M A R Y ------------

Command Line: --add-opens=java.base/java.util=ALL-UNNAMED --add-opens=java.base/java.lang=ALL-UNNAMED --add-opens=java.base/java.lang.invoke=ALL-UNNAMED --add-opens=java.prefs/java.util.prefs=ALL-UNNAMED -Xmx1536m -Dfile.encoding=windows-1252 -Duser.country=US -Duser.language=en -Duser.variant org.gradle.launcher.daemon.bootstrap.GradleDaemon 5.1.1

Host: Intel(R) Core(TM) i5-8400 CPU @ 2.80GHz, 6 cores, 15G,  Windows 10 , 64 bit Build 17763 (10.0.17763.475)
Time: Sat Jun 15 21:38:22 2019 Bangladesh Standard Time elapsed time: 521 seconds (0d 0h 8m 41s)

---------------  T H R E A D  ---------------

Current thread (0x000001d813b17000):  JavaThread "C2 CompilerThread1" daemon [_thread_in_native, id=6456, stack(0x000000c743300000,0x000000c743400000)]


Current CompileTask:
C2: 521019 21776       4       com.android.utils.PositionXmlParser::getPositionHelper (757 bytes)

Stack: [0x000000c743300000,0x000000c743400000],  sp=0x000000c7433fb630,  free space=1005k
Native frames: (J=compiled Java code, j=interpreted, Vv=VM code, C=native code)
V  [jvm.dll+0x614e33]
V  [jvm.dll+0x1a681a]
V  [jvm.dll+0x662eeb]
V  [jvm.dll+0x664a5e]
V  [jvm.dll+0x3549e0]
V  [jvm.dll+0x35297e]
V  [jvm.dll+0x656b88]
V  [jvm.dll+0x653e3f]
V  [jvm.dll+0x64b42b]
V  [jvm.dll+0x64aa42]
V  [jvm.dll+0x648667]
V  [jvm.dll+0x196ebc]
V  [jvm.dll+0x2ce746]
V  [jvm.dll+0x653e18]
V  [jvm.dll+0x64b42b]
V  [jvm.dll+0x64aa42]
V  [jvm.dll+0x648667]
V  [jvm.dll+0x196ebc]
V  [jvm.dll+0x2ce746]
V  [jvm.dll+0x653e18]
V  [jvm.dll+0x64b42b]
V  [jvm.dll+0x64aa42]
V  [jvm.dll+0x648667]
V  [jvm.dll+0x196ebc]
V  [jvm.dll+0x2ce746]
V  [jvm.dll+0x653e18]
V  [jvm.dll+0x64b42b]
V  [jvm.dll+0x64aa42]
V  [jvm.dll+0x648667]
V  [jvm.dll+0x196ebc]
V  [jvm.dll+0x2ce746]
V  [jvm.dll+0x653e18]
V  [jvm.dll+0x64b42b]
V  [jvm.dll+0x64aa42]
V  [jvm.dll+0x648667]
V  [jvm.dll+0x196ebc]
V  [jvm.dll+0x2ce746]
V  [jvm.dll+0x653e18]
V  [jvm.dll+0x64b42b]
V  [jvm.dll+0x64aa42]
V  [jvm.dll+0x648667]
V  [jvm.dll+0x196ebc]
V  [jvm.dll+0x2ce746]
V  [jvm.dll+0x653e18]
V  [jvm.dll+0x64b42b]
V  [jvm.dll+0x64aa42]
V  [jvm.dll+0x648667]
V  [jvm.dll+0x196ebc]
V  [jvm.dll+0x2176bb]
V  [jvm.dll+0x194300]
V  [jvm.dll+0x2269df]
V  [jvm.dll+0x224fe8]
V  [jvm.dll+0x738aed]
V  [jvm.dll+0x6348c2]
C  [ucrtbase.dll+0x21ffa]
C  [KERNEL32.DLL+0x17974]
C  [ntdll.dll+0x6a271]


siginfo: EXCEPTION_ACCESS_VIOLATION (0xc0000005), reading address 0x00000198183232b0


Register to memory mapping:

RIP=0x00007fff07004e33 jvm.dll
RAX=0x00000198183232b0 is an unknown value
RBX=0x0 is NULL
RCX=0x0000000000000003 is an unknown value
RDX=0x0000000000000003 is an unknown value
RSP=0x000000c7433fb630 is pointing into the stack for thread: 0x000001d813b17000
RBP=0x0000000000000496 is an unknown value
RSI=0x000001d818323260 points into unknown readable memory: c0 0f 23 07 ff 7f 00 00
RDI=0x0000000080008807 is an unknown value
R8 =0x000001d87fa66ab0 points into unknown readable memory: 78 be 1b 07 ff 7f 00 00
R9 =0x000001d815c16070 points into unknown readable memory: 00 00 00 00 00 00 00 00
R10=0x0000000000000db5 is an unknown value
R11=0x0000000000001fff is an unknown value
R12=0x000000000000007e is an unknown value
R13=0x0000000000000dc9 is an unknown value
R14=0x000001d811e67468 points into unknown readable memory: d0 06 53 10 d8 01 00 00
R15=0x0000000000001000 is an unknown value


Registers:
RAX=0x00000198183232b0, RBX=0x0000000000000000, RCX=0x0000000000000003, RDX=0x0000000000000003
RSP=0x000000c7433fb630, RBP=0x0000000000000496, RSI=0x000001d818323260, RDI=0x0000000080008807
R8 =0x000001d87fa66ab0, R9 =0x000001d815c16070, R10=0x0000000000000db5, R11=0x0000000000001fff
R12=0x000000000000007e, R13=0x0000000000000dc9, R14=0x000001d811e67468, R15=0x0000000000001000
RIP=0x00007fff07004e33, EFLAGS=0x0000000000010246

Top of Stack: (sp=0x000000c7433fb630)
0x000000c7433fb630:   00000000394b430c 00000000000004be
0x000000c7433fb640:   000001d813c740a0 000001d813a8adc8
0x000000c7433fb650:   0000000080008807 00007fff06b9681a
0x000000c7433fb660:   000001d818323260 00000000102cedb4
0x000000c7433fb670:   00000000102cedb4 00007fff06ab22c6
0x000000c7433fb680:   000001d818323260 00007fff07052eeb
0x000000c7433fb690:   000000c7433fe2d8 0000000033f5cb5c
0x000000c7433fb6a0:   0000000000010000 000000c7433fbae0
0x000000c7433fb6b0:   000000000000007e 0000000000000001
0x000000c7433fb6c0:   000001d813a8b0f0 00007fff07054a5e
0x000000c7433fb6d0:   000000c7433fe2d8 00000000000000ec
0x000000c7433fb6e0:   0000000000000000 00007fff0700329e
0x000000c7433fb6f0:   0000000000000008 000001d813a8adc8
0x000000c7433fb700:   000000c7433fbae0 0000000000000000
0x000000c7433fb710:   000001d813a8b0f0 00007fff06d449e0
0x000000c7433fb720:   000001d8000000ec 000001d818f440b0 

Instructions: (pc=0x00007fff07004e33)
0x00007fff07004e13:   24 08 48 89 74 24 10 57 48 83 ec 20 48 8b f1 33
0x00007fff07004e23:   db 8b 49 18 85 c9 74 14 48 8b 46 08 8b d1 03 db
0x00007fff07004e33:   2b 18 48 8d 40 08 48 83 ea 01 75 f2 48 8b 06 48
0x00007fff07004e43:   8b ce ff 10 48 8b 4e 30 c1 eb 02 48 8b 11 8d 3c 


Stack slot to memory mapping:
stack at sp + 0 slots: 0x00000000394b430c is an unknown value
stack at sp + 1 slots: 0x00000000000004be is an unknown value
stack at sp + 2 slots: 0x000001d813c740a0 points into unknown readable memory: 30 48 23 07 ff 7f 00 00
stack at sp + 3 slots: 0x000001d813a8adc8 points into unknown readable memory: 50 54 27 07 ff 7f 00 00
stack at sp + 4 slots: 0x0000000080008807 is an unknown value
stack at sp + 5 slots: 0x00007fff06b9681a jvm.dll
stack at sp + 6 slots: 0x000001d818323260 points into unknown readable memory: c0 0f 23 07 ff 7f 00 00
stack at sp + 7 slots: 0x00000000102cedb4 is an unknown value


---------------  P R O C E S S  ---------------

Threads class SMR info:
_java_thread_list=0x000001d812574380, length=56, elements={
0x000001d870167800, 0x000001d87e711000, 0x000001d87e712800, 0x000001d87e716000,
0x000001d87e717000, 0x000001d87e71b800, 0x000001d87e71c800, 0x000001d87efa6000,
0x000001d87f106000, 0x000001d87f14a800, 0x000001d80fcd4000, 0x000001d80f42e800,
0x000001d80fbea000, 0x000001d80ff2f800, 0x000001d80ff2c800, 0x000001d80ff2d000,
0x000001d80ff31000, 0x000001d812d78800, 0x000001d812d7d800, 0x000001d812291800,
0x000001d81093b000, 0x000001d81093e000, 0x000001d81093c800, 0x000001d81093a000,
0x000001d81093d800, 0x000001d812287800, 0x000001d812d75000, 0x000001d812d73000,
0x000001d812d72000, 0x000001d81228b800, 0x000001d81228f000, 0x000001d812289000,
0x000001d81228e000, 0x000001d81228a800, 0x000001d81228a000, 0x000001d812292000,
0x000001d81228f800, 0x000001d81228c800, 0x000001d812290800, 0x000001d812293000,
0x000001d81228d000, 0x000001d812293800, 0x000001d812294800, 0x000001d812295800,
0x000001d813b17000, 0x000001d812296000, 0x000001d812d79800, 0x000001d812d73800,
0x000001d812d7a000, 0x000001d812d77000, 0x000001d812d76000, 0x000001d812d74800,
0x000001d812d7c000, 0x000001d812d7b000, 0x000001d812d7c800, 0x000001d812d77800
}

Java Threads: ( => current thread )
  0x000001d870167800 JavaThread "main" [_thread_blocked, id=5744, stack(0x000000c740300000,0x000000c740400000)]
  0x000001d87e711000 JavaThread "Reference Handler" daemon [_thread_blocked, id=9448, stack(0x000000c740a00000,0x000000c740b00000)]
  0x000001d87e712800 JavaThread "Finalizer" daemon [_thread_blocked, id=4952, stack(0x000000c740b00000,0x000000c740c00000)]
  0x000001d87e716000 JavaThread "Signal Dispatcher" daemon [_thread_blocked, id=8508, stack(0x000000c740c00000,0x000000c740d00000)]
  0x000001d87e717000 JavaThread "Attach Listener" daemon [_thread_blocked, id=7988, stack(0x000000c740d00000,0x000000c740e00000)]
  0x000001d87e71b800 JavaThread "C2 CompilerThread0" daemon [_thread_blocked, id=9288, stack(0x000000c740e00000,0x000000c740f00000)]
  0x000001d87e71c800 JavaThread "C1 CompilerThread0" daemon [_thread_blocked, id=9380, stack(0x000000c740f00000,0x000000c741000000)]
  0x000001d87efa6000 JavaThread "Sweeper thread" daemon [_thread_blocked, id=8232, stack(0x000000c741000000,0x000000c741100000)]
  0x000001d87f106000 JavaThread "Common-Cleaner" daemon [_thread_blocked, id=7836, stack(0x000000c741100000,0x000000c741200000)]
  0x000001d87f14a800 JavaThread "Service Thread" daemon [_thread_blocked, id=7864, stack(0x000000c741200000,0x000000c741300000)]
  0x000001d80fcd4000 JavaThread "Daemon health stats" [_thread_blocked, id=9092, stack(0x000000c741900000,0x000000c741a00000)]
  0x000001d80f42e800 JavaThread "Incoming local TCP Connector on port 49809" [_thread_in_native, id=9096, stack(0x000000c741400000,0x000000c741500000)]
  0x000001d80fbea000 JavaThread "Daemon periodic checks" [_thread_blocked, id=9104, stack(0x000000c741a00000,0x000000c741b00000)]
  0x000001d80ff2f800 JavaThread "Cache worker for file hash cache (C:\Users\Rizwan\.gradle\caches\5.1.1\fileHashes)" [_thread_blocked, id=7160, stack(0x000000c742200000,0x000000c742300000)]
  0x000001d80ff2c800 JavaThread "File lock request listener" [_thread_in_native, id=4996, stack(0x000000c742300000,0x000000c742400000)]
  0x000001d80ff2d000 JavaThread "Cache worker for journal cache (C:\Users\Rizwan\.gradle\caches\journal-1)" [_thread_blocked, id=6876, stack(0x000000c742400000,0x000000c742500000)]
  0x000001d80ff31000 JavaThread "Cache worker for execution history cache (C:\Users\Rizwan\.gradle\caches\5.1.1\executionHistory)" [_thread_blocked, id=7776, stack(0x000000c742b00000,0x000000c742c00000)]
  0x000001d812d78800 JavaThread "Memory manager" [_thread_blocked, id=9628, stack(0x000000c743400000,0x000000c743500000)]
  0x000001d812d7d800 JavaThread "Cache worker for file content cache (C:\Users\Rizwan\.gradle\caches\5.1.1\fileContent)" [_thread_blocked, id=4560, stack(0x000000c743000000,0x000000c743100000)]
  0x000001d812291800 JavaThread "Java2D Disposer" daemon [_thread_blocked, id=5404, stack(0x000000c744100000,0x000000c744200000)]
  0x000001d81093b000 JavaThread "RMI Scheduler(0)" daemon [_thread_blocked, id=6512, stack(0x000000c744d00000,0x000000c744e00000)]
  0x000001d81093e000 JavaThread "RMI GC Daemon" daemon [_thread_blocked, id=6516, stack(0x000000c744f00000,0x000000c745000000)]
  0x000001d81093c800 JavaThread "RMI TCP Accept-0" daemon [_thread_in_native, id=712, stack(0x000000c745000000,0x000000c745100000)]
  0x000001d81093a000 JavaThread "RMI Reaper" [_thread_blocked, id=1484, stack(0x000000c745100000,0x000000c745200000)]
  0x000001d81093d800 JavaThread "Cache worker for Java compile cache (C:\Users\Rizwan\.gradle\caches\5.1.1\javaCompile)" [_thread_blocked, id=9736, stack(0x000000c745300000,0x000000c745400000)]
  0x000001d812287800 JavaThread "ForkJoinPool.commonPool-worker-13" daemon [_thread_blocked, id=6656, stack(0x000000c744600000,0x000000c744700000)]
  0x000001d812d75000 JavaThread "RMI TCP Connection(idle)" daemon [_thread_blocked, id=3152, stack(0x000000c740100000,0x000000c740200000)]
  0x000001d812d73000 JavaThread "Daemon Thread 5" [_thread_blocked, id=620, stack(0x000000c740200000,0x000000c740300000)]
  0x000001d812d72000 JavaThread "Daemon worker Thread 5" [_thread_in_native, id=4644, stack(0x000000c741d00000,0x000000c741e00000)]
  0x000001d81228b800 JavaThread "Handler for socket connection from /127.0.0.1:49809 to /127.0.0.1:50127" [_thread_in_native, id=2776, stack(0x000000c741b00000,0x000000c741c00000)]
  0x000001d81228f000 JavaThread "Cancel handler" [_thread_blocked, id=1504, stack(0x000000c741c00000,0x000000c741d00000)]
  0x000001d812289000 JavaThread "Asynchronous log dispatcher for DefaultDaemonConnection: socket connection from /127.0.0.1:49809 to /127.0.0.1:50127" [_thread_blocked, id=6712, stack(0x000000c741e00000,0x000000c741f00000)]
  0x000001d81228e000 JavaThread "Stdin handler" [_thread_blocked, id=10124, stack(0x000000c741f00000,0x000000c742000000)]
  0x000001d81228a800 JavaThread "Thread-148" [_thread_blocked, id=4532, stack(0x000000c742000000,0x000000c742100000)]
  0x000001d81228a000 JavaThread "Cache worker for file hash cache (C:\Users\Rizwan\IdeaProjects\CGPACalculator\.gradle\5.1.1\fileHashes)" [_thread_blocked, id=5860, stack(0x000000c742100000,0x000000c742200000)]
  0x000001d812292000 JavaThread "Cache worker for cache directory md-supplier (C:\Users\Rizwan\.gradle\caches\5.1.1\md-supplier)" [_thread_blocked, id=3148, stack(0x000000c742500000,0x000000c742600000)]
  0x000001d81228f800 JavaThread "Cache worker for cache directory md-rule (C:\Users\Rizwan\.gradle\caches\5.1.1\md-rule)" [_thread_blocked, id=4720, stack(0x000000c742600000,0x000000c742700000)]
  0x000001d81228c800 JavaThread "Build operations" [_thread_blocked, id=4740, stack(0x000000c742900000,0x000000c742a00000)]
  0x000001d812290800 JavaThread "Build operations Thread 2" [_thread_blocked, id=4380, stack(0x000000c742a00000,0x000000c742b00000)]
  0x000001d812293000 JavaThread "Build operations Thread 3" [_thread_blocked, id=820, stack(0x000000c742c00000,0x000000c742d00000)]
  0x000001d81228d000 JavaThread "Build operations Thread 4" [_thread_blocked, id=4776, stack(0x000000c742d00000,0x000000c742e00000)]
  0x000001d812293800 JavaThread "Build operations Thread 5" [_thread_blocked, id=1412, stack(0x000000c742e00000,0x000000c742f00000)]
  0x000001d812294800 JavaThread "Build operations Thread 6" [_thread_blocked, id=2960, stack(0x000000c742f00000,0x000000c743000000)]
  0x000001d812295800 JavaThread "Cache worker for Build Output Cleanup Cache (C:\Users\Rizwan\IdeaProjects\CGPACalculator\.gradle\buildOutputCleanup)" [_thread_blocked, id=8968, stack(0x000000c743100000,0x000000c743200000)]
=>0x000001d813b17000 JavaThread "C2 CompilerThread1" daemon [_thread_in_native, id=6456, stack(0x000000c743300000,0x000000c743400000)]
  0x000001d812296000 JavaThread "Cache worker for file content cache (C:\Users\Rizwan\IdeaProjects\CGPACalculator\.gradle\5.1.1\fileContent)" [_thread_blocked, id=1512, stack(0x000000c743500000,0x000000c743600000)]
  0x000001d812d79800 JavaThread "Execution worker for ':'" [_thread_blocked, id=8952, stack(0x000000c743600000,0x000000c743700000)]
  0x000001d812d73800 JavaThread "Execution worker for ':' Thread 2" [_thread_blocked, id=9880, stack(0x000000c743700000,0x000000c743800000)]
  0x000001d812d7a000 JavaThread "Execution worker for ':' Thread 3" [_thread_blocked, id=4284, stack(0x000000c743800000,0x000000c743900000)]
  0x000001d812d77000 JavaThread "Execution worker for ':' Thread 4" [_thread_blocked, id=6076, stack(0x000000c743900000,0x000000c743a00000)]
  0x000001d812d76000 JavaThread "Execution worker for ':' Thread 5" [_thread_blocked, id=8396, stack(0x000000c743a00000,0x000000c743b00000)]
  0x000001d812d74800 JavaThread "Cache worker for execution history cache (C:\Users\Rizwan\IdeaProjects\CGPACalculator\.gradle\5.1.1\executionHistory)" [_thread_blocked, id=1208, stack(0x000000c743b00000,0x000000c743c00000)]
  0x000001d812d7c000 JavaThread "ForkJoinPool.commonPool-worker-15" daemon [_thread_blocked, id=2232, stack(0x000000c743c00000,0x000000c743d00000)]
  0x000001d812d7b000 JavaThread "ForkJoinPool.commonPool-worker-1" daemon [_thread_blocked, id=10104, stack(0x000000c743d00000,0x000000c743e00000)]
  0x000001d812d7c800 JavaThread "ForkJoinPool.commonPool-worker-3" daemon [_thread_blocked, id=9056, stack(0x000000c743e00000,0x000000c743f00000)]
  0x000001d812d77800 JavaThread "ForkJoinPool.commonPool-worker-5" daemon [_thread_blocked, id=7568, stack(0x000000c743f00000,0x000000c744000000)]

Other Threads:
  0x000001d87e70f000 VMThread "VM Thread" [stack: 0x000000c740900000,0x000000c740a00000] [id=1908]
  0x000001d87f14b800 WatcherThread [stack: 0x000000c741300000,0x000000c741400000] [id=7852]
  0x000001d87017e000 GCTaskThread "GC Thread#0" [stack: 0x000000c740400000,0x000000c740500000] [id=9904]
  0x000001d87fb80000 GCTaskThread "GC Thread#1" [stack: 0x000000c741500000,0x000000c741600000] [id=9620]
  0x000001d87f9b4000 GCTaskThread "GC Thread#2" [stack: 0x000000c741600000,0x000000c741700000] [id=7548]
  0x000001d87f9b5000 GCTaskThread "GC Thread#3" [stack: 0x000000c741700000,0x000000c741800000] [id=2468]
  0x000001d80f331800 GCTaskThread "GC Thread#4" [stack: 0x000000c741800000,0x000000c741900000] [id=7788]
  0x000001d80fc67800 GCTaskThread "GC Thread#5" [stack: 0x000000c742700000,0x000000c742800000] [id=7696]
  0x000001d8701a5000 ConcurrentGCThread "G1 Main Marker" [stack: 0x000000c740500000,0x000000c740600000] [id=2836]
  0x000001d8701a7800 ConcurrentGCThread "G1 Conc#0" [stack: 0x000000c740600000,0x000000c740700000] [id=2840]
  0x000001d80fbee000 ConcurrentGCThread "G1 Conc#1" [stack: 0x000000c742800000,0x000000c742900000] [id=7972]
  0x000001d87e578800 ConcurrentGCThread "G1 Refine#0" [stack: 0x000000c740700000,0x000000c740800000] [id=8864]
  0x000001d813e8a800 ConcurrentGCThread "G1 Refine#1" [stack: 0x000000c743200000,0x000000c743300000] [id=6180]
  0x000001d815190000 ConcurrentGCThread "G1 Refine#2" [stack: 0x000000c744c00000,0x000000c744d00000] [id=1368]
  0x000001d81a1a8800 ConcurrentGCThread "G1 Refine#3" [stack: 0x000000c744e00000,0x000000c744f00000] [id=5756]
  0x000001d819208800 ConcurrentGCThread "G1 Refine#4" [stack: 0x000000c745200000,0x000000c745300000] [id=4864]
  0x000001d87e579000 ConcurrentGCThread "G1 Young RemSet Sampling" [stack: 0x000000c740800000,0x000000c740900000] [id=5752]

Threads with active compile tasks:
C2 CompilerThread021782   !   4       com.google.common.io.Closer::close (91 bytes)
C2 CompilerThread121776       4       com.android.utils.PositionXmlParser::getPositionHelper (757 bytes)

VM state:not at safepoint (normal execution)

VM Mutex/Monitor currently owned by a thread: None

Heap address: 0x00000000a0000000, size: 1536 MB, Compressed Oops mode: 32-bit
Narrow klass base: 0x0000000000000000, Narrow klass shift: 3
Compressed class space size: 1073741824 Address: 0x0000000100000000

Heap:
 garbage-first heap   total 247808K, used 174954K [0x00000000a0000000, 0x0000000100000000)
  region size 1024K, 75 young (76800K), 5 survivors (5120K)
 Metaspace       used 116725K, capacity 119630K, committed 120064K, reserved 1155072K
  class space    used 14085K, capacity 15116K, committed 15360K, reserved 1048576K
Heap Regions: E=young(eden), S=young(survivor), O=old, HS=humongous(starts), HC=humongous(continues), CS=collection set, F=free, A=archive, TAMS=top-at-mark-start (previous, next)
|   0|0x00000000a0000000, 0x00000000a0100000, 0x00000000a0100000|100%|HS|  |TAMS 0x00000000a0100000, 0x00000000a0000000| Complete 
|   1|0x00000000a0100000, 0x00000000a0200000, 0x00000000a0200000|100%|HS|  |TAMS 0x00000000a0200000, 0x00000000a0100000| Complete 
|   2|0x00000000a0200000, 0x00000000a0300000, 0x00000000a0300000|100%|HC|  |TAMS 0x00000000a0300000, 0x00000000a0200000| Complete 
|   3|0x00000000a0300000, 0x00000000a0400000, 0x00000000a0400000|100%| O|  |TAMS 0x00000000a0400000, 0x00000000a0300000| Untracked 
|   4|0x00000000a0400000, 0x00000000a0500000, 0x00000000a0500000|100%| O|  |TAMS 0x00000000a0500000, 0x00000000a0400000| Untracked 
|   5|0x00000000a0500000, 0x00000000a0600000, 0x00000000a0600000|100%| O|  |TAMS 0x00000000a0600000, 0x00000000a0500000| Untracked 
|   6|0x00000000a0600000, 0x00000000a0700000, 0x00000000a0700000|100%| O|  |TAMS 0x00000000a0700000, 0x00000000a0600000| Untracked 
|   7|0x00000000a0700000, 0x00000000a0800000, 0x00000000a0800000|100%| O|  |TAMS 0x00000000a0800000, 0x00000000a0700000| Untracked 
|   8|0x00000000a0800000, 0x00000000a0900000, 0x00000000a0900000|100%| O|  |TAMS 0x00000000a0900000, 0x00000000a0800000| Untracked 
|   9|0x00000000a0900000, 0x00000000a0a00000, 0x00000000a0a00000|100%| O|  |TAMS 0x00000000a0a00000, 0x00000000a0900000| Untracked 
|  10|0x00000000a0a00000, 0x00000000a0b00000, 0x00000000a0b00000|100%| O|  |TAMS 0x00000000a0b00000, 0x00000000a0a00000| Untracked 
|  11|0x00000000a0b00000, 0x00000000a0c00000, 0x00000000a0c00000|100%| O|  |TAMS 0x00000000a0c00000, 0x00000000a0b00000| Untracked 
|  12|0x00000000a0c00000, 0x00000000a0d00000, 0x00000000a0d00000|100%| O|  |TAMS 0x00000000a0d00000, 0x00000000a0c00000| Untracked 
|  13|0x00000000a0d00000, 0x00000000a0e00000, 0x00000000a0e00000|100%| O|  |TAMS 0x00000000a0e00000, 0x00000000a0d00000| Untracked 
|  14|0x00000000a0e00000, 0x00000000a0f00000, 0x00000000a0f00000|100%| O|  |TAMS 0x00000000a0f00000, 0x00000000a0e00000| Untracked 
|  15|0x00000000a0f00000, 0x00000000a1000000, 0x00000000a1000000|100%|HS|  |TAMS 0x00000000a1000000, 0x00000000a0f00000| Complete 
|  16|0x00000000a1000000, 0x00000000a1100000, 0x00000000a1100000|100%|HC|  |TAMS 0x00000000a1100000, 0x00000000a1000000| Complete 
|  17|0x00000000a1100000, 0x00000000a1200000, 0x00000000a1200000|100%|HC|  |TAMS 0x00000000a1200000, 0x00000000a1100000| Complete 
|  18|0x00000000a1200000, 0x00000000a1300000, 0x00000000a1300000|100%|HS|  |TAMS 0x00000000a1300000, 0x00000000a1200000| Complete 
|  19|0x00000000a1300000, 0x00000000a1400000, 0x00000000a1400000|100%|HC|  |TAMS 0x00000000a1400000, 0x00000000a1300000| Complete 
|  20|0x00000000a1400000, 0x00000000a1500000, 0x00000000a1500000|100%|HS|  |TAMS 0x00000000a1500000, 0x00000000a1400000| Complete 
|  21|0x00000000a1500000, 0x00000000a1600000, 0x00000000a1600000|100%|HC|  |TAMS 0x00000000a1600000, 0x00000000a1500000| Complete 
|  22|0x00000000a1600000, 0x00000000a1700000, 0x00000000a1700000|100%| O|  |TAMS 0x00000000a1700000, 0x00000000a1600000| Untracked 
|  23|0x00000000a1700000, 0x00000000a1800000, 0x00000000a1800000|100%| O|  |TAMS 0x00000000a1800000, 0x00000000a1700000| Untracked 
|  24|0x00000000a1800000, 0x00000000a1900000, 0x00000000a1900000|100%| O|  |TAMS 0x00000000a1900000, 0x00000000a1800000| Untracked 
|  25|0x00000000a1900000, 0x00000000a1a00000, 0x00000000a1a00000|100%| O|  |TAMS 0x00000000a1a00000, 0x00000000a1900000| Untracked 
|  26|0x00000000a1a00000, 0x00000000a1b00000, 0x00000000a1b00000|100%| O|  |TAMS 0x00000000a1b00000, 0x00000000a1a00000| Untracked 
|  27|0x00000000a1b00000, 0x00000000a1c00000, 0x00000000a1c00000|100%| O|  |TAMS 0x00000000a1c00000, 0x00000000a1b00000| Untracked 
|  28|0x00000000a1c00000, 0x00000000a1d00000, 0x00000000a1d00000|100%| O|  |TAMS 0x00000000a1d00000, 0x00000000a1c00000| Untracked 
|  29|0x00000000a1d00000, 0x00000000a1e00000, 0x00000000a1e00000|100%| O|  |TAMS 0x00000000a1e00000, 0x00000000a1d00000| Untracked 
|  30|0x00000000a1e00000, 0x00000000a1f00000, 0x00000000a1f00000|100%| O|  |TAMS 0x00000000a1f00000, 0x00000000a1e00000| Untracked 
|  31|0x00000000a1f00000, 0x00000000a2000000, 0x00000000a2000000|100%| O|  |TAMS 0x00000000a2000000, 0x00000000a1f00000| Untracked 
|  32|0x00000000a2000000, 0x00000000a2100000, 0x00000000a2100000|100%| O|  |TAMS 0x00000000a2100000, 0x00000000a2000000| Untracked 
|  33|0x00000000a2100000, 0x00000000a2200000, 0x00000000a2200000|100%| O|  |TAMS 0x00000000a2200000, 0x00000000a2100000| Untracked 
|  34|0x00000000a2200000, 0x00000000a2300000, 0x00000000a2300000|100%| O|  |TAMS 0x00000000a2300000, 0x00000000a2200000| Untracked 
|  35|0x00000000a2300000, 0x00000000a2400000, 0x00000000a2400000|100%| O|  |TAMS 0x00000000a2400000, 0x00000000a2300000| Untracked 
|  36|0x00000000a2400000, 0x00000000a2500000, 0x00000000a2500000|100%| O|  |TAMS 0x00000000a2500000, 0x00000000a2400000| Untracked 
|  37|0x00000000a2500000, 0x00000000a2600000, 0x00000000a2600000|100%| O|  |TAMS 0x00000000a2600000, 0x00000000a2500000| Untracked 
|  38|0x00000000a2600000, 0x00000000a2700000, 0x00000000a2700000|100%| O|  |TAMS 0x00000000a2700000, 0x00000000a2600000| Untracked 
|  39|0x00000000a2700000, 0x00000000a2800000, 0x00000000a2800000|100%| O|  |TAMS 0x00000000a2800000, 0x00000000a2700000| Untracked 
|  40|0x00000000a2800000, 0x00000000a2900000, 0x00000000a2900000|100%| O|  |TAMS 0x00000000a2900000, 0x00000000a2800000| Untracked 
|  41|0x00000000a2900000, 0x00000000a2a00000, 0x00000000a2a00000|100%| O|  |TAMS 0x00000000a2a00000, 0x00000000a2900000| Untracked 
|  42|0x00000000a2a00000, 0x00000000a2b00000, 0x00000000a2b00000|100%| O|  |TAMS 0x00000000a2b00000, 0x00000000a2a00000| Untracked 
|  43|0x00000000a2b00000, 0x00000000a2c00000, 0x00000000a2c00000|100%| O|  |TAMS 0x00000000a2c00000, 0x00000000a2b00000| Untracked 
|  44|0x00000000a2c00000, 0x00000000a2d00000, 0x00000000a2d00000|100%| O|  |TAMS 0x00000000a2c00000, 0x00000000a2c00000| Untracked 
|  45|0x00000000a2d00000, 0x00000000a2e00000, 0x00000000a2e00000|100%| O|  |TAMS 0x00000000a2e00000, 0x00000000a2d00000| Untracked 
|  46|0x00000000a2e00000, 0x00000000a2f00000, 0x00000000a2f00000|100%| O|  |TAMS 0x00000000a2e00000, 0x00000000a2e00000| Untracked 
|  47|0x00000000a2f00000, 0x00000000a3000000, 0x00000000a3000000|100%|HS|  |TAMS 0x00000000a2f00000, 0x00000000a2f00000| Complete 
|  48|0x00000000a3000000, 0x00000000a3100000, 0x00000000a3100000|100%| O|  |TAMS 0x00000000a3100000, 0x00000000a3000000| Untracked 
|  49|0x00000000a3100000, 0x00000000a3200000, 0x00000000a3200000|100%| O|  |TAMS 0x00000000a3200000, 0x00000000a3100000| Untracked 
|  50|0x00000000a3200000, 0x00000000a3300000, 0x00000000a3300000|100%| O|  |TAMS 0x00000000a3300000, 0x00000000a3200000| Untracked 
|  51|0x00000000a3300000, 0x00000000a3400000, 0x00000000a3400000|100%| O|  |TAMS 0x00000000a3400000, 0x00000000a3300000| Untracked 
|  52|0x00000000a3400000, 0x00000000a3500000, 0x00000000a3500000|100%| O|  |TAMS 0x00000000a3500000, 0x00000000a3400000| Untracked 
|  53|0x00000000a3500000, 0x00000000a3600000, 0x00000000a3600000|100%| O|  |TAMS 0x00000000a3600000, 0x00000000a3500000| Untracked 
|  54|0x00000000a3600000, 0x00000000a3700000, 0x00000000a3700000|100%| O|  |TAMS 0x00000000a3700000, 0x00000000a3600000| Untracked 
|  55|0x00000000a3700000, 0x00000000a3800000, 0x00000000a3800000|100%| O|  |TAMS 0x00000000a3700000, 0x00000000a3700000| Untracked 
|  56|0x00000000a3800000, 0x00000000a3900000, 0x00000000a3900000|100%| O|  |TAMS 0x00000000a3900000, 0x00000000a3800000| Untracked 
|  57|0x00000000a3900000, 0x00000000a3a00000, 0x00000000a3a00000|100%| O|  |TAMS 0x00000000a3a00000, 0x00000000a3900000| Untracked 
|  58|0x00000000a3a00000, 0x00000000a3b00000, 0x00000000a3b00000|100%| O|  |TAMS 0x00000000a3b00000, 0x00000000a3a00000| Untracked 
|  59|0x00000000a3b00000, 0x00000000a3c00000, 0x00000000a3c00000|100%| O|  |TAMS 0x00000000a3c00000, 0x00000000a3b00000| Untracked 
|  60|0x00000000a3c00000, 0x00000000a3d00000, 0x00000000a3d00000|100%| O|  |TAMS 0x00000000a3d00000, 0x00000000a3c00000| Untracked 
|  61|0x00000000a3d00000, 0x00000000a3e00000, 0x00000000a3e00000|100%| O|  |TAMS 0x00000000a3e00000, 0x00000000a3d00000| Untracked 
|  62|0x00000000a3e00000, 0x00000000a3f00000, 0x00000000a3f00000|100%| O|  |TAMS 0x00000000a3f00000, 0x00000000a3e00000| Untracked 
|  63|0x00000000a3f00000, 0x00000000a4000000, 0x00000000a4000000|100%| O|  |TAMS 0x00000000a4000000, 0x00000000a3f00000| Untracked 
|  64|0x00000000a4000000, 0x00000000a4100000, 0x00000000a4100000|100%| O|  |TAMS 0x00000000a4100000, 0x00000000a4000000| Untracked 
|  65|0x00000000a4100000, 0x00000000a4200000, 0x00000000a4200000|100%| O|  |TAMS 0x00000000a41a6e00, 0x00000000a4100000| Untracked 
|  66|0x00000000a4200000, 0x00000000a4300000, 0x00000000a4300000|100%| O|  |TAMS 0x00000000a4200000, 0x00000000a4200000| Untracked 
|  67|0x00000000a4300000, 0x00000000a4400000, 0x00000000a4400000|100%| O|  |TAMS 0x00000000a4400000, 0x00000000a4300000| Untracked 
|  68|0x00000000a4400000, 0x00000000a4500000, 0x00000000a4500000|100%|HS|  |TAMS 0x00000000a4500000, 0x00000000a4400000| Complete 
|  69|0x00000000a4500000, 0x00000000a4600000, 0x00000000a4600000|100%|HC|  |TAMS 0x00000000a4600000, 0x00000000a4500000| Complete 
|  70|0x00000000a4600000, 0x00000000a4700000, 0x00000000a4700000|100%|HS|  |TAMS 0x00000000a4700000, 0x00000000a4600000| Complete 
|  71|0x00000000a4700000, 0x00000000a4800000, 0x00000000a4800000|100%|HC|  |TAMS 0x00000000a4800000, 0x00000000a4700000| Complete 
|  72|0x00000000a4800000, 0x00000000a4900000, 0x00000000a4900000|100%|HC|  |TAMS 0x00000000a4900000, 0x00000000a4800000| Complete 
|  73|0x00000000a4900000, 0x00000000a4a00000, 0x00000000a4a00000|100%|HS|  |TAMS 0x00000000a4a00000, 0x00000000a4900000| Complete 
|  74|0x00000000a4a00000, 0x00000000a4b00000, 0x00000000a4b00000|100%|HC|  |TAMS 0x00000000a4b00000, 0x00000000a4a00000| Complete 
|  75|0x00000000a4b00000, 0x00000000a4c00000, 0x00000000a4c00000|100%| O|  |TAMS 0x00000000a4c00000, 0x00000000a4b00000| Untracked 
|  76|0x00000000a4c00000, 0x00000000a4c00000, 0x00000000a4d00000|  0%| F|  |TAMS 0x00000000a4c00000, 0x00000000a4c00000| Untracked 
|  77|0x00000000a4d00000, 0x00000000a4d80200, 0x00000000a4e00000| 50%| O|  |TAMS 0x00000000a4d00000, 0x00000000a4d00000| Untracked 
|  78|0x00000000a4e00000, 0x00000000a4f00000, 0x00000000a4f00000|100%| O|  |TAMS 0x00000000a4f00000, 0x00000000a4e00000| Untracked 
|  79|0x00000000a4f00000, 0x00000000a5000000, 0x00000000a5000000|100%| O|  |TAMS 0x00000000a5000000, 0x00000000a4f00000| Untracked 
|  80|0x00000000a5000000, 0x00000000a5100000, 0x00000000a5100000|100%| O|  |TAMS 0x00000000a5100000, 0x00000000a5000000| Untracked 
|  81|0x00000000a5100000, 0x00000000a5100000, 0x00000000a5200000|  0%| F|  |TAMS 0x00000000a5100000, 0x00000000a5100000| Untracked 
|  82|0x00000000a5200000, 0x00000000a5200000, 0x00000000a5300000|  0%| F|  |TAMS 0x00000000a5200000, 0x00000000a5200000| Untracked 
|  83|0x00000000a5300000, 0x00000000a5400000, 0x00000000a5400000|100%| O|  |TAMS 0x00000000a5400000, 0x00000000a5300000| Untracked 
|  84|0x00000000a5400000, 0x00000000a5500000, 0x00000000a5500000|100%| O|  |TAMS 0x00000000a5500000, 0x00000000a5400000| Untracked 
|  85|0x00000000a5500000, 0x00000000a5600000, 0x00000000a5600000|100%| O|  |TAMS 0x00000000a5600000, 0x00000000a5500000| Untracked 
|  86|0x00000000a5600000, 0x00000000a5700000, 0x00000000a5700000|100%| O|  |TAMS 0x00000000a5700000, 0x00000000a5600000| Untracked 
|  87|0x00000000a5700000, 0x00000000a5800000, 0x00000000a5800000|100%| O|  |TAMS 0x00000000a5800000, 0x00000000a5700000| Untracked 
|  88|0x00000000a5800000, 0x00000000a5800000, 0x00000000a5900000|  0%| F|  |TAMS 0x00000000a5800000, 0x00000000a5800000| Untracked 
|  89|0x00000000a5900000, 0x00000000a5900000, 0x00000000a5a00000|  0%| F|  |TAMS 0x00000000a5900000, 0x00000000a5900000| Untracked 
|  90|0x00000000a5a00000, 0x00000000a5a00000, 0x00000000a5b00000|  0%| F|  |TAMS 0x00000000a5a00000, 0x00000000a5a00000| Untracked 
|  91|0x00000000a5b00000, 0x00000000a5b00000, 0x00000000a5c00000|  0%| F|  |TAMS 0x00000000a5b00000, 0x00000000a5b00000| Untracked 
|  92|0x00000000a5c00000, 0x00000000a5d00000, 0x00000000a5d00000|100%| O|  |TAMS 0x00000000a5d00000, 0x00000000a5c00000| Untracked 
|  93|0x00000000a5d00000, 0x00000000a5e00000, 0x00000000a5e00000|100%| O|  |TAMS 0x00000000a5e00000, 0x00000000a5d00000| Untracked 
|  94|0x00000000a5e00000, 0x00000000a5f00000, 0x00000000a5f00000|100%| O|  |TAMS 0x00000000a5f00000, 0x00000000a5e00000| Untracked 
|  95|0x00000000a5f00000, 0x00000000a5f00000, 0x00000000a6000000|  0%| F|  |TAMS 0x00000000a5f00000, 0x00000000a5f00000| Untracked 
|  96|0x00000000a6000000, 0x00000000a6000000, 0x00000000a6100000|  0%| F|  |TAMS 0x00000000a6000000, 0x00000000a6000000| Untracked 
|  97|0x00000000a6100000, 0x00000000a6200000, 0x00000000a6200000|100%| O|  |TAMS 0x00000000a6200000, 0x00000000a6100000| Untracked 
|  98|0x00000000a6200000, 0x00000000a6300000, 0x00000000a6300000|100%| O|  |TAMS 0x00000000a6300000, 0x00000000a6200000| Untracked 
|  99|0x00000000a6300000, 0x00000000a6300000, 0x00000000a6400000|  0%| F|  |TAMS 0x00000000a6300000, 0x00000000a6300000| Untracked 
| 100|0x00000000a6400000, 0x00000000a6400000, 0x00000000a6500000|  0%| F|  |TAMS 0x00000000a6400000, 0x00000000a6400000| Untracked 
| 101|0x00000000a6500000, 0x00000000a6500000, 0x00000000a6600000|  0%| F|  |TAMS 0x00000000a6500000, 0x00000000a6500000| Untracked 
| 102|0x00000000a6600000, 0x00000000a6600000, 0x00000000a6700000|  0%| F|  |TAMS 0x00000000a6600000, 0x00000000a6600000| Untracked 
| 103|0x00000000a6700000, 0x00000000a6700000, 0x00000000a6800000|  0%| F|  |TAMS 0x00000000a6700000, 0x00000000a6700000| Untracked 
| 104|0x00000000a6800000, 0x00000000a6800000, 0x00000000a6900000|  0%| F|  |TAMS 0x00000000a6800000, 0x00000000a6800000| Untracked 
| 105|0x00000000a6900000, 0x00000000a6900000, 0x00000000a6a00000|  0%| F|  |TAMS 0x00000000a6900000, 0x00000000a6900000| Untracked 
| 106|0x00000000a6a00000, 0x00000000a6a00000, 0x00000000a6b00000|  0%| F|  |TAMS 0x00000000a6a00000, 0x00000000a6a00000| Untracked 
| 107|0x00000000a6b00000, 0x00000000a6b00000, 0x00000000a6c00000|  0%| F|  |TAMS 0x00000000a6b00000, 0x00000000a6b00000| Untracked 
| 108|0x00000000a6c00000, 0x00000000a6c00000, 0x00000000a6d00000|  0%| F|  |TAMS 0x00000000a6c00000, 0x00000000a6c00000| Untracked 
| 109|0x00000000a6d00000, 0x00000000a6d00000, 0x00000000a6e00000|  0%| F|  |TAMS 0x00000000a6d00000, 0x00000000a6d00000| Untracked 
| 110|0x00000000a6e00000, 0x00000000a6e00000, 0x00000000a6f00000|  0%| F|  |TAMS 0x00000000a6e00000, 0x00000000a6e00000| Untracked 
| 111|0x00000000a6f00000, 0x00000000a6f00000, 0x00000000a7000000|  0%| F|  |TAMS 0x00000000a6f00000, 0x00000000a6f00000| Untracked 
| 112|0x00000000a7000000, 0x00000000a7000000, 0x00000000a7100000|  0%| F|  |TAMS 0x00000000a7000000, 0x00000000a7000000| Untracked 
| 113|0x00000000a7100000, 0x00000000a7100000, 0x00000000a7200000|  0%| F|  |TAMS 0x00000000a7100000, 0x00000000a7100000| Untracked 
| 114|0x00000000a7200000, 0x00000000a7200000, 0x00000000a7300000|  0%| F|  |TAMS 0x00000000a7200000, 0x00000000a7200000| Untracked 
| 115|0x00000000a7300000, 0x00000000a7300000, 0x00000000a7400000|  0%| F|  |TAMS 0x00000000a7300000, 0x00000000a7300000| Untracked 
| 116|0x00000000a7400000, 0x00000000a7400000, 0x00000000a7500000|  0%| F|  |TAMS 0x00000000a7400000, 0x00000000a7400000| Untracked 
| 117|0x00000000a7500000, 0x00000000a7600000, 0x00000000a7600000|100%| O|  |TAMS 0x00000000a7600000, 0x00000000a7500000| Untracked 
| 118|0x00000000a7600000, 0x00000000a7700000, 0x00000000a7700000|100%| O|  |TAMS 0x00000000a7700000, 0x00000000a7600000| Untracked 
| 119|0x00000000a7700000, 0x00000000a7800000, 0x00000000a7800000|100%| O|  |TAMS 0x00000000a7800000, 0x00000000a7700000| Untracked 
| 120|0x00000000a7800000, 0x00000000a7800000, 0x00000000a7900000|  0%| F|  |TAMS 0x00000000a7800000, 0x00000000a7800000| Untracked 
| 121|0x00000000a7900000, 0x00000000a7900000, 0x00000000a7a00000|  0%| F|  |TAMS 0x00000000a7900000, 0x00000000a7900000| Untracked 
| 122|0x00000000a7a00000, 0x00000000a7a00000, 0x00000000a7b00000|  0%| F|  |TAMS 0x00000000a7a00000, 0x00000000a7a00000| Untracked 
| 123|0x00000000a7b00000, 0x00000000a7b00000, 0x00000000a7c00000|  0%| F|  |TAMS 0x00000000a7b00000, 0x00000000a7b00000| Untracked 
| 124|0x00000000a7c00000, 0x00000000a7d00000, 0x00000000a7d00000|100%| O|  |TAMS 0x00000000a7d00000, 0x00000000a7c00000| Untracked 
| 125|0x00000000a7d00000, 0x00000000a7d00000, 0x00000000a7e00000|  0%| F|  |TAMS 0x00000000a7d00000, 0x00000000a7d00000| Untracked 
| 126|0x00000000a7e00000, 0x00000000a7e00000, 0x00000000a7f00000|  0%| F|  |TAMS 0x00000000a7e00000, 0x00000000a7e00000| Untracked 
| 127|0x00000000a7f00000, 0x00000000a7f00000, 0x00000000a8000000|  0%| F|  |TAMS 0x00000000a7f00000, 0x00000000a7f00000| Untracked 
| 128|0x00000000a8000000, 0x00000000a8000000, 0x00000000a8100000|  0%| F|  |TAMS 0x00000000a8000000, 0x00000000a8000000| Untracked 
| 129|0x00000000a8100000, 0x00000000a8200000, 0x00000000a8200000|100%| O|  |TAMS 0x00000000a8200000, 0x00000000a8100000| Untracked 
| 130|0x00000000a8200000, 0x00000000a8200000, 0x00000000a8300000|  0%| F|  |TAMS 0x00000000a8200000, 0x00000000a8200000| Untracked 
| 131|0x00000000a8300000, 0x00000000a8300000, 0x00000000a8400000|  0%| F|  |TAMS 0x00000000a8300000, 0x00000000a8300000| Untracked 
| 132|0x00000000a8400000, 0x00000000a8500000, 0x00000000a8500000|100%| O|  |TAMS 0x00000000a8500000, 0x00000000a8400000| Untracked 
| 133|0x00000000a8500000, 0x00000000a8600000, 0x00000000a8600000|100%| O|  |TAMS 0x00000000a8600000, 0x00000000a8500000| Untracked 
| 134|0x00000000a8600000, 0x00000000a8600000, 0x00000000a8700000|  0%| F|  |TAMS 0x00000000a8600000, 0x00000000a8600000| Untracked 
| 135|0x00000000a8700000, 0x00000000a8700000, 0x00000000a8800000|  0%| F|  |TAMS 0x00000000a8700000, 0x00000000a8700000| Untracked 
| 136|0x00000000a8800000, 0x00000000a8800000, 0x00000000a8900000|  0%| F|  |TAMS 0x00000000a8800000, 0x00000000a8800000| Untracked 
| 137|0x00000000a8900000, 0x00000000a8900000, 0x00000000a8a00000|  0%| F|  |TAMS 0x00000000a8900000, 0x00000000a8900000| Untracked 
| 138|0x00000000a8a00000, 0x00000000a8a00000, 0x00000000a8b00000|  0%| F|  |TAMS 0x00000000a8a00000, 0x00000000a8a00000| Untracked 
| 139|0x00000000a8b00000, 0x00000000a8b00000, 0x00000000a8c00000|  0%| F|  |TAMS 0x00000000a8b00000, 0x00000000a8b00000| Untracked 
| 140|0x00000000a8c00000, 0x00000000a8c00000, 0x00000000a8d00000|  0%| F|  |TAMS 0x00000000a8c00000, 0x00000000a8c00000| Untracked 
| 141|0x00000000a8d00000, 0x00000000a8e00000, 0x00000000a8e00000|100%| O|  |TAMS 0x00000000a8e00000, 0x00000000a8d00000| Untracked 
| 142|0x00000000a8e00000, 0x00000000a8e00000, 0x00000000a8f00000|  0%| F|  |TAMS 0x00000000a8e00000, 0x00000000a8e00000| Untracked 
| 143|0x00000000a8f00000, 0x00000000a8f00000, 0x00000000a9000000|  0%| F|  |TAMS 0x00000000a8f00000, 0x00000000a8f00000| Untracked 
| 144|0x00000000a9000000, 0x00000000a9000000, 0x00000000a9100000|  0%| F|  |TAMS 0x00000000a9000000, 0x00000000a9000000| Untracked 
| 145|0x00000000a9100000, 0x00000000a9100000, 0x00000000a9200000|  0%| F|  |TAMS 0x00000000a9100000, 0x00000000a9100000| Untracked 
| 146|0x00000000a9200000, 0x00000000a9200000, 0x00000000a9300000|  0%| F|  |TAMS 0x00000000a9200000, 0x00000000a9200000| Untracked 
| 147|0x00000000a9300000, 0x00000000a9300000, 0x00000000a9400000|  0%| F|  |TAMS 0x00000000a9300000, 0x00000000a9300000| Untracked 
| 148|0x00000000a9400000, 0x00000000a9400000, 0x00000000a9500000|  0%| F|  |TAMS 0x00000000a9400000, 0x00000000a9400000| Untracked 
| 149|0x00000000a9500000, 0x00000000a9500000, 0x00000000a9600000|  0%| F|  |TAMS 0x00000000a9500000, 0x00000000a9500000| Untracked 
| 150|0x00000000a9600000, 0x00000000a9600000, 0x00000000a9700000|  0%| F|  |TAMS 0x00000000a9600000, 0x00000000a9600000| Untracked 
| 151|0x00000000a9700000, 0x00000000a9700000, 0x00000000a9800000|  0%| F|  |TAMS 0x00000000a9700000, 0x00000000a9700000| Untracked 
| 152|0x00000000a9800000, 0x00000000a985a8c8, 0x00000000a9900000| 35%| S|CS|TAMS 0x00000000a9800000, 0x00000000a9800000| Complete 
| 153|0x00000000a9900000, 0x00000000a9a00000, 0x00000000a9a00000|100%| S|CS|TAMS 0x00000000a9900000, 0x00000000a9900000| Complete 
| 154|0x00000000a9a00000, 0x00000000a9b00000, 0x00000000a9b00000|100%| S|CS|TAMS 0x00000000a9a00000, 0x00000000a9a00000| Complete 
| 155|0x00000000a9b00000, 0x00000000a9c00000, 0x00000000a9c00000|100%| S|CS|TAMS 0x00000000a9b00000, 0x00000000a9b00000| Complete 
| 156|0x00000000a9c00000, 0x00000000a9d00000, 0x00000000a9d00000|100%| S|CS|TAMS 0x00000000a9c00000, 0x00000000a9c00000| Complete 
| 157|0x00000000a9d00000, 0x00000000a9d00000, 0x00000000a9e00000|  0%| F|  |TAMS 0x00000000a9d00000, 0x00000000a9d00000| Untracked 
| 158|0x00000000a9e00000, 0x00000000a9f00000, 0x00000000a9f00000|100%| O|  |TAMS 0x00000000a9f00000, 0x00000000a9e00000| Untracked 
| 159|0x00000000a9f00000, 0x00000000a9f00000, 0x00000000aa000000|  0%| F|  |TAMS 0x00000000a9f00000, 0x00000000a9f00000| Untracked 
| 160|0x00000000aa000000, 0x00000000aa000000, 0x00000000aa100000|  0%| F|  |TAMS 0x00000000aa000000, 0x00000000aa000000| Untracked 
| 161|0x00000000aa100000, 0x00000000aa100000, 0x00000000aa200000|  0%| F|  |TAMS 0x00000000aa100000, 0x00000000aa100000| Untracked 
| 162|0x00000000aa200000, 0x00000000aa200000, 0x00000000aa300000|  0%| F|  |TAMS 0x00000000aa200000, 0x00000000aa200000| Untracked 
| 163|0x00000000aa300000, 0x00000000aa300000, 0x00000000aa400000|  0%| F|  |TAMS 0x00000000aa300000, 0x00000000aa300000| Untracked 
| 164|0x00000000aa400000, 0x00000000aa400000, 0x00000000aa500000|  0%| F|  |TAMS 0x00000000aa400000, 0x00000000aa400000| Untracked 
| 165|0x00000000aa500000, 0x00000000aa500000, 0x00000000aa600000|  0%| F|  |TAMS 0x00000000aa500000, 0x00000000aa500000| Untracked 
| 166|0x00000000aa600000, 0x00000000aa600000, 0x00000000aa700000|  0%| F|  |TAMS 0x00000000aa600000, 0x00000000aa600000| Untracked 
| 167|0x00000000aa700000, 0x00000000aa700000, 0x00000000aa800000|  0%| F|  |TAMS 0x00000000aa700000, 0x00000000aa700000| Untracked 
| 168|0x00000000aa800000, 0x00000000aa800000, 0x00000000aa900000|  0%| F|  |TAMS 0x00000000aa800000, 0x00000000aa800000| Untracked 
| 169|0x00000000aa900000, 0x00000000aa900000, 0x00000000aaa00000|  0%| F|  |TAMS 0x00000000aa900000, 0x00000000aa900000| Untracked 
| 170|0x00000000aaa00000, 0x00000000aaa00000, 0x00000000aab00000|  0%| F|  |TAMS 0x00000000aaa00000, 0x00000000aaa00000| Untracked 
| 171|0x00000000aab00000, 0x00000000aab00000, 0x00000000aac00000|  0%| F|  |TAMS 0x00000000aab00000, 0x00000000aab00000| Untracked 
| 172|0x00000000aac00000, 0x00000000aacd1060, 0x00000000aad00000| 81%| E|  |TAMS 0x00000000aac00000, 0x00000000aac00000| Complete 
| 173|0x00000000aad00000, 0x00000000aae00000, 0x00000000aae00000|100%| E|CS|TAMS 0x00000000aad00000, 0x00000000aad00000| Complete 
| 174|0x00000000aae00000, 0x00000000aaf00000, 0x00000000aaf00000|100%| E|CS|TAMS 0x00000000aae00000, 0x00000000aae00000| Complete 
| 175|0x00000000aaf00000, 0x00000000ab000000, 0x00000000ab000000|100%| E|CS|TAMS 0x00000000aaf00000, 0x00000000aaf00000| Complete 
| 176|0x00000000ab000000, 0x00000000ab100000, 0x00000000ab100000|100%| E|CS|TAMS 0x00000000ab000000, 0x00000000ab000000| Complete 
| 177|0x00000000ab100000, 0x00000000ab200000, 0x00000000ab200000|100%| E|  |TAMS 0x00000000ab100000, 0x00000000ab100000| Complete 
| 178|0x00000000ab200000, 0x00000000ab300000, 0x00000000ab300000|100%| E|CS|TAMS 0x00000000ab200000, 0x00000000ab200000| Complete 
| 179|0x00000000ab300000, 0x00000000ab400000, 0x00000000ab400000|100%| E|CS|TAMS 0x00000000ab300000, 0x00000000ab300000| Complete 
| 180|0x00000000ab400000, 0x00000000ab500000, 0x00000000ab500000|100%| E|CS|TAMS 0x00000000ab400000, 0x00000000ab400000| Complete 
| 181|0x00000000ab500000, 0x00000000ab600000, 0x00000000ab600000|100%| E|CS|TAMS 0x00000000ab500000, 0x00000000ab500000| Complete 
| 182|0x00000000ab600000, 0x00000000ab700000, 0x00000000ab700000|100%| E|CS|TAMS 0x00000000ab600000, 0x00000000ab600000| Complete 
| 183|0x00000000ab700000, 0x00000000ab800000, 0x00000000ab800000|100%| E|CS|TAMS 0x00000000ab700000, 0x00000000ab700000| Complete 
| 184|0x00000000ab800000, 0x00000000ab900000, 0x00000000ab900000|100%| E|CS|TAMS 0x00000000ab800000, 0x00000000ab800000| Complete 
| 185|0x00000000ab900000, 0x00000000aba00000, 0x00000000aba00000|100%| E|CS|TAMS 0x00000000ab900000, 0x00000000ab900000| Complete 
| 186|0x00000000aba00000, 0x00000000abb00000, 0x00000000abb00000|100%| E|CS|TAMS 0x00000000aba00000, 0x00000000aba00000| Complete 
| 187|0x00000000abb00000, 0x00000000abc00000, 0x00000000abc00000|100%| E|CS|TAMS 0x00000000abb00000, 0x00000000abb00000| Complete 
| 188|0x00000000abc00000, 0x00000000abd00000, 0x00000000abd00000|100%| E|CS|TAMS 0x00000000abc00000, 0x00000000abc00000| Complete 
| 189|0x00000000abd00000, 0x00000000abe00000, 0x00000000abe00000|100%| E|CS|TAMS 0x00000000abd00000, 0x00000000abd00000| Complete 
| 190|0x00000000abe00000, 0x00000000abf00000, 0x00000000abf00000|100%| E|CS|TAMS 0x00000000abe00000, 0x00000000abe00000| Complete 
| 191|0x00000000abf00000, 0x00000000ac000000, 0x00000000ac000000|100%| E|CS|TAMS 0x00000000abf00000, 0x00000000abf00000| Complete 
| 192|0x00000000ac000000, 0x00000000ac100000, 0x00000000ac100000|100%| E|CS|TAMS 0x00000000ac000000, 0x00000000ac000000| Complete 
| 193|0x00000000ac100000, 0x00000000ac200000, 0x00000000ac200000|100%| E|CS|TAMS 0x00000000ac100000, 0x00000000ac100000| Complete 
| 194|0x00000000ac200000, 0x00000000ac300000, 0x00000000ac300000|100%| E|CS|TAMS 0x00000000ac200000, 0x00000000ac200000| Complete 
| 195|0x00000000ac300000, 0x00000000ac400000, 0x00000000ac400000|100%| E|CS|TAMS 0x00000000ac300000, 0x00000000ac300000| Complete 
| 196|0x00000000ac400000, 0x00000000ac500000, 0x00000000ac500000|100%| E|CS|TAMS 0x00000000ac400000, 0x00000000ac400000| Complete 
| 197|0x00000000ac500000, 0x00000000ac600000, 0x00000000ac600000|100%| E|CS|TAMS 0x00000000ac500000, 0x00000000ac500000| Complete 
| 198|0x00000000ac600000, 0x00000000ac700000, 0x00000000ac700000|100%| E|CS|TAMS 0x00000000ac600000, 0x00000000ac600000| Complete 
| 199|0x00000000ac700000, 0x00000000ac800000, 0x00000000ac800000|100%| E|CS|TAMS 0x00000000ac700000, 0x00000000ac700000| Complete 
| 200|0x00000000ac800000, 0x00000000ac900000, 0x00000000ac900000|100%| E|CS|TAMS 0x00000000ac800000, 0x00000000ac800000| Complete 
| 201|0x00000000ac900000, 0x00000000aca00000, 0x00000000aca00000|100%| E|CS|TAMS 0x00000000ac900000, 0x00000000ac900000| Complete 
| 202|0x00000000aca00000, 0x00000000acb00000, 0x00000000acb00000|100%| E|CS|TAMS 0x00000000aca00000, 0x00000000aca00000| Complete 
| 203|0x00000000acb00000, 0x00000000acc00000, 0x00000000acc00000|100%| E|CS|TAMS 0x00000000acb00000, 0x00000000acb00000| Complete 
| 204|0x00000000acc00000, 0x00000000acd00000, 0x00000000acd00000|100%| E|CS|TAMS 0x00000000acc00000, 0x00000000acc00000| Complete 
| 205|0x00000000acd00000, 0x00000000ace00000, 0x00000000ace00000|100%| E|CS|TAMS 0x00000000acd00000, 0x00000000acd00000| Complete 
| 206|0x00000000ace00000, 0x00000000acf00000, 0x00000000acf00000|100%| E|CS|TAMS 0x00000000ace00000, 0x00000000ace00000| Complete 
| 207|0x00000000acf00000, 0x00000000ad000000, 0x00000000ad000000|100%| E|CS|TAMS 0x00000000acf00000, 0x00000000acf00000| Complete 
| 208|0x00000000ad000000, 0x00000000ad100000, 0x00000000ad100000|100%| E|CS|TAMS 0x00000000ad000000, 0x00000000ad000000| Complete 
| 209|0x00000000ad100000, 0x00000000ad200000, 0x00000000ad200000|100%| E|CS|TAMS 0x00000000ad100000, 0x00000000ad100000| Complete 
| 210|0x00000000ad200000, 0x00000000ad300000, 0x00000000ad300000|100%| E|CS|TAMS 0x00000000ad200000, 0x00000000ad200000| Complete 
| 211|0x00000000ad300000, 0x00000000ad400000, 0x00000000ad400000|100%| E|CS|TAMS 0x00000000ad300000, 0x00000000ad300000| Complete 
| 212|0x00000000ad400000, 0x00000000ad500000, 0x00000000ad500000|100%| E|CS|TAMS 0x00000000ad400000, 0x00000000ad400000| Complete 
| 213|0x00000000ad500000, 0x00000000ad600000, 0x00000000ad600000|100%| E|CS|TAMS 0x00000000ad500000, 0x00000000ad500000| Complete 
| 214|0x00000000ad600000, 0x00000000ad700000, 0x00000000ad700000|100%| E|CS|TAMS 0x00000000ad600000, 0x00000000ad600000| Complete 
| 215|0x00000000ad700000, 0x00000000ad800000, 0x00000000ad800000|100%| E|CS|TAMS 0x00000000ad700000, 0x00000000ad700000| Complete 
| 216|0x00000000ad800000, 0x00000000ad900000, 0x00000000ad900000|100%| E|CS|TAMS 0x00000000ad800000, 0x00000000ad800000| Complete 
| 217|0x00000000ad900000, 0x00000000ada00000, 0x00000000ada00000|100%| E|CS|TAMS 0x00000000ad900000, 0x00000000ad900000| Complete 
| 218|0x00000000ada00000, 0x00000000adb00000, 0x00000000adb00000|100%| E|CS|TAMS 0x00000000ada00000, 0x00000000ada00000| Complete 
| 219|0x00000000adb00000, 0x00000000adc00000, 0x00000000adc00000|100%| E|CS|TAMS 0x00000000adb00000, 0x00000000adb00000| Complete 
| 220|0x00000000adc00000, 0x00000000add00000, 0x00000000add00000|100%| E|CS|TAMS 0x00000000adc00000, 0x00000000adc00000| Complete 
| 221|0x00000000add00000, 0x00000000ade00000, 0x00000000ade00000|100%| E|CS|TAMS 0x00000000add00000, 0x00000000add00000| Complete 
| 222|0x00000000ade00000, 0x00000000adf00000, 0x00000000adf00000|100%| E|CS|TAMS 0x00000000ade00000, 0x00000000ade00000| Complete 
| 223|0x00000000adf00000, 0x00000000ae000000, 0x00000000ae000000|100%| E|CS|TAMS 0x00000000adf00000, 0x00000000adf00000| Complete 
| 224|0x00000000ae000000, 0x00000000ae100000, 0x00000000ae100000|100%| E|CS|TAMS 0x00000000ae000000, 0x00000000ae000000| Complete 
| 225|0x00000000ae100000, 0x00000000ae200000, 0x00000000ae200000|100%| E|CS|TAMS 0x00000000ae100000, 0x00000000ae100000| Complete 
| 226|0x00000000ae200000, 0x00000000ae300000, 0x00000000ae300000|100%| E|CS|TAMS 0x00000000ae200000, 0x00000000ae200000| Complete 
| 227|0x00000000ae300000, 0x00000000ae400000, 0x00000000ae400000|100%| E|CS|TAMS 0x00000000ae300000, 0x00000000ae300000| Complete 
| 228|0x00000000ae400000, 0x00000000ae500000, 0x00000000ae500000|100%| E|CS|TAMS 0x00000000ae400000, 0x00000000ae400000| Complete 
| 229|0x00000000ae500000, 0x00000000ae600000, 0x00000000ae600000|100%| E|CS|TAMS 0x00000000ae500000, 0x00000000ae500000| Complete 
| 230|0x00000000ae600000, 0x00000000ae700000, 0x00000000ae700000|100%| E|CS|TAMS 0x00000000ae600000, 0x00000000ae600000| Complete 
| 231|0x00000000ae700000, 0x00000000ae800000, 0x00000000ae800000|100%| E|CS|TAMS 0x00000000ae700000, 0x00000000ae700000| Complete 
| 232|0x00000000ae800000, 0x00000000ae900000, 0x00000000ae900000|100%| E|CS|TAMS 0x00000000ae800000, 0x00000000ae800000| Complete 
| 233|0x00000000ae900000, 0x00000000aea00000, 0x00000000aea00000|100%| E|CS|TAMS 0x00000000ae900000, 0x00000000ae900000| Complete 
| 234|0x00000000aea00000, 0x00000000aeb00000, 0x00000000aeb00000|100%| E|CS|TAMS 0x00000000aea00000, 0x00000000aea00000| Complete 
| 235|0x00000000aeb00000, 0x00000000aec00000, 0x00000000aec00000|100%| E|CS|TAMS 0x00000000aeb00000, 0x00000000aeb00000| Complete 
| 236|0x00000000aec00000, 0x00000000aed00000, 0x00000000aed00000|100%| E|CS|TAMS 0x00000000aec00000, 0x00000000aec00000| Complete 
| 237|0x00000000aed00000, 0x00000000aee00000, 0x00000000aee00000|100%| E|CS|TAMS 0x00000000aed00000, 0x00000000aed00000| Complete 
| 238|0x00000000aee00000, 0x00000000aef00000, 0x00000000aef00000|100%| E|CS|TAMS 0x00000000aee00000, 0x00000000aee00000| Complete 
| 239|0x00000000aef00000, 0x00000000af000000, 0x00000000af000000|100%| E|CS|TAMS 0x00000000aef00000, 0x00000000aef00000| Complete 
| 240|0x00000000af000000, 0x00000000af100000, 0x00000000af100000|100%| E|CS|TAMS 0x00000000af000000, 0x00000000af000000| Complete 
| 241|0x00000000af100000, 0x00000000af200000, 0x00000000af200000|100%| E|CS|TAMS 0x00000000af100000, 0x00000000af100000| Complete 

Card table byte_map: [0x000001d8788b0000,0x000001d878bb0000] _byte_map_base: 0x000001d8783b0000

Marking Bits (Prev, Next): (CMBitMap*) 0x000001d87019e478, (CMBitMap*) 0x000001d87019e4b0
 Prev Bits: [0x000001d878eb0000, 0x000001d87a6b0000)
 Next Bits: [0x000001d87a6b0000, 0x000001d87beb0000)

Polling page: 0x000001d86f940000

Metaspace:

Usage:
  Non-class:    102.06 MB capacity,   100.23 MB ( 98%) used,     1.51 MB (  1%) free+waste,   330.19 KB ( <1%) overhead. 
      Class:     14.76 MB capacity,    13.76 MB ( 93%) used,   886.11 KB (  6%) free+waste,   144.50 KB ( <1%) overhead. 
       Both:    116.83 MB capacity,   113.99 MB ( 98%) used,     2.37 MB (  2%) free+waste,   474.69 KB ( <1%) overhead. 

Virtual space:
  Non-class space:      104.00 MB reserved,     102.25 MB ( 98%) committed 
      Class space:        1.00 GB reserved,      15.00 MB (  1%) committed 
             Both:        1.10 GB reserved,     117.25 MB ( 10%) committed 

Chunk freelists:
   Non-Class:  23.75 KB
       Class:  22.50 KB
        Both:  46.25 KB

CodeHeap 'non-profiled nmethods': size=120064Kb used=12094Kb max_used=12094Kb free=107969Kb
 bounds [0x000001d807ac0000, 0x000001d8086a0000, 0x000001d80f000000]
CodeHeap 'profiled nmethods': size=120000Kb used=40566Kb max_used=40566Kb free=79433Kb
 bounds [0x000001d800590000, 0x000001d802d60000, 0x000001d807ac0000]
CodeHeap 'non-nmethods': size=5696Kb used=2409Kb max_used=2486Kb free=3286Kb
 bounds [0x000001d800000000, 0x000001d800270000, 0x000001d800590000]
 total_blobs=28441 nmethods=18823 adapters=981
 compilation: enabled
              stopped_count=0, restarted_count=0
 full_count=0

Compilation events (10 events):
Event: 520.984 Thread 0x000001d813b17000 nmethod 21760 0x000001d808682d90 code [0x000001d808682f20, 0x000001d808682fb8]
Event: 520.987 Thread 0x000001d813b17000 21771       4       com.sun.org.apache.xerces.internal.dom.ChildNode::getParentNode (16 bytes)
Event: 520.987 Thread 0x000001d813b17000 nmethod 21771 0x000001d808683090 code [0x000001d808683220, 0x000001d8086832b8]
Event: 520.998 Thread 0x000001d87e71c800 21772       3       com.google.common.cache.LocalCache$LoadingValueReference::set (9 bytes)
Event: 520.999 Thread 0x000001d87e71c800 nmethod 21772 0x000001d802d5d990 code [0x000001d802d5db60, 0x000001d802d5dd70]
Event: 520.999 Thread 0x000001d87e71c800 21773       3       com.google.common.cache.LocalCache$Segment::postWriteCleanup (5 bytes)
Event: 520.999 Thread 0x000001d87e71c800 nmethod 21773 0x000001d802d5de90 code [0x000001d802d5e080, 0x000001d802d5e490]
Event: 520.999 Thread 0x000001d813b17000 21774       4       com.sun.org.apache.xerces.internal.dom.AttrImpl::setOwnerDocument (49 bytes)
Event: 521.001 Thread 0x000001d813b17000 nmethod 21774 0x000001d808683390 code [0x000001d808683520, 0x000001d8086836f8]
Event: 521.001 Thread 0x000001d813b17000 21776       4       com.android.utils.PositionXmlParser::getPositionHelper (757 bytes)

GC Heap History (10 events):
Event: 249.317 GC heap before
{Heap before GC invocations=37 (full 0):
 garbage-first heap   total 247808K, used 185613K [0x00000000a0000000, 0x0000000100000000)
  region size 1024K, 56 young (57344K), 1 survivors (1024K)
 Metaspace       used 114331K, capacity 117135K, committed 118144K, reserved 1153024K
  class space    used 13816K, capacity 14807K, committed 15232K, reserved 1048576K
}
Event: 249.319 GC heap after
{Heap after GC invocations=38 (full 0):
 garbage-first heap   total 247808K, used 119993K [0x00000000a0000000, 0x0000000100000000)
  region size 1024K, 1 young (1024K), 1 survivors (1024K)
 Metaspace       used 114331K, capacity 117135K, committed 118144K, reserved 1153024K
  class space    used 13816K, capacity 14807K, committed 15232K, reserved 1048576K
}
Event: 249.344 GC heap before
{Heap before GC invocations=38 (full 0):
 garbage-first heap   total 247808K, used 135353K [0x00000000a0000000, 0x0000000100000000)
  region size 1024K, 12 young (12288K), 1 survivors (1024K)
 Metaspace       used 114347K, capacity 117137K, committed 118144K, reserved 1153024K
  class space    used 13816K, capacity 14807K, committed 15232K, reserved 1048576K
}
Event: 249.347 GC heap after
{Heap after GC invocations=39 (full 0):
 garbage-first heap   total 247808K, used 100438K [0x00000000a0000000, 0x0000000100000000)
  region size 1024K, 1 young (1024K), 1 survivors (1024K)
 Metaspace       used 114347K, capacity 117137K, committed 118144K, reserved 1153024K
  class space    used 13816K, capacity 14807K, committed 15232K, reserved 1048576K
}
Event: 375.550 GC heap before
{Heap before GC invocations=39 (full 0):
 garbage-first heap   total 247808K, used 182358K [0x00000000a0000000, 0x0000000100000000)
  region size 1024K, 74 young (75776K), 1 survivors (1024K)
 Metaspace       used 115578K, capacity 118420K, committed 119296K, reserved 1153024K
  class space    used 14003K, capacity 15000K, committed 15360K, reserved 1048576K
}
Event: 375.552 GC heap after
{Heap after GC invocations=40 (full 0):
 garbage-first heap   total 247808K, used 101058K [0x00000000a0000000, 0x0000000100000000)
  region size 1024K, 2 young (2048K), 2 survivors (2048K)
 Metaspace       used 115578K, capacity 118420K, committed 119296K, reserved 1153024K
  class space    used 14003K, capacity 15000K, committed 15360K, reserved 1048576K
}
Event: 510.790 GC heap before
{Heap before GC invocations=40 (full 0):
 garbage-first heap   total 247808K, used 178882K [0x00000000a0000000, 0x0000000100000000)
  region size 1024K, 79 young (80896K), 2 survivors (2048K)
 Metaspace       used 116004K, capacity 118880K, committed 119552K, reserved 1153024K
  class space    used 14042K, capacity 15036K, committed 15360K, reserved 1048576K
}
Event: 510.792 GC heap after
{Heap after GC invocations=41 (full 0):
 garbage-first heap   total 247808K, used 101771K [0x00000000a0000000, 0x0000000100000000)
  region size 1024K, 2 young (2048K), 2 survivors (2048K)
 Metaspace       used 116004K, capacity 118880K, committed 119552K, reserved 1153024K
  class space    used 14042K, capacity 15036K, committed 15360K, reserved 1048576K
}
Event: 520.033 GC heap before
{Heap before GC invocations=41 (full 0):
 garbage-first heap   total 247808K, used 184715K [0x00000000a0000000, 0x0000000100000000)
  region size 1024K, 84 young (86016K), 2 survivors (2048K)
 Metaspace       used 116494K, capacity 119404K, committed 120064K, reserved 1155072K
  class space    used 14079K, capacity 15105K, committed 15360K, reserved 1048576K
}
Event: 520.036 GC heap after
{Heap after GC invocations=42 (full 0):
 garbage-first heap   total 247808K, used 104298K [0x00000000a0000000, 0x0000000100000000)
  region size 1024K, 5 young (5120K), 5 survivors (5120K)
 Metaspace       used 116494K, capacity 119404K, committed 120064K, reserved 1155072K
  class space    used 14079K, capacity 15105K, committed 15360K, reserved 1048576K
}

Deoptimization events (10 events):
Event: 510.854 Thread 0x000001d812d72000 Uncommon trap: reason=intrinsic_or_type_checked_inlining action=make_not_entrant pc=0x000001d80852dcbc method=java.util.Arrays.copyOfRange([Ljava/lang/Object;IILjava/lang/Class;)[Ljava/lang/Object; @ 83 c2
Event: 510.975 Thread 0x000001d812d72000 Uncommon trap: reason=unstable_if action=reinterpret pc=0x000001d807fec6d0 method=com.sun.org.apache.xerces.internal.util.ParserConfigurationSettings.checkFeature(Ljava/lang/String;)Lcom/sun/org/apache/xerces/internal/util/FeatureState; @ 10 c2
Event: 511.087 Thread 0x000001d812d72000 Uncommon trap: reason=unstable_if action=reinterpret pc=0x000001d807b10dd8 method=java.io.WinNTFileSystem.resolve(Ljava/lang/String;Ljava/lang/String;)Ljava/lang/String; @ 70 c2
Event: 520.030 Thread 0x000001d812293800 Uncommon trap: reason=unstable_if action=reinterpret pc=0x000001d807e72448 method=java.util.concurrent.ConcurrentLinkedQueue.updateHead(Ljava/util/concurrent/ConcurrentLinkedQueue$Node;Ljava/util/concurrent/ConcurrentLinkedQueue$Node;)V @ 14 c2
Event: 520.753 Thread 0x000001d812d72000 Uncommon trap: reason=unstable_if action=reinterpret pc=0x000001d808027d40 method=com.sun.org.apache.xerces.internal.impl.XMLNSDocumentScannerImpl.scanAttribute(Lcom/sun/org/apache/xerces/internal/util/XMLAttributesImpl;)V @ 688 c2
Event: 520.774 Thread 0x000001d812287800 Uncommon trap: reason=bimorphic_or_optimized_type_check action=maybe_recompile pc=0x000001d808193210 method=java.util.Spliterators$ArraySpliterator.tryAdvance(Ljava/util/function/Consumer;)Z @ 49 c2
Event: 520.774 Thread 0x000001d812287800 Uncommon trap: reason=bimorphic_or_optimized_type_check action=maybe_recompile pc=0x000001d808193210 method=java.util.Spliterators$ArraySpliterator.tryAdvance(Ljava/util/function/Consumer;)Z @ 49 c2
Event: 520.780 Thread 0x000001d812287800 Uncommon trap: reason=bimorphic_or_optimized_type_check action=maybe_recompile pc=0x000001d808193210 method=java.util.Spliterators$ArraySpliterator.tryAdvance(Ljava/util/function/Consumer;)Z @ 49 c2
Event: 520.780 Thread 0x000001d812287800 Uncommon trap: reason=bimorphic_or_optimized_type_check action=maybe_recompile pc=0x000001d808193210 method=java.util.Spliterators$ArraySpliterator.tryAdvance(Ljava/util/function/Consumer;)Z @ 49 c2
Event: 520.781 Thread 0x000001d812287800 Uncommon trap: reason=unstable_if action=reinterpret pc=0x000001d80814c968 method=java.lang.StrictMath.floorOrCeil(DDDD)D @ 115 c2

Classes redefined (0 events):
No events

Internal exceptions (10 events):
Event: 510.973 Thread 0x000001d812d72000 Exception <a 'sun/nio/fs/WindowsException'{0x00000000ae8ae5f8}> (0x00000000ae8ae5f8) thrown at [t:/workspace/open/src/hotspot/share/prims/jni.cpp, line 615]
Event: 519.780 Thread 0x000001d812d72000 Exception <a 'java/lang/NoSuchMethodError'{0x00000000abc631b8}: <clinit>> (0x00000000abc631b8) thrown at [t:/workspace/open/src/hotspot/share/prims/jni.cpp, line 1364]
Event: 519.784 Thread 0x000001d812d72000 Exception <a 'java/lang/NoSuchMethodError'{0x00000000abca2068}: <clinit>> (0x00000000abca2068) thrown at [t:/workspace/open/src/hotspot/share/prims/jni.cpp, line 1364]
Event: 519.792 Thread 0x000001d812d72000 Exception <a 'java/lang/NoSuchMethodError'{0x00000000abb86eb8}: <clinit>> (0x00000000abb86eb8) thrown at [t:/workspace/open/src/hotspot/share/prims/jni.cpp, line 1364]
Event: 519.792 Thread 0x000001d812d72000 Exception <a 'java/lang/NoSuchMethodError'{0x00000000abb89670}: <clinit>> (0x00000000abb89670) thrown at [t:/workspace/open/src/hotspot/share/prims/jni.cpp, line 1364]
Event: 519.792 Thread 0x000001d812d72000 Exception <a 'java/lang/NoSuchMethodError'{0x00000000abb8ac68}: <clinit>> (0x00000000abb8ac68) thrown at [t:/workspace/open/src/hotspot/share/prims/jni.cpp, line 1364]
Event: 519.792 Thread 0x000001d812d72000 Exception <a 'java/lang/NoSuchMethodError'{0x00000000abb8c158}: <clinit>> (0x00000000abb8c158) thrown at [t:/workspace/open/src/hotspot/share/prims/jni.cpp, line 1364]
Event: 519.792 Thread 0x000001d812d72000 Exception <a 'java/lang/NoSuchMethodError'{0x00000000abb8d580}: <clinit>> (0x00000000abb8d580) thrown at [t:/workspace/open/src/hotspot/share/prims/jni.cpp, line 1364]
Event: 519.852 Thread 0x000001d812d72000 Exception <a 'sun/nio/fs/WindowsException'{0x00000000ab24fe50}> (0x00000000ab24fe50) thrown at [t:/workspace/open/src/hotspot/share/prims/jni.cpp, line 615]
Event: 520.083 Thread 0x000001d812d7a000 Exception <a 'sun/nio/fs/WindowsException'{0x00000000aebd3dc8}> (0x00000000aebd3dc8) thrown at [t:/workspace/open/src/hotspot/share/prims/jni.cpp, line 615]

Events (10 events):
Event: 520.835 Thread 0x000001d812d72000 DEOPT PACKING pc=0x000001d8028a2457 sp=0x000000c741df8f40
Event: 520.835 Thread 0x000001d812d72000 DEOPT UNPACKING pc=0x000001d800028d4e sp=0x000000c741df84a8 mode 0
Event: 520.835 Thread 0x000001d812d72000 DEOPT PACKING pc=0x000001d8028a2457 sp=0x000000c741df8f40
Event: 520.835 Thread 0x000001d812d72000 DEOPT UNPACKING pc=0x000001d800028d4e sp=0x000000c741df84a8 mode 0
Event: 520.835 Thread 0x000001d812d72000 DEOPT PACKING pc=0x000001d8028a2457 sp=0x000000c741df8f40
Event: 520.835 Thread 0x000001d812d72000 DEOPT UNPACKING pc=0x000001d800028d4e sp=0x000000c741df84a8 mode 0
Event: 520.835 Thread 0x000001d812d72000 DEOPT PACKING pc=0x000001d8028a2457 sp=0x000000c741df8f40
Event: 520.835 Thread 0x000001d812d72000 DEOPT UNPACKING pc=0x000001d800028d4e sp=0x000000c741df84a8 mode 0
Event: 520.887 Thread 0x000001d812d72000 DEOPT PACKING pc=0x000001d8028a2457 sp=0x000000c741df8f40
Event: 520.887 Thread 0x000001d812d72000 DEOPT UNPACKING pc=0x000001d800028d4e sp=0x000000c741df84a8 mode 0


Dynamic libraries:
0x00007ff753050000 - 0x00007ff753097000 	C:\Program Files\Java\jdk-11.0.3\bin\java.exe
0x00007fff47610000 - 0x00007fff477fd000 	C:\WINDOWS\SYSTEM32\ntdll.dll
0x00007fff44900000 - 0x00007fff449b3000 	C:\WINDOWS\System32\KERNEL32.DLL
0x00007fff43b30000 - 0x00007fff43dc3000 	C:\WINDOWS\System32\KERNELBASE.dll
0x00007fff44850000 - 0x00007fff448f3000 	C:\WINDOWS\System32\ADVAPI32.dll
0x00007fff47540000 - 0x00007fff475de000 	C:\WINDOWS\System32\msvcrt.dll
0x00007fff45c50000 - 0x00007fff45cee000 	C:\WINDOWS\System32\sechost.dll
0x00007fff45470000 - 0x00007fff45592000 	C:\WINDOWS\System32\RPCRT4.dll
0x00007fff455c0000 - 0x00007fff45757000 	C:\WINDOWS\System32\USER32.dll
0x00007fff44820000 - 0x00007fff44840000 	C:\WINDOWS\System32\win32u.dll
0x00007fff45290000 - 0x00007fff452b9000 	C:\WINDOWS\System32\GDI32.dll
0x00007fff437f0000 - 0x00007fff4398a000 	C:\WINDOWS\System32\gdi32full.dll
0x00007fff43a90000 - 0x00007fff43b30000 	C:\WINDOWS\System32\msvcp_win.dll
0x00007fff43990000 - 0x00007fff43a8a000 	C:\WINDOWS\System32\ucrtbase.dll
0x00007fff352e0000 - 0x00007fff35559000 	C:\WINDOWS\WinSxS\amd64_microsoft.windows.common-controls_6595b64144ccf1df_6.0.17763.557_none_05b63f68071e5b9f\COMCTL32.dll
0x00007fff3e440000 - 0x00007fff3e44a000 	C:\WINDOWS\SYSTEM32\VERSION.dll
0x00007fff45cf0000 - 0x00007fff4601c000 	C:\WINDOWS\System32\combase.dll
0x00007fff43740000 - 0x00007fff437be000 	C:\WINDOWS\System32\bcryptPrimitives.dll
0x00007fff47510000 - 0x00007fff4753e000 	C:\WINDOWS\System32\IMM32.DLL
0x00007fff41930000 - 0x00007fff41946000 	C:\Program Files\Java\jdk-11.0.3\bin\vcruntime140.dll
0x00007fff28630000 - 0x00007fff286da000 	C:\Program Files\Java\jdk-11.0.3\bin\msvcp140.dll
0x00007fff069f0000 - 0x00007fff07517000 	C:\Program Files\Java\jdk-11.0.3\bin\server\jvm.dll
0x00007fff44840000 - 0x00007fff44848000 	C:\WINDOWS\System32\PSAPI.DLL
0x00007fff393f0000 - 0x00007fff393f9000 	C:\WINDOWS\SYSTEM32\WSOCK32.dll
0x00007fff418f0000 - 0x00007fff41914000 	C:\WINDOWS\SYSTEM32\WINMM.dll
0x00007fff45160000 - 0x00007fff451cd000 	C:\WINDOWS\System32\WS2_32.dll
0x00007fff418c0000 - 0x00007fff418ed000 	C:\WINDOWS\SYSTEM32\winmmbase.dll
0x00007fff447d0000 - 0x00007fff4481a000 	C:\WINDOWS\System32\cfgmgr32.dll
0x00007fff43610000 - 0x00007fff43621000 	C:\WINDOWS\System32\kernel.appcore.dll
0x00007fff31c80000 - 0x00007fff31c91000 	C:\Program Files\Java\jdk-11.0.3\bin\verify.dll
0x00007fff289b0000 - 0x00007fff28b9d000 	C:\WINDOWS\SYSTEM32\DBGHELP.DLL
0x00007fff25ed0000 - 0x00007fff25efa000 	C:\WINDOWS\SYSTEM32\dbgcore.DLL
0x00007fff2ac70000 - 0x00007fff2ac99000 	C:\Program Files\Java\jdk-11.0.3\bin\java.dll
0x00007fff2ac50000 - 0x00007fff2ac66000 	C:\Program Files\Java\jdk-11.0.3\bin\zip.dll
0x00007fff41920000 - 0x00007fff4192a000 	C:\Program Files\Java\jdk-11.0.3\bin\jimage.dll
0x00007fff46020000 - 0x00007fff47510000 	C:\WINDOWS\System32\SHELL32.dll
0x00007fff449c0000 - 0x00007fff44a68000 	C:\WINDOWS\System32\shcore.dll
0x00007fff43dd0000 - 0x00007fff4451a000 	C:\WINDOWS\System32\windows.storage.dll
0x00007fff43690000 - 0x00007fff436b4000 	C:\WINDOWS\System32\profapi.dll
0x00007fff43630000 - 0x00007fff4368d000 	C:\WINDOWS\System32\powrprof.dll
0x00007fff44bf0000 - 0x00007fff44c42000 	C:\WINDOWS\System32\shlwapi.dll
0x00007fff447b0000 - 0x00007fff447c7000 	C:\WINDOWS\System32\cryptsp.dll
0x00007fff2ac30000 - 0x00007fff2ac49000 	C:\Program Files\Java\jdk-11.0.3\bin\net.dll
0x00007fff38b10000 - 0x00007fff38ce7000 	C:\WINDOWS\SYSTEM32\urlmon.dll
0x00007fff3b640000 - 0x00007fff3b731000 	C:\WINDOWS\SYSTEM32\WINHTTP.dll
0x00007fff38840000 - 0x00007fff38ae8000 	C:\WINDOWS\SYSTEM32\iertutil.dll
0x00007fff43000000 - 0x00007fff4300c000 	C:\WINDOWS\SYSTEM32\CRYPTBASE.DLL
0x00007fff42e30000 - 0x00007fff42e97000 	C:\WINDOWS\system32\mswsock.dll
0x00007fff2ac10000 - 0x00007fff2ac23000 	C:\Program Files\Java\jdk-11.0.3\bin\nio.dll
0x00007fff31ca0000 - 0x00007fff31cbe000 	C:\Users\Rizwan\.gradle\native\25\windows-amd64\native-platform.dll
0x00007fff357d0000 - 0x00007fff357d9000 	C:\Program Files\Java\jdk-11.0.3\bin\management.dll
0x00007fff355a0000 - 0x00007fff355ac000 	C:\Program Files\Java\jdk-11.0.3\bin\management_ext.dll
0x00007fff429f0000 - 0x00007fff42a23000 	C:\WINDOWS\system32\rsaenh.dll
0x00007fff437c0000 - 0x00007fff437e6000 	C:\WINDOWS\System32\bcrypt.dll
0x00007fff43540000 - 0x00007fff43568000 	C:\WINDOWS\SYSTEM32\USERENV.dll
0x00007fff42b90000 - 0x00007fff42bcd000 	C:\WINDOWS\SYSTEM32\IPHLPAPI.DLL
0x00007fff45c40000 - 0x00007fff45c48000 	C:\WINDOWS\System32\NSI.dll
0x00007fff3e0e0000 - 0x00007fff3e0f6000 	C:\WINDOWS\SYSTEM32\dhcpcsvc6.DLL
0x00007fff3de90000 - 0x00007fff3deac000 	C:\WINDOWS\SYSTEM32\dhcpcsvc.DLL
0x00007fff42bd0000 - 0x00007fff42c96000 	C:\WINDOWS\SYSTEM32\DNSAPI.dll
0x00007fff1f060000 - 0x00007fff1f1ff000 	C:\Program Files\Java\jdk-11.0.3\bin\awt.dll
0x00007fff44b20000 - 0x00007fff44be4000 	C:\WINDOWS\System32\OLEAUT32.dll
0x00007fff40b50000 - 0x00007fff4110e000 	C:\WINDOWS\SYSTEM32\d2d1.dll
0x00007fff419f0000 - 0x00007fff41a7c000 	C:\WINDOWS\SYSTEM32\apphelp.dll
0x00007fff42060000 - 0x00007fff4208e000 	C:\WINDOWS\system32\DWMAPI.DLL
0x00007fff44520000 - 0x00007fff446fb000 	C:\WINDOWS\System32\CRYPT32.dll
0x00007fff436c0000 - 0x00007fff436d2000 	C:\WINDOWS\System32\MSASN1.dll
0x00007fff41c50000 - 0x00007fff41cec000 	C:\WINDOWS\system32\uxtheme.dll
0x00007fff31d00000 - 0x00007fff31d1e000 	C:\Users\Rizwan\AppData\Local\Temp\native-platform7007472250174465408dir\native-platform.dll
0x00007fff317f0000 - 0x00007fff317f7000 	C:\Program Files\Java\jdk-11.0.3\bin\rmi.dll
0x00007fff32790000 - 0x00007fff3279d000 	C:\Program Files\Java\jdk-11.0.3\bin\sunmscapi.dll
0x00007fff43100000 - 0x00007fff43126000 	C:\WINDOWS\SYSTEM32\ncrypt.dll
0x00007fff430c0000 - 0x00007fff430fc000 	C:\WINDOWS\SYSTEM32\NTASN1.dll
0x00007fff32760000 - 0x00007fff32787000 	C:\Program Files\Java\jdk-11.0.3\bin\sunec.dll
0x00007fff42700000 - 0x00007fff42731000 	C:\WINDOWS\SYSTEM32\ntmarta.dll

dbghelp: loaded successfully - version: 4.0.5 - missing functions: none
symbol engine: initialized successfully - sym options: 0x614 - pdb path: .;C:\Program Files\Java\jdk-11.0.3\bin;C:\WINDOWS\SYSTEM32;C:\WINDOWS\WinSxS\amd64_microsoft.windows.common-controls_6595b64144ccf1df_6.0.17763.557_none_05b63f68071e5b9f;C:\Program Files\Java\jdk-11.0.3\bin\server;C:\Users\Rizwan\.gradle\native\25\windows-amd64;C:\Users\Rizwan\AppData\Local\Temp\native-platform7007472250174465408dir

VM Arguments:
jvm_args: --add-opens=java.base/java.util=ALL-UNNAMED --add-opens=java.base/java.lang=ALL-UNNAMED --add-opens=java.base/java.lang.invoke=ALL-UNNAMED --add-opens=java.prefs/java.util.prefs=ALL-UNNAMED -Xmx1536m -Dfile.encoding=windows-1252 -Duser.country=US -Duser.language=en -Duser.variant 
java_command: org.gradle.launcher.daemon.bootstrap.GradleDaemon 5.1.1
java_class_path (initial): C:\Users\Rizwan\.gradle\wrapper\dists\gradle-5.1.1-all\97z1ksx6lirer3kbvdnh7jtjg\gradle-5.1.1\lib\gradle-launcher-5.1.1.jar
Launcher Type: SUN_STANDARD

[Global flags]
     intx CICompilerCount                          = 3                                         {product} {ergonomic}
     uint ConcGCThreads                            = 2                                         {product} {ergonomic}
     uint G1ConcRefinementThreads                  = 6                                         {product} {ergonomic}
   size_t G1HeapRegionSize                         = 1048576                                   {product} {ergonomic}
    uintx GCDrainStackTargetSize                   = 64                                        {product} {ergonomic}
   size_t InitialHeapSize                          = 253755392                                 {product} {ergonomic}
   size_t MarkStackSize                            = 4194304                                   {product} {ergonomic}
   size_t MaxHeapSize                              = 1610612736                                {product} {command line}
   size_t MaxNewSize                               = 965738496                                 {product} {ergonomic}
   size_t MinHeapDeltaBytes                        = 1048576                                   {product} {ergonomic}
    uintx NonNMethodCodeHeapSize                   = 5830092                                {pd product} {ergonomic}
    uintx NonProfiledCodeHeapSize                  = 122914074                              {pd product} {ergonomic}
    uintx ProfiledCodeHeapSize                     = 122914074                              {pd product} {ergonomic}
    uintx ReservedCodeCacheSize                    = 251658240                              {pd product} {ergonomic}
     bool SegmentedCodeCache                       = true                                      {product} {ergonomic}
     bool UseCompressedClassPointers               = true                                 {lp64_product} {ergonomic}
     bool UseCompressedOops                        = true                                 {lp64_product} {ergonomic}
     bool UseG1GC                                  = true                                      {product} {ergonomic}
     bool UseLargePagesIndividualAllocation        = false                                  {pd product} {ergonomic}

Logging:
Log output configuration:
 #0: stdout all=warning uptime,level,tags
 #1: stderr all=off uptime,level,tags

Environment Variables:
JAVA_HOME=C:\Program Files\Java\jdk-12.0.1
PATH=C:\oraclexe\app\oracle\product\10.2.0\server\bin;C:\Program Files (x86)\Common Files\Oracle\Java\javapath;C:\WINDOWS\system32;C:\WINDOWS;C:\WINDOWS\System32\Wbem;C:\WINDOWS\System32\WindowsPowerShell\v1.0\;C:\WINDOWS\System32\OpenSSH\;C:\Program Files (x86)\NVIDIA Corporation\PhysX\Common;C:\Program Files\LLVM\bin;C:\Program Files\Git\cmd;C:\Program Files\MySQL\MySQL Shell 8.0\bin\;C:\Users\Rizwan\AppData\Local\GitHubDesktop\bin;C:\Users\Rizwan\Anaconda3;C:\Program Files\Java\jdk-12.0.1\bin;
USERNAME=Rizwan
OS=Windows_NT
PROCESSOR_IDENTIFIER=Intel64 Family 6 Model 158 Stepping 10, GenuineIntel



---------------  S Y S T E M  ---------------

OS: Windows 10 , 64 bit Build 17763 (10.0.17763.475)

CPU:total 6 (initial active 6) (6 cores per cpu, 1 threads per core) family 6 model 158 stepping 10, cmov, cx8, fxsr, mmx, sse, sse2, sse3, ssse3, sse4.1, sse4.2, popcnt, avx, avx2, aes, clmul, erms, 3dnowpref, lzcnt, tsc, tscinvbit, bmi1, bmi2, adx, fma

Memory: 4k page, system-wide physical 15370M (10664M free)
TotalPageFile size 19722M (AvailPageFile size 12816M)
current process WorkingSet (physical memory assigned to process): 560M, peak: 568M
current process commit charge ("private bytes"): 600M, peak: 630M

vm_info: Java HotSpot(TM) 64-Bit Server VM (11.0.3+12-LTS) for windows-amd64 JRE (11.0.3+12-LTS), built on Apr  2 2019 12:43:09 by "mach5one" with MS VC++ 15.5 (VS2017)

END.
